mode: set
github.com/microsoft/mssql-operator/cmd/ag-helper/main.go:60.65,61.16 1 0
github.com/microsoft/mssql-operator/cmd/ag-helper/main.go:61.16,63.3 1 0
github.com/microsoft/mssql-operator/cmd/ag-helper/main.go:64.2,64.21 1 0
github.com/microsoft/mssql-operator/cmd/ag-helper/main.go:64.21,66.3 1 0
github.com/microsoft/mssql-operator/cmd/ag-helper/main.go:67.2,67.45 1 0
github.com/microsoft/mssql-operator/cmd/ag-helper/main.go:67.45,69.3 1 0
github.com/microsoft/mssql-operator/cmd/ag-helper/main.go:70.2,70.12 1 0
github.com/microsoft/mssql-operator/cmd/ag-helper/main.go:75.48,76.16 1 0
github.com/microsoft/mssql-operator/cmd/ag-helper/main.go:76.16,78.3 1 0
github.com/microsoft/mssql-operator/cmd/ag-helper/main.go:80.2,80.45 1 0
github.com/microsoft/mssql-operator/cmd/ag-helper/main.go:80.45,83.3 2 0
github.com/microsoft/mssql-operator/cmd/ag-helper/main.go:85.2,86.28 2 0
github.com/microsoft/mssql-operator/cmd/ag-helper/main.go:90.50,91.22 1 0
github.com/microsoft/mssql-operator/cmd/ag-helper/main.go:91.22,93.3 1 0
github.com/microsoft/mssql-operator/cmd/ag-helper/main.go:94.2,94.27 1 0
github.com/microsoft/mssql-operator/cmd/ag-helper/main.go:164.110,177.2 1 0
github.com/microsoft/mssql-operator/cmd/ag-helper/main.go:180.55,182.16 2 0
github.com/microsoft/mssql-operator/cmd/ag-helper/main.go:182.16,184.3 1 0
github.com/microsoft/mssql-operator/cmd/ag-helper/main.go:186.2,194.44 6 0
github.com/microsoft/mssql-operator/cmd/ag-helper/main.go:194.44,196.3 1 0
github.com/microsoft/mssql-operator/cmd/ag-helper/main.go:198.2,200.12 3 0
github.com/microsoft/mssql-operator/cmd/ag-helper/main.go:204.91,212.16 3 0
github.com/microsoft/mssql-operator/cmd/ag-helper/main.go:212.16,214.3 1 0
github.com/microsoft/mssql-operator/cmd/ag-helper/main.go:215.2,220.16 4 0
github.com/microsoft/mssql-operator/cmd/ag-helper/main.go:220.16,222.3 1 0
github.com/microsoft/mssql-operator/cmd/ag-helper/main.go:223.2,227.16 3 0
github.com/microsoft/mssql-operator/cmd/ag-helper/main.go:227.16,229.3 1 0
github.com/microsoft/mssql-operator/cmd/ag-helper/main.go:230.2,234.16 3 0
github.com/microsoft/mssql-operator/cmd/ag-helper/main.go:234.16,236.3 1 0
github.com/microsoft/mssql-operator/cmd/ag-helper/main.go:237.2,243.35 3 0
github.com/microsoft/mssql-operator/cmd/ag-helper/main.go:243.35,244.16 1 0
github.com/microsoft/mssql-operator/cmd/ag-helper/main.go:244.16,247.9 3 0
github.com/microsoft/mssql-operator/cmd/ag-helper/main.go:251.2,251.19 1 0
github.com/microsoft/mssql-operator/cmd/ag-helper/main.go:255.85,267.16 4 0
github.com/microsoft/mssql-operator/cmd/ag-helper/main.go:267.16,268.27 1 0
github.com/microsoft/mssql-operator/cmd/ag-helper/main.go:268.27,270.4 1 0
github.com/microsoft/mssql-operator/cmd/ag-helper/main.go:271.3,271.31 1 0
github.com/microsoft/mssql-operator/cmd/ag-helper/main.go:274.2,274.30 1 0
github.com/microsoft/mssql-operator/cmd/ag-helper/main.go:278.94,288.16 4 0
github.com/microsoft/mssql-operator/cmd/ag-helper/main.go:288.16,290.3 1 0
github.com/microsoft/mssql-operator/cmd/ag-helper/main.go:292.2,292.18 1 0
github.com/microsoft/mssql-operator/cmd/ag-helper/main.go:292.18,294.3 1 0
github.com/microsoft/mssql-operator/cmd/ag-helper/main.go:295.2,295.15 1 0
github.com/microsoft/mssql-operator/cmd/ag-helper/main.go:299.102,319.16 3 0
github.com/microsoft/mssql-operator/cmd/ag-helper/main.go:319.16,321.3 1 0
github.com/microsoft/mssql-operator/cmd/ag-helper/main.go:322.2,325.18 3 0
github.com/microsoft/mssql-operator/cmd/ag-helper/main.go:325.18,338.17 4 0
github.com/microsoft/mssql-operator/cmd/ag-helper/main.go:338.17,340.12 2 0
github.com/microsoft/mssql-operator/cmd/ag-helper/main.go:343.3,343.21 1 0
github.com/microsoft/mssql-operator/cmd/ag-helper/main.go:344.18,345.46 1 0
github.com/microsoft/mssql-operator/cmd/ag-helper/main.go:346.28,347.47 1 0
github.com/microsoft/mssql-operator/cmd/ag-helper/main.go:348.11,349.50 1 0
github.com/microsoft/mssql-operator/cmd/ag-helper/main.go:352.3,353.33 2 0
github.com/microsoft/mssql-operator/cmd/ag-helper/main.go:356.2,356.22 1 0
github.com/microsoft/mssql-operator/cmd/ag-helper/main.go:360.104,378.16 3 0
github.com/microsoft/mssql-operator/cmd/ag-helper/main.go:378.16,380.3 1 0
github.com/microsoft/mssql-operator/cmd/ag-helper/main.go:381.2,384.18 3 0
github.com/microsoft/mssql-operator/cmd/ag-helper/main.go:384.18,397.17 4 0
github.com/microsoft/mssql-operator/cmd/ag-helper/main.go:397.17,399.12 2 0
github.com/microsoft/mssql-operator/cmd/ag-helper/main.go:402.3,403.35 2 0
github.com/microsoft/mssql-operator/cmd/ag-helper/main.go:406.2,406.23 1 0
github.com/microsoft/mssql-operator/cmd/ag-helper/main.go:411.65,423.16 4 0
github.com/microsoft/mssql-operator/cmd/ag-helper/main.go:423.16,424.27 1 0
github.com/microsoft/mssql-operator/cmd/ag-helper/main.go:424.27,426.4 1 0
github.com/microsoft/mssql-operator/cmd/ag-helper/main.go:427.3,427.31 1 0
github.com/microsoft/mssql-operator/cmd/ag-helper/main.go:430.2,430.30 1 0
github.com/microsoft/mssql-operator/cmd/ag-helper/main.go:436.74,446.16 4 0
github.com/microsoft/mssql-operator/cmd/ag-helper/main.go:446.16,448.3 1 0
github.com/microsoft/mssql-operator/cmd/ag-helper/main.go:450.2,450.18 1 0
github.com/microsoft/mssql-operator/cmd/ag-helper/main.go:450.18,452.3 1 0
github.com/microsoft/mssql-operator/cmd/ag-helper/main.go:453.2,453.15 1 0
github.com/microsoft/mssql-operator/cmd/ag-helper/main.go:457.70,465.16 3 0
github.com/microsoft/mssql-operator/cmd/ag-helper/main.go:465.16,467.3 1 0
github.com/microsoft/mssql-operator/cmd/ag-helper/main.go:468.2,473.16 4 0
github.com/microsoft/mssql-operator/cmd/ag-helper/main.go:473.16,475.3 1 0
github.com/microsoft/mssql-operator/cmd/ag-helper/main.go:476.2,480.16 3 0
github.com/microsoft/mssql-operator/cmd/ag-helper/main.go:480.16,482.3 1 0
github.com/microsoft/mssql-operator/cmd/ag-helper/main.go:483.2,487.16 3 0
github.com/microsoft/mssql-operator/cmd/ag-helper/main.go:487.16,489.3 1 0
github.com/microsoft/mssql-operator/cmd/ag-helper/main.go:490.2,496.35 3 0
github.com/microsoft/mssql-operator/cmd/ag-helper/main.go:496.35,497.16 1 0
github.com/microsoft/mssql-operator/cmd/ag-helper/main.go:497.16,500.9 3 0
github.com/microsoft/mssql-operator/cmd/ag-helper/main.go:504.2,504.19 1 0
github.com/microsoft/mssql-operator/cmd/ag-helper/main.go:508.82,528.16 3 0
github.com/microsoft/mssql-operator/cmd/ag-helper/main.go:528.16,530.3 1 0
github.com/microsoft/mssql-operator/cmd/ag-helper/main.go:531.2,534.18 3 0
github.com/microsoft/mssql-operator/cmd/ag-helper/main.go:534.18,547.17 4 0
github.com/microsoft/mssql-operator/cmd/ag-helper/main.go:547.17,549.12 2 0
github.com/microsoft/mssql-operator/cmd/ag-helper/main.go:553.3,553.21 1 0
github.com/microsoft/mssql-operator/cmd/ag-helper/main.go:554.18,555.46 1 0
github.com/microsoft/mssql-operator/cmd/ag-helper/main.go:556.28,557.47 1 0
github.com/microsoft/mssql-operator/cmd/ag-helper/main.go:558.11,559.50 1 0
github.com/microsoft/mssql-operator/cmd/ag-helper/main.go:562.3,563.33 2 0
github.com/microsoft/mssql-operator/cmd/ag-helper/main.go:566.2,566.22 1 0
github.com/microsoft/mssql-operator/cmd/ag-helper/main.go:570.84,588.16 3 0
github.com/microsoft/mssql-operator/cmd/ag-helper/main.go:588.16,590.3 1 0
github.com/microsoft/mssql-operator/cmd/ag-helper/main.go:591.2,594.18 3 0
github.com/microsoft/mssql-operator/cmd/ag-helper/main.go:594.18,607.17 4 0
github.com/microsoft/mssql-operator/cmd/ag-helper/main.go:607.17,609.12 2 0
github.com/microsoft/mssql-operator/cmd/ag-helper/main.go:612.3,613.35 2 0
github.com/microsoft/mssql-operator/cmd/ag-helper/main.go:616.2,616.23 1 0
github.com/microsoft/mssql-operator/cmd/ag-helper/main.go:620.59,623.36 1 0
github.com/microsoft/mssql-operator/cmd/ag-helper/main.go:623.36,625.31 1 0
github.com/microsoft/mssql-operator/cmd/ag-helper/main.go:625.31,627.4 1 0
github.com/microsoft/mssql-operator/cmd/ag-helper/main.go:628.3,628.20 1 0
github.com/microsoft/mssql-operator/cmd/ag-helper/main.go:631.2,632.35 2 0
github.com/microsoft/mssql-operator/cmd/ag-helper/main.go:632.35,633.50 1 0
github.com/microsoft/mssql-operator/cmd/ag-helper/main.go:633.50,635.4 1 0
github.com/microsoft/mssql-operator/cmd/ag-helper/main.go:638.2,638.22 1 0
github.com/microsoft/mssql-operator/cmd/ag-helper/main.go:638.22,640.56 1 0
github.com/microsoft/mssql-operator/cmd/ag-helper/main.go:640.56,642.4 1 0
github.com/microsoft/mssql-operator/cmd/ag-helper/main.go:643.3,643.20 1 0
github.com/microsoft/mssql-operator/cmd/ag-helper/main.go:645.2,645.39 1 0
github.com/microsoft/mssql-operator/cmd/ag-helper/main.go:645.39,647.3 1 0
github.com/microsoft/mssql-operator/cmd/ag-helper/main.go:648.2,648.18 1 0
github.com/microsoft/mssql-operator/cmd/ag-helper/main.go:653.76,655.67 1 0
github.com/microsoft/mssql-operator/cmd/ag-helper/main.go:655.67,657.3 1 0
github.com/microsoft/mssql-operator/cmd/ag-helper/main.go:659.2,660.16 2 0
github.com/microsoft/mssql-operator/cmd/ag-helper/main.go:660.16,662.3 1 0
github.com/microsoft/mssql-operator/cmd/ag-helper/main.go:664.2,664.25 1 0
github.com/microsoft/mssql-operator/cmd/ag-helper/main.go:664.25,667.3 2 0
github.com/microsoft/mssql-operator/cmd/ag-helper/main.go:670.2,671.22 2 0
github.com/microsoft/mssql-operator/cmd/ag-helper/main.go:671.22,673.3 1 0
github.com/microsoft/mssql-operator/cmd/ag-helper/main.go:675.2,676.19 2 0
github.com/microsoft/mssql-operator/cmd/ag-helper/main.go:676.19,680.3 2 0
github.com/microsoft/mssql-operator/cmd/ag-helper/main.go:680.8,684.3 2 0
github.com/microsoft/mssql-operator/cmd/ag-helper/main.go:686.2,687.16 2 0
github.com/microsoft/mssql-operator/cmd/ag-helper/main.go:687.16,689.3 1 0
github.com/microsoft/mssql-operator/cmd/ag-helper/main.go:691.2,692.12 2 0
github.com/microsoft/mssql-operator/cmd/ag-helper/main.go:696.53,703.6 5 0
github.com/microsoft/mssql-operator/cmd/ag-helper/main.go:703.6,704.10 1 0
github.com/microsoft/mssql-operator/cmd/ag-helper/main.go:705.21,706.10 1 0
github.com/microsoft/mssql-operator/cmd/ag-helper/main.go:707.19,708.10 1 0
github.com/microsoft/mssql-operator/cmd/ag-helper/main.go:709.19,710.51 1 0
github.com/microsoft/mssql-operator/cmd/ag-helper/main.go:716.93,718.16 2 0
github.com/microsoft/mssql-operator/cmd/ag-helper/main.go:718.16,721.3 2 0
github.com/microsoft/mssql-operator/cmd/ag-helper/main.go:723.2,728.31 4 0
github.com/microsoft/mssql-operator/cmd/ag-helper/main.go:728.31,731.30 2 0
github.com/microsoft/mssql-operator/cmd/ag-helper/main.go:731.30,733.4 1 0
github.com/microsoft/mssql-operator/cmd/ag-helper/main.go:734.8,737.34 2 0
github.com/microsoft/mssql-operator/cmd/ag-helper/main.go:737.34,740.4 1 0
github.com/microsoft/mssql-operator/cmd/ag-helper/main.go:740.9,743.4 1 0
github.com/microsoft/mssql-operator/cmd/ag-helper/main.go:745.2,745.28 1 0
github.com/microsoft/mssql-operator/cmd/ag-helper/main.go:751.73,760.24 4 0
github.com/microsoft/mssql-operator/cmd/ag-helper/main.go:761.39,762.31 1 0
github.com/microsoft/mssql-operator/cmd/ag-helper/main.go:763.10,764.47 1 0
github.com/microsoft/mssql-operator/cmd/ag-helper/main.go:767.2,770.4 1 0
github.com/microsoft/mssql-operator/cmd/ag-helper/main.go:774.72,780.2 4 0
github.com/microsoft/mssql-operator/cmd/ag-helper/main.go:784.72,792.24 4 0
github.com/microsoft/mssql-operator/cmd/ag-helper/main.go:793.28,794.31 1 0
github.com/microsoft/mssql-operator/cmd/ag-helper/main.go:795.10,796.47 1 0
github.com/microsoft/mssql-operator/cmd/ag-helper/main.go:799.2,803.4 1 0
github.com/microsoft/mssql-operator/cmd/ag-helper/main.go:807.71,817.2 4 0
github.com/microsoft/mssql-operator/cmd/ag-helper/main.go:820.75,821.33 1 0
github.com/microsoft/mssql-operator/cmd/ag-helper/main.go:821.33,824.3 2 0
github.com/microsoft/mssql-operator/cmd/ag-helper/main.go:826.2,827.61 2 0
github.com/microsoft/mssql-operator/cmd/ag-helper/main.go:827.61,830.3 2 0
github.com/microsoft/mssql-operator/cmd/ag-helper/main.go:832.2,835.59 3 0
github.com/microsoft/mssql-operator/cmd/ag-helper/main.go:835.59,839.3 3 0
github.com/microsoft/mssql-operator/cmd/ag-helper/main.go:841.2,844.4 2 0
github.com/microsoft/mssql-operator/cmd/ag-helper/main.go:848.75,857.2 4 0
github.com/microsoft/mssql-operator/cmd/ag-helper/main.go:860.63,878.12 11 0
github.com/microsoft/mssql-operator/cmd/ag-helper/main.go:878.12,883.3 4 0
github.com/microsoft/mssql-operator/cmd/ag-helper/main.go:885.2,886.32 2 0
github.com/microsoft/mssql-operator/cmd/ag-helper/main.go:890.27,892.17 2 0
github.com/microsoft/mssql-operator/cmd/ag-helper/main.go:892.17,894.3 1 0
github.com/microsoft/mssql-operator/cmd/ag-helper/main.go:900.70,901.42 1 0
github.com/microsoft/mssql-operator/cmd/ag-helper/main.go:901.42,903.3 1 0
github.com/microsoft/mssql-operator/cmd/ag-helper/main.go:904.2,904.43 1 0
github.com/microsoft/mssql-operator/cmd/ag-helper/main.go:904.43,906.3 1 0
github.com/microsoft/mssql-operator/cmd/ag-helper/main.go:907.2,907.19 1 0
github.com/microsoft/mssql-operator/cmd/ag-helper/main.go:912.43,914.84 1 0
github.com/microsoft/mssql-operator/cmd/ag-helper/main.go:914.84,916.23 2 0
github.com/microsoft/mssql-operator/cmd/ag-helper/main.go:916.23,918.4 1 0
github.com/microsoft/mssql-operator/cmd/ag-helper/main.go:919.8,919.43 1 0
github.com/microsoft/mssql-operator/cmd/ag-helper/main.go:919.43,921.3 1 0
github.com/microsoft/mssql-operator/cmd/ag-helper/main.go:924.2,924.22 1 0
github.com/microsoft/mssql-operator/cmd/ag-helper/main.go:924.22,926.3 1 0
github.com/microsoft/mssql-operator/cmd/ag-helper/main.go:929.13,955.18 12 0
github.com/microsoft/mssql-operator/cmd/ag-helper/main.go:955.18,957.3 1 0
github.com/microsoft/mssql-operator/cmd/ag-helper/main.go:958.2,958.23 1 0
github.com/microsoft/mssql-operator/cmd/ag-helper/main.go:958.23,960.3 1 0
github.com/microsoft/mssql-operator/cmd/ag-helper/main.go:963.2,978.26 8 0
github.com/microsoft/mssql-operator/cmd/ag-helper/main.go:978.26,979.45 1 0
github.com/microsoft/mssql-operator/cmd/ag-helper/main.go:979.45,982.12 3 0
github.com/microsoft/mssql-operator/cmd/ag-helper/main.go:984.3,984.8 1 0
github.com/microsoft/mssql-operator/cmd/ag-helper/main.go:987.2,987.22 1 0
github.com/microsoft/mssql-operator/cmd/ag-helper/main.go:987.22,989.3 1 0
github.com/microsoft/mssql-operator/cmd/ag-helper/main.go:992.2,995.12 2 0
github.com/microsoft/mssql-operator/cmd/ag-helper/main.go:995.12,996.70 1 0
github.com/microsoft/mssql-operator/cmd/ag-helper/main.go:996.70,998.4 1 0
github.com/microsoft/mssql-operator/cmd/ag-helper/main.go:1001.2,1010.32 6 0
github.com/microsoft/mssql-operator/internal/controller/sqlserver/sqlserver_controller.go:70.101,75.66 3 0
github.com/microsoft/mssql-operator/internal/controller/sqlserver/sqlserver_controller.go:75.66,76.29 1 0
github.com/microsoft/mssql-operator/internal/controller/sqlserver/sqlserver_controller.go:76.29,79.4 2 0
github.com/microsoft/mssql-operator/internal/controller/sqlserver/sqlserver_controller.go:80.3,81.28 2 0
github.com/microsoft/mssql-operator/internal/controller/sqlserver/sqlserver_controller.go:85.2,85.43 1 0
github.com/microsoft/mssql-operator/internal/controller/sqlserver/sqlserver_controller.go:85.43,87.3 1 0
github.com/microsoft/mssql-operator/internal/controller/sqlserver/sqlserver_controller.go:90.2,90.63 1 0
github.com/microsoft/mssql-operator/internal/controller/sqlserver/sqlserver_controller.go:90.63,92.50 2 0
github.com/microsoft/mssql-operator/internal/controller/sqlserver/sqlserver_controller.go:92.50,94.4 1 0
github.com/microsoft/mssql-operator/internal/controller/sqlserver/sqlserver_controller.go:98.2,98.73 1 0
github.com/microsoft/mssql-operator/internal/controller/sqlserver/sqlserver_controller.go:98.73,99.67 1 0
github.com/microsoft/mssql-operator/internal/controller/sqlserver/sqlserver_controller.go:99.67,101.4 1 0
github.com/microsoft/mssql-operator/internal/controller/sqlserver/sqlserver_controller.go:105.2,105.61 1 0
github.com/microsoft/mssql-operator/internal/controller/sqlserver/sqlserver_controller.go:105.61,108.3 2 0
github.com/microsoft/mssql-operator/internal/controller/sqlserver/sqlserver_controller.go:111.2,111.59 1 0
github.com/microsoft/mssql-operator/internal/controller/sqlserver/sqlserver_controller.go:111.59,114.3 2 0
github.com/microsoft/mssql-operator/internal/controller/sqlserver/sqlserver_controller.go:117.2,118.16 2 0
github.com/microsoft/mssql-operator/internal/controller/sqlserver/sqlserver_controller.go:118.16,121.3 2 0
github.com/microsoft/mssql-operator/internal/controller/sqlserver/sqlserver_controller.go:125.2,126.68 2 0
github.com/microsoft/mssql-operator/internal/controller/sqlserver/sqlserver_controller.go:126.68,128.3 1 0
github.com/microsoft/mssql-operator/internal/controller/sqlserver/sqlserver_controller.go:131.2,131.57 1 0
github.com/microsoft/mssql-operator/internal/controller/sqlserver/sqlserver_controller.go:135.113,150.84 3 0
github.com/microsoft/mssql-operator/internal/controller/sqlserver/sqlserver_controller.go:150.84,152.3 1 0
github.com/microsoft/mssql-operator/internal/controller/sqlserver/sqlserver_controller.go:155.2,157.42 3 0
github.com/microsoft/mssql-operator/internal/controller/sqlserver/sqlserver_controller.go:157.42,160.3 2 0
github.com/microsoft/mssql-operator/internal/controller/sqlserver/sqlserver_controller.go:160.8,160.23 1 0
github.com/microsoft/mssql-operator/internal/controller/sqlserver/sqlserver_controller.go:160.23,162.3 1 0
github.com/microsoft/mssql-operator/internal/controller/sqlserver/sqlserver_controller.go:165.2,166.29 2 0
github.com/microsoft/mssql-operator/internal/controller/sqlserver/sqlserver_controller.go:170.92,172.90 2 0
github.com/microsoft/mssql-operator/internal/controller/sqlserver/sqlserver_controller.go:172.90,174.3 1 0
github.com/microsoft/mssql-operator/internal/controller/sqlserver/sqlserver_controller.go:174.8,176.3 1 0
github.com/microsoft/mssql-operator/internal/controller/sqlserver/sqlserver_controller.go:178.2,179.89 2 0
github.com/microsoft/mssql-operator/internal/controller/sqlserver/sqlserver_controller.go:179.89,181.3 1 0
github.com/microsoft/mssql-operator/internal/controller/sqlserver/sqlserver_controller.go:181.8,183.3 1 0
github.com/microsoft/mssql-operator/internal/controller/sqlserver/sqlserver_controller.go:185.2,186.43 2 0
github.com/microsoft/mssql-operator/internal/controller/sqlserver/sqlserver_controller.go:186.43,188.3 1 0
github.com/microsoft/mssql-operator/internal/controller/sqlserver/sqlserver_controller.go:188.8,190.3 1 0
github.com/microsoft/mssql-operator/internal/controller/sqlserver/sqlserver_controller.go:193.2,193.98 1 0
github.com/microsoft/mssql-operator/internal/controller/sqlserver/sqlserver_controller.go:193.98,196.3 2 0
github.com/microsoft/mssql-operator/internal/controller/sqlserver/sqlserver_controller.go:199.2,199.99 1 0
github.com/microsoft/mssql-operator/internal/controller/sqlserver/sqlserver_controller.go:199.99,201.3 1 0
github.com/microsoft/mssql-operator/internal/controller/sqlserver/sqlserver_controller.go:203.2,203.13 1 0
github.com/microsoft/mssql-operator/internal/controller/sqlserver/sqlserver_controller.go:207.111,230.90 3 0
github.com/microsoft/mssql-operator/internal/controller/sqlserver/sqlserver_controller.go:230.90,232.3 1 0
github.com/microsoft/mssql-operator/internal/controller/sqlserver/sqlserver_controller.go:234.2,236.42 3 0
github.com/microsoft/mssql-operator/internal/controller/sqlserver/sqlserver_controller.go:236.42,238.56 2 0
github.com/microsoft/mssql-operator/internal/controller/sqlserver/sqlserver_controller.go:238.56,240.4 1 0
github.com/microsoft/mssql-operator/internal/controller/sqlserver/sqlserver_controller.go:241.8,241.23 1 0
github.com/microsoft/mssql-operator/internal/controller/sqlserver/sqlserver_controller.go:241.23,243.3 1 0
github.com/microsoft/mssql-operator/internal/controller/sqlserver/sqlserver_controller.go:246.2,246.35 1 0
github.com/microsoft/mssql-operator/internal/controller/sqlserver/sqlserver_controller.go:246.35,267.45 2 0
github.com/microsoft/mssql-operator/internal/controller/sqlserver/sqlserver_controller.go:267.45,269.4 1 0
github.com/microsoft/mssql-operator/internal/controller/sqlserver/sqlserver_controller.go:270.3,270.50 1 0
github.com/microsoft/mssql-operator/internal/controller/sqlserver/sqlserver_controller.go:270.50,272.4 1 0
github.com/microsoft/mssql-operator/internal/controller/sqlserver/sqlserver_controller.go:274.3,274.89 1 0
github.com/microsoft/mssql-operator/internal/controller/sqlserver/sqlserver_controller.go:274.89,276.4 1 0
github.com/microsoft/mssql-operator/internal/controller/sqlserver/sqlserver_controller.go:278.3,280.43 3 0
github.com/microsoft/mssql-operator/internal/controller/sqlserver/sqlserver_controller.go:280.43,282.55 2 0
github.com/microsoft/mssql-operator/internal/controller/sqlserver/sqlserver_controller.go:282.55,284.5 1 0
github.com/microsoft/mssql-operator/internal/controller/sqlserver/sqlserver_controller.go:285.9,285.24 1 0
github.com/microsoft/mssql-operator/internal/controller/sqlserver/sqlserver_controller.go:285.24,287.4 1 0
github.com/microsoft/mssql-operator/internal/controller/sqlserver/sqlserver_controller.go:290.2,290.12 1 0
github.com/microsoft/mssql-operator/internal/controller/sqlserver/sqlserver_controller.go:294.130,302.78 4 0
github.com/microsoft/mssql-operator/internal/controller/sqlserver/sqlserver_controller.go:302.78,304.3 1 0
github.com/microsoft/mssql-operator/internal/controller/sqlserver/sqlserver_controller.go:306.2,308.42 3 0
github.com/microsoft/mssql-operator/internal/controller/sqlserver/sqlserver_controller.go:308.42,311.44 3 0
github.com/microsoft/mssql-operator/internal/controller/sqlserver/sqlserver_controller.go:311.44,313.4 1 0
github.com/microsoft/mssql-operator/internal/controller/sqlserver/sqlserver_controller.go:314.3,314.58 1 0
github.com/microsoft/mssql-operator/internal/controller/sqlserver/sqlserver_controller.go:315.8,315.23 1 0
github.com/microsoft/mssql-operator/internal/controller/sqlserver/sqlserver_controller.go:315.23,317.3 1 0
github.com/microsoft/mssql-operator/internal/controller/sqlserver/sqlserver_controller.go:320.2,320.78 1 0
github.com/microsoft/mssql-operator/internal/controller/sqlserver/sqlserver_controller.go:320.78,328.46 5 0
github.com/microsoft/mssql-operator/internal/controller/sqlserver/sqlserver_controller.go:328.46,330.4 1 0
github.com/microsoft/mssql-operator/internal/controller/sqlserver/sqlserver_controller.go:331.3,331.58 1 0
github.com/microsoft/mssql-operator/internal/controller/sqlserver/sqlserver_controller.go:334.2,334.27 1 0
github.com/microsoft/mssql-operator/internal/controller/sqlserver/sqlserver_controller.go:338.107,340.54 1 0
github.com/microsoft/mssql-operator/internal/controller/sqlserver/sqlserver_controller.go:340.54,342.3 1 0
github.com/microsoft/mssql-operator/internal/controller/sqlserver/sqlserver_controller.go:345.2,345.102 1 0
github.com/microsoft/mssql-operator/internal/controller/sqlserver/sqlserver_controller.go:345.102,346.103 1 0
github.com/microsoft/mssql-operator/internal/controller/sqlserver/sqlserver_controller.go:346.103,350.4 1 0
github.com/microsoft/mssql-operator/internal/controller/sqlserver/sqlserver_controller.go:354.2,354.102 1 0
github.com/microsoft/mssql-operator/internal/controller/sqlserver/sqlserver_controller.go:354.102,359.67 3 0
github.com/microsoft/mssql-operator/internal/controller/sqlserver/sqlserver_controller.go:359.67,361.4 1 0
github.com/microsoft/mssql-operator/internal/controller/sqlserver/sqlserver_controller.go:364.2,364.18 1 0
github.com/microsoft/mssql-operator/internal/controller/sqlserver/sqlserver_controller.go:369.172,372.19 3 0
github.com/microsoft/mssql-operator/internal/controller/sqlserver/sqlserver_controller.go:372.19,374.3 1 0
github.com/microsoft/mssql-operator/internal/controller/sqlserver/sqlserver_controller.go:377.2,391.52 6 0
github.com/microsoft/mssql-operator/internal/controller/sqlserver/sqlserver_controller.go:391.52,393.3 1 0
github.com/microsoft/mssql-operator/internal/controller/sqlserver/sqlserver_controller.go:396.2,419.85 2 0
github.com/microsoft/mssql-operator/internal/controller/sqlserver/sqlserver_controller.go:419.85,424.57 2 0
github.com/microsoft/mssql-operator/internal/controller/sqlserver/sqlserver_controller.go:424.57,429.4 1 0
github.com/microsoft/mssql-operator/internal/controller/sqlserver/sqlserver_controller.go:433.2,451.48 3 0
github.com/microsoft/mssql-operator/internal/controller/sqlserver/sqlserver_controller.go:451.48,455.3 1 0
github.com/microsoft/mssql-operator/internal/controller/sqlserver/sqlserver_controller.go:456.2,456.51 1 0
github.com/microsoft/mssql-operator/internal/controller/sqlserver/sqlserver_controller.go:456.51,460.3 1 0
github.com/microsoft/mssql-operator/internal/controller/sqlserver/sqlserver_controller.go:461.2,461.51 1 0
github.com/microsoft/mssql-operator/internal/controller/sqlserver/sqlserver_controller.go:461.51,465.3 1 0
github.com/microsoft/mssql-operator/internal/controller/sqlserver/sqlserver_controller.go:468.2,503.75 2 0
github.com/microsoft/mssql-operator/internal/controller/sqlserver/sqlserver_controller.go:503.75,505.26 2 0
github.com/microsoft/mssql-operator/internal/controller/sqlserver/sqlserver_controller.go:505.26,507.26 1 0
github.com/microsoft/mssql-operator/internal/controller/sqlserver/sqlserver_controller.go:507.26,509.5 1 0
github.com/microsoft/mssql-operator/internal/controller/sqlserver/sqlserver_controller.go:509.10,511.5 1 0
github.com/microsoft/mssql-operator/internal/controller/sqlserver/sqlserver_controller.go:513.3,514.24 2 0
github.com/microsoft/mssql-operator/internal/controller/sqlserver/sqlserver_controller.go:514.24,516.4 1 0
github.com/microsoft/mssql-operator/internal/controller/sqlserver/sqlserver_controller.go:518.3,541.5 1 0
github.com/microsoft/mssql-operator/internal/controller/sqlserver/sqlserver_controller.go:545.2,555.48 2 0
github.com/microsoft/mssql-operator/internal/controller/sqlserver/sqlserver_controller.go:555.48,560.3 1 0
github.com/microsoft/mssql-operator/internal/controller/sqlserver/sqlserver_controller.go:561.2,561.51 1 0
github.com/microsoft/mssql-operator/internal/controller/sqlserver/sqlserver_controller.go:561.51,566.3 1 0
github.com/microsoft/mssql-operator/internal/controller/sqlserver/sqlserver_controller.go:567.2,567.51 1 0
github.com/microsoft/mssql-operator/internal/controller/sqlserver/sqlserver_controller.go:567.51,572.3 1 0
github.com/microsoft/mssql-operator/internal/controller/sqlserver/sqlserver_controller.go:574.2,606.12 2 0
github.com/microsoft/mssql-operator/internal/controller/sqlserver/sqlserver_controller.go:610.107,612.22 2 0
github.com/microsoft/mssql-operator/internal/controller/sqlserver/sqlserver_controller.go:612.22,614.3 1 0
github.com/microsoft/mssql-operator/internal/controller/sqlserver/sqlserver_controller.go:616.2,625.29 2 0
github.com/microsoft/mssql-operator/internal/controller/sqlserver/sqlserver_controller.go:625.29,627.3 1 0
github.com/microsoft/mssql-operator/internal/controller/sqlserver/sqlserver_controller.go:628.2,628.25 1 0
github.com/microsoft/mssql-operator/internal/controller/sqlserver/sqlserver_controller.go:628.25,630.3 1 0
github.com/microsoft/mssql-operator/internal/controller/sqlserver/sqlserver_controller.go:632.2,632.13 1 0
github.com/microsoft/mssql-operator/internal/controller/sqlserver/sqlserver_controller.go:636.154,641.116 3 0
github.com/microsoft/mssql-operator/internal/controller/sqlserver/sqlserver_controller.go:641.116,642.29 1 0
github.com/microsoft/mssql-operator/internal/controller/sqlserver/sqlserver_controller.go:642.29,644.4 1 0
github.com/microsoft/mssql-operator/internal/controller/sqlserver/sqlserver_controller.go:645.3,645.13 1 0
github.com/microsoft/mssql-operator/internal/controller/sqlserver/sqlserver_controller.go:649.2,654.58 3 0
github.com/microsoft/mssql-operator/internal/controller/sqlserver/sqlserver_controller.go:654.58,656.3 1 0
github.com/microsoft/mssql-operator/internal/controller/sqlserver/sqlserver_controller.go:659.2,661.36 3 0
github.com/microsoft/mssql-operator/internal/controller/sqlserver/sqlserver_controller.go:661.36,663.46 2 0
github.com/microsoft/mssql-operator/internal/controller/sqlserver/sqlserver_controller.go:663.46,664.75 1 0
github.com/microsoft/mssql-operator/internal/controller/sqlserver/sqlserver_controller.go:664.75,667.10 3 0
github.com/microsoft/mssql-operator/internal/controller/sqlserver/sqlserver_controller.go:670.3,676.5 1 0
github.com/microsoft/mssql-operator/internal/controller/sqlserver/sqlserver_controller.go:680.2,681.70 2 0
github.com/microsoft/mssql-operator/internal/controller/sqlserver/sqlserver_controller.go:681.70,683.3 1 0
github.com/microsoft/mssql-operator/internal/controller/sqlserver/sqlserver_controller.go:683.8,683.27 1 0
github.com/microsoft/mssql-operator/internal/controller/sqlserver/sqlserver_controller.go:683.27,685.3 1 0
github.com/microsoft/mssql-operator/internal/controller/sqlserver/sqlserver_controller.go:688.2,703.28 8 0
github.com/microsoft/mssql-operator/internal/controller/sqlserver/sqlserver_controller.go:703.28,707.3 3 0
github.com/microsoft/mssql-operator/internal/controller/sqlserver/sqlserver_controller.go:708.2,711.42 3 0
github.com/microsoft/mssql-operator/internal/controller/sqlserver/sqlserver_controller.go:715.120,718.2 2 0
github.com/microsoft/mssql-operator/internal/controller/sqlserver/sqlserver_controller.go:721.124,724.62 2 0
github.com/microsoft/mssql-operator/internal/controller/sqlserver/sqlserver_controller.go:724.62,733.50 4 0
github.com/microsoft/mssql-operator/internal/controller/sqlserver/sqlserver_controller.go:733.50,735.4 1 0
github.com/microsoft/mssql-operator/internal/controller/sqlserver/sqlserver_controller.go:738.2,738.27 1 0
github.com/microsoft/mssql-operator/internal/controller/sqlserver/sqlserver_controller.go:742.104,750.77 2 0
github.com/microsoft/mssql-operator/internal/controller/sqlserver/sqlserver_controller.go:750.77,751.52 1 0
github.com/microsoft/mssql-operator/internal/controller/sqlserver/sqlserver_controller.go:751.52,753.4 1 0
github.com/microsoft/mssql-operator/internal/controller/sqlserver/sqlserver_controller.go:755.2,755.15 1 0
github.com/microsoft/mssql-operator/internal/controller/sqlserver/sqlserver_controller.go:759.112,764.2 1 0
github.com/microsoft/mssql-operator/internal/controller/sqlserver/sqlserver_controller.go:767.85,777.2 1 0
github.com/microsoft/mssql-operator/internal/controller/sqlserver/sqlserver_controller.go:780.52,781.29 1 0
github.com/microsoft/mssql-operator/internal/controller/sqlserver/sqlserver_controller.go:781.29,782.16 1 0
github.com/microsoft/mssql-operator/internal/controller/sqlserver/sqlserver_controller.go:782.16,784.4 1 0
github.com/microsoft/mssql-operator/internal/controller/sqlserver/sqlserver_controller.go:786.2,786.14 1 0
github.com/microsoft/mssql-operator/internal/controller/sqlserver/sqlserver_controller.go:789.54,791.29 2 0
github.com/microsoft/mssql-operator/internal/controller/sqlserver/sqlserver_controller.go:791.29,792.16 1 0
github.com/microsoft/mssql-operator/internal/controller/sqlserver/sqlserver_controller.go:792.16,794.4 1 0
github.com/microsoft/mssql-operator/internal/controller/sqlserver/sqlserver_controller.go:796.2,796.15 1 0
github.com/microsoft/mssql-operator/internal/controller/sqlserver/sqlserver_controller.go:801.108,805.82 3 0
github.com/microsoft/mssql-operator/internal/controller/sqlserver/sqlserver_controller.go:805.82,806.30 1 0
github.com/microsoft/mssql-operator/internal/controller/sqlserver/sqlserver_controller.go:806.30,808.4 1 0
github.com/microsoft/mssql-operator/internal/controller/sqlserver/sqlserver_controller.go:809.3,809.13 1 0
github.com/microsoft/mssql-operator/internal/controller/sqlserver/sqlserver_controller.go:812.2,812.27 1 0
github.com/microsoft/mssql-operator/internal/controller/sqlserver/sqlserver_controller.go:817.166,822.65 2 0
github.com/microsoft/mssql-operator/internal/controller/sqlserver/sqlserver_controller.go:822.65,824.29 2 0
github.com/microsoft/mssql-operator/internal/controller/sqlserver/sqlserver_controller.go:824.29,826.4 1 0
github.com/microsoft/mssql-operator/internal/controller/sqlserver/sqlserver_controller.go:827.3,827.53 1 0
github.com/microsoft/mssql-operator/internal/controller/sqlserver/sqlserver_controller.go:827.53,828.28 1 0
github.com/microsoft/mssql-operator/internal/controller/sqlserver/sqlserver_controller.go:828.28,830.5 1 0
github.com/microsoft/mssql-operator/internal/controller/sqlserver/sqlserver_controller.go:834.2,834.16 1 0
github.com/microsoft/mssql-operator/cmd/mssql-operator/main.go:36.13,40.2 2 0
github.com/microsoft/mssql-operator/cmd/mssql-operator/main.go:42.13,82.16 18 0
github.com/microsoft/mssql-operator/cmd/mssql-operator/main.go:82.16,85.3 2 0
github.com/microsoft/mssql-operator/cmd/mssql-operator/main.go:88.2,92.48 1 0
github.com/microsoft/mssql-operator/cmd/mssql-operator/main.go:92.48,95.3 2 0
github.com/microsoft/mssql-operator/cmd/mssql-operator/main.go:98.2,102.39 1 0
github.com/microsoft/mssql-operator/cmd/mssql-operator/main.go:102.39,105.3 2 0
github.com/microsoft/mssql-operator/cmd/mssql-operator/main.go:109.2,109.69 1 0
github.com/microsoft/mssql-operator/cmd/mssql-operator/main.go:109.69,112.3 2 0
github.com/microsoft/mssql-operator/cmd/mssql-operator/main.go:113.2,113.67 1 0
github.com/microsoft/mssql-operator/cmd/mssql-operator/main.go:113.67,116.3 2 0
github.com/microsoft/mssql-operator/cmd/mssql-operator/main.go:118.2,124.61 2 0
github.com/microsoft/mssql-operator/cmd/mssql-operator/main.go:124.61,127.3 2 0
github.com/microsoft/mssql-operator/internal/controller/sqlserverag/sqlserverag_controller.go:87.103,92.59 3 0
github.com/microsoft/mssql-operator/internal/controller/sqlserverag/sqlserverag_controller.go:92.59,93.29 1 0
github.com/microsoft/mssql-operator/internal/controller/sqlserverag/sqlserverag_controller.go:93.29,96.4 2 0
github.com/microsoft/mssql-operator/internal/controller/sqlserverag/sqlserverag_controller.go:97.3,98.28 2 0
github.com/microsoft/mssql-operator/internal/controller/sqlserverag/sqlserverag_controller.go:102.2,102.36 1 0
github.com/microsoft/mssql-operator/internal/controller/sqlserverag/sqlserverag_controller.go:102.36,104.3 1 0
github.com/microsoft/mssql-operator/internal/controller/sqlserverag/sqlserverag_controller.go:107.2,107.58 1 0
github.com/microsoft/mssql-operator/internal/controller/sqlserverag/sqlserverag_controller.go:107.58,109.43 2 0
github.com/microsoft/mssql-operator/internal/controller/sqlserverag/sqlserverag_controller.go:109.43,111.4 1 0
github.com/microsoft/mssql-operator/internal/controller/sqlserverag/sqlserverag_controller.go:115.2,119.28 2 0
github.com/microsoft/mssql-operator/internal/controller/sqlserverag/sqlserverag_controller.go:119.28,124.3 3 0
github.com/microsoft/mssql-operator/internal/controller/sqlserverag/sqlserverag_controller.go:127.2,127.29 1 0
github.com/microsoft/mssql-operator/internal/controller/sqlserverag/sqlserverag_controller.go:127.29,130.3 2 0
github.com/microsoft/mssql-operator/internal/controller/sqlserverag/sqlserverag_controller.go:133.2,133.59 1 0
github.com/microsoft/mssql-operator/internal/controller/sqlserverag/sqlserverag_controller.go:133.59,134.60 1 0
github.com/microsoft/mssql-operator/internal/controller/sqlserverag/sqlserverag_controller.go:134.60,136.4 1 0
github.com/microsoft/mssql-operator/internal/controller/sqlserverag/sqlserverag_controller.go:140.2,140.65 1 0
github.com/microsoft/mssql-operator/internal/controller/sqlserverag/sqlserverag_controller.go:140.65,143.3 2 0
github.com/microsoft/mssql-operator/internal/controller/sqlserverag/sqlserverag_controller.go:146.2,146.61 1 0
github.com/microsoft/mssql-operator/internal/controller/sqlserverag/sqlserverag_controller.go:146.61,149.3 1 0
github.com/microsoft/mssql-operator/internal/controller/sqlserverag/sqlserverag_controller.go:152.2,152.49 1 0
github.com/microsoft/mssql-operator/internal/controller/sqlserverag/sqlserverag_controller.go:152.49,153.78 1 0
github.com/microsoft/mssql-operator/internal/controller/sqlserverag/sqlserverag_controller.go:153.78,156.4 2 0
github.com/microsoft/mssql-operator/internal/controller/sqlserverag/sqlserverag_controller.go:156.9,156.27 1 0
github.com/microsoft/mssql-operator/internal/controller/sqlserverag/sqlserverag_controller.go:156.27,158.4 1 0
github.com/microsoft/mssql-operator/internal/controller/sqlserverag/sqlserverag_controller.go:162.2,163.69 2 0
github.com/microsoft/mssql-operator/internal/controller/sqlserverag/sqlserverag_controller.go:163.69,164.80 1 0
github.com/microsoft/mssql-operator/internal/controller/sqlserverag/sqlserverag_controller.go:164.80,166.4 1 0
github.com/microsoft/mssql-operator/internal/controller/sqlserverag/sqlserverag_controller.go:169.2,169.56 1 0
github.com/microsoft/mssql-operator/internal/controller/sqlserverag/sqlserverag_controller.go:173.146,176.30 2 0
github.com/microsoft/mssql-operator/internal/controller/sqlserverag/sqlserverag_controller.go:176.30,178.3 1 0
github.com/microsoft/mssql-operator/internal/controller/sqlserverag/sqlserverag_controller.go:181.2,181.38 1 0
github.com/microsoft/mssql-operator/internal/controller/sqlserverag/sqlserverag_controller.go:181.38,206.79 2 0
github.com/microsoft/mssql-operator/internal/controller/sqlserverag/sqlserverag_controller.go:206.79,208.4 1 0
github.com/microsoft/mssql-operator/internal/controller/sqlserverag/sqlserverag_controller.go:210.3,212.43 3 0
github.com/microsoft/mssql-operator/internal/controller/sqlserverag/sqlserverag_controller.go:212.43,214.52 2 0
github.com/microsoft/mssql-operator/internal/controller/sqlserverag/sqlserverag_controller.go:214.52,216.5 1 0
github.com/microsoft/mssql-operator/internal/controller/sqlserverag/sqlserverag_controller.go:217.9,217.24 1 0
github.com/microsoft/mssql-operator/internal/controller/sqlserverag/sqlserverag_controller.go:217.24,219.4 1 0
github.com/microsoft/mssql-operator/internal/controller/sqlserverag/sqlserverag_controller.go:223.2,223.40 1 0
github.com/microsoft/mssql-operator/internal/controller/sqlserverag/sqlserverag_controller.go:223.40,248.81 2 0
github.com/microsoft/mssql-operator/internal/controller/sqlserverag/sqlserverag_controller.go:248.81,250.4 1 0
github.com/microsoft/mssql-operator/internal/controller/sqlserverag/sqlserverag_controller.go:252.3,254.43 3 0
github.com/microsoft/mssql-operator/internal/controller/sqlserverag/sqlserverag_controller.go:254.43,256.54 2 0
github.com/microsoft/mssql-operator/internal/controller/sqlserverag/sqlserverag_controller.go:256.54,258.5 1 0
github.com/microsoft/mssql-operator/internal/controller/sqlserverag/sqlserverag_controller.go:259.9,259.24 1 0
github.com/microsoft/mssql-operator/internal/controller/sqlserverag/sqlserverag_controller.go:259.24,261.4 1 0
github.com/microsoft/mssql-operator/internal/controller/sqlserverag/sqlserverag_controller.go:264.2,264.12 1 0
github.com/microsoft/mssql-operator/internal/controller/sqlserverag/sqlserverag_controller.go:268.142,280.58 4 0
github.com/microsoft/mssql-operator/internal/controller/sqlserverag/sqlserverag_controller.go:280.58,282.3 1 0
github.com/microsoft/mssql-operator/internal/controller/sqlserverag/sqlserverag_controller.go:285.2,289.36 4 0
github.com/microsoft/mssql-operator/internal/controller/sqlserverag/sqlserverag_controller.go:289.36,293.17 2 0
github.com/microsoft/mssql-operator/internal/controller/sqlserverag/sqlserverag_controller.go:293.17,295.4 1 0
github.com/microsoft/mssql-operator/internal/controller/sqlserverag/sqlserverag_controller.go:296.3,296.45 1 0
github.com/microsoft/mssql-operator/internal/controller/sqlserverag/sqlserverag_controller.go:296.45,298.4 1 0
github.com/microsoft/mssql-operator/internal/controller/sqlserverag/sqlserverag_controller.go:300.3,301.45 2 0
github.com/microsoft/mssql-operator/internal/controller/sqlserverag/sqlserverag_controller.go:301.45,303.4 1 0
github.com/microsoft/mssql-operator/internal/controller/sqlserverag/sqlserverag_controller.go:306.3,307.46 2 0
github.com/microsoft/mssql-operator/internal/controller/sqlserverag/sqlserverag_controller.go:307.46,308.75 1 0
github.com/microsoft/mssql-operator/internal/controller/sqlserverag/sqlserverag_controller.go:308.75,310.10 2 0
github.com/microsoft/mssql-operator/internal/controller/sqlserverag/sqlserverag_controller.go:314.3,314.43 1 0
github.com/microsoft/mssql-operator/internal/controller/sqlserverag/sqlserverag_controller.go:314.43,316.4 1 0
github.com/microsoft/mssql-operator/internal/controller/sqlserverag/sqlserverag_controller.go:318.3,325.5 1 0
github.com/microsoft/mssql-operator/internal/controller/sqlserverag/sqlserverag_controller.go:329.2,330.52 2 0
github.com/microsoft/mssql-operator/internal/controller/sqlserverag/sqlserverag_controller.go:330.52,332.3 1 0
github.com/microsoft/mssql-operator/internal/controller/sqlserverag/sqlserverag_controller.go:333.2,333.85 1 0
github.com/microsoft/mssql-operator/internal/controller/sqlserverag/sqlserverag_controller.go:333.85,335.3 1 0
github.com/microsoft/mssql-operator/internal/controller/sqlserverag/sqlserverag_controller.go:338.2,352.29 7 0
github.com/microsoft/mssql-operator/internal/controller/sqlserverag/sqlserverag_controller.go:352.29,356.3 3 0
github.com/microsoft/mssql-operator/internal/controller/sqlserverag/sqlserverag_controller.go:357.2,360.35 3 0
github.com/microsoft/mssql-operator/internal/controller/sqlserverag/sqlserverag_controller.go:364.117,367.2 2 0
github.com/microsoft/mssql-operator/internal/controller/sqlserverag/sqlserverag_controller.go:370.121,373.57 2 0
github.com/microsoft/mssql-operator/internal/controller/sqlserverag/sqlserverag_controller.go:373.57,382.43 4 0
github.com/microsoft/mssql-operator/internal/controller/sqlserverag/sqlserverag_controller.go:382.43,384.4 1 0
github.com/microsoft/mssql-operator/internal/controller/sqlserverag/sqlserverag_controller.go:387.2,387.27 1 0
github.com/microsoft/mssql-operator/internal/controller/sqlserverag/sqlserverag_controller.go:391.130,397.2 1 0
github.com/microsoft/mssql-operator/internal/controller/sqlserverag/sqlserverag_controller.go:404.166,409.31 3 0
github.com/microsoft/mssql-operator/internal/controller/sqlserverag/sqlserverag_controller.go:409.31,411.3 1 0
github.com/microsoft/mssql-operator/internal/controller/sqlserverag/sqlserverag_controller.go:412.2,412.32 1 0
github.com/microsoft/mssql-operator/internal/controller/sqlserverag/sqlserverag_controller.go:412.32,414.3 1 0
github.com/microsoft/mssql-operator/internal/controller/sqlserverag/sqlserverag_controller.go:417.2,417.63 1 0
github.com/microsoft/mssql-operator/internal/controller/sqlserverag/sqlserverag_controller.go:417.63,418.56 1 0
github.com/microsoft/mssql-operator/internal/controller/sqlserverag/sqlserverag_controller.go:418.56,421.4 2 0
github.com/microsoft/mssql-operator/internal/controller/sqlserverag/sqlserverag_controller.go:425.2,426.16 2 0
github.com/microsoft/mssql-operator/internal/controller/sqlserverag/sqlserverag_controller.go:426.16,428.3 1 0
github.com/microsoft/mssql-operator/internal/controller/sqlserverag/sqlserverag_controller.go:430.2,430.26 1 0
github.com/microsoft/mssql-operator/internal/controller/sqlserverag/sqlserverag_controller.go:430.26,434.3 3 0
github.com/microsoft/mssql-operator/internal/controller/sqlserverag/sqlserverag_controller.go:437.2,437.16 1 0
github.com/microsoft/mssql-operator/internal/controller/sqlserverag/sqlserverag_controller.go:437.16,438.64 1 0
github.com/microsoft/mssql-operator/internal/controller/sqlserverag/sqlserverag_controller.go:438.64,441.4 2 0
github.com/microsoft/mssql-operator/internal/controller/sqlserverag/sqlserverag_controller.go:442.3,443.18 2 0
github.com/microsoft/mssql-operator/internal/controller/sqlserverag/sqlserverag_controller.go:447.2,447.54 1 0
github.com/microsoft/mssql-operator/internal/controller/sqlserverag/sqlserverag_controller.go:447.54,454.3 4 0
github.com/microsoft/mssql-operator/internal/controller/sqlserverag/sqlserverag_controller.go:457.2,458.55 2 0
github.com/microsoft/mssql-operator/internal/controller/sqlserverag/sqlserverag_controller.go:458.55,462.3 3 0
github.com/microsoft/mssql-operator/internal/controller/sqlserverag/sqlserverag_controller.go:465.2,471.26 3 0
github.com/microsoft/mssql-operator/internal/controller/sqlserverag/sqlserverag_controller.go:471.26,476.3 3 0
github.com/microsoft/mssql-operator/internal/controller/sqlserverag/sqlserverag_controller.go:478.2,484.66 2 0
github.com/microsoft/mssql-operator/internal/controller/sqlserverag/sqlserverag_controller.go:484.66,488.3 2 0
github.com/microsoft/mssql-operator/internal/controller/sqlserverag/sqlserverag_controller.go:491.2,508.51 8 0
github.com/microsoft/mssql-operator/internal/controller/sqlserverag/sqlserverag_controller.go:508.51,510.3 1 0
github.com/microsoft/mssql-operator/internal/controller/sqlserverag/sqlserverag_controller.go:513.2,513.57 1 0
github.com/microsoft/mssql-operator/internal/controller/sqlserverag/sqlserverag_controller.go:517.175,529.58 4 0
github.com/microsoft/mssql-operator/internal/controller/sqlserverag/sqlserverag_controller.go:529.58,531.3 1 0
github.com/microsoft/mssql-operator/internal/controller/sqlserverag/sqlserverag_controller.go:533.2,536.36 3 0
github.com/microsoft/mssql-operator/internal/controller/sqlserverag/sqlserverag_controller.go:536.36,538.44 1 0
github.com/microsoft/mssql-operator/internal/controller/sqlserverag/sqlserverag_controller.go:538.44,540.12 2 0
github.com/microsoft/mssql-operator/internal/controller/sqlserverag/sqlserverag_controller.go:544.3,544.29 1 0
github.com/microsoft/mssql-operator/internal/controller/sqlserverag/sqlserverag_controller.go:544.29,546.12 2 0
github.com/microsoft/mssql-operator/internal/controller/sqlserverag/sqlserverag_controller.go:550.3,551.17 2 0
github.com/microsoft/mssql-operator/internal/controller/sqlserverag/sqlserverag_controller.go:551.17,553.12 2 0
github.com/microsoft/mssql-operator/internal/controller/sqlserverag/sqlserverag_controller.go:557.3,557.30 1 0
github.com/microsoft/mssql-operator/internal/controller/sqlserverag/sqlserverag_controller.go:557.30,560.4 2 0
github.com/microsoft/mssql-operator/internal/controller/sqlserverag/sqlserverag_controller.go:563.3,563.92 1 0
github.com/microsoft/mssql-operator/internal/controller/sqlserverag/sqlserverag_controller.go:563.92,571.4 1 0
github.com/microsoft/mssql-operator/internal/controller/sqlserverag/sqlserverag_controller.go:574.2,574.36 1 0
github.com/microsoft/mssql-operator/internal/controller/sqlserverag/sqlserverag_controller.go:578.104,579.25 1 0
github.com/microsoft/mssql-operator/internal/controller/sqlserverag/sqlserverag_controller.go:579.25,583.3 1 0
github.com/microsoft/mssql-operator/internal/controller/sqlserverag/sqlserverag_controller.go:585.2,587.16 3 0
github.com/microsoft/mssql-operator/internal/controller/sqlserverag/sqlserverag_controller.go:587.16,589.3 1 0
github.com/microsoft/mssql-operator/internal/controller/sqlserverag/sqlserverag_controller.go:591.2,592.16 2 0
github.com/microsoft/mssql-operator/internal/controller/sqlserverag/sqlserverag_controller.go:592.16,594.3 1 0
github.com/microsoft/mssql-operator/internal/controller/sqlserverag/sqlserverag_controller.go:595.2,597.38 2 0
github.com/microsoft/mssql-operator/internal/controller/sqlserverag/sqlserverag_controller.go:597.38,599.3 1 0
github.com/microsoft/mssql-operator/internal/controller/sqlserverag/sqlserverag_controller.go:601.2,602.16 2 0
github.com/microsoft/mssql-operator/internal/controller/sqlserverag/sqlserverag_controller.go:602.16,604.3 1 0
github.com/microsoft/mssql-operator/internal/controller/sqlserverag/sqlserverag_controller.go:606.2,607.53 2 0
github.com/microsoft/mssql-operator/internal/controller/sqlserverag/sqlserverag_controller.go:607.53,609.3 1 0
github.com/microsoft/mssql-operator/internal/controller/sqlserverag/sqlserverag_controller.go:611.2,611.20 1 0
github.com/microsoft/mssql-operator/internal/controller/sqlserverag/sqlserverag_controller.go:618.104,619.26 1 0
github.com/microsoft/mssql-operator/internal/controller/sqlserverag/sqlserverag_controller.go:619.26,621.3 1 0
github.com/microsoft/mssql-operator/internal/controller/sqlserverag/sqlserverag_controller.go:623.2,624.39 2 0
github.com/microsoft/mssql-operator/internal/controller/sqlserverag/sqlserverag_controller.go:624.39,628.53 2 0
github.com/microsoft/mssql-operator/internal/controller/sqlserverag/sqlserverag_controller.go:628.53,630.12 2 0
github.com/microsoft/mssql-operator/internal/controller/sqlserverag/sqlserverag_controller.go:634.3,634.54 1 0
github.com/microsoft/mssql-operator/internal/controller/sqlserverag/sqlserverag_controller.go:634.54,635.81 1 0
github.com/microsoft/mssql-operator/internal/controller/sqlserverag/sqlserverag_controller.go:635.81,637.13 2 0
github.com/microsoft/mssql-operator/internal/controller/sqlserverag/sqlserverag_controller.go:641.4,641.45 1 0
github.com/microsoft/mssql-operator/internal/controller/sqlserverag/sqlserverag_controller.go:641.45,642.66 1 0
github.com/microsoft/mssql-operator/internal/controller/sqlserverag/sqlserverag_controller.go:642.66,644.6 1 0
github.com/microsoft/mssql-operator/internal/controller/sqlserverag/sqlserverag_controller.go:649.2,649.13 1 0
github.com/microsoft/mssql-operator/internal/controller/sqlserverag/sqlserverag_controller.go:653.137,656.25 2 0
github.com/microsoft/mssql-operator/internal/controller/sqlserverag/sqlserverag_controller.go:656.25,660.3 1 0
github.com/microsoft/mssql-operator/internal/controller/sqlserverag/sqlserverag_controller.go:663.2,664.19 2 0
github.com/microsoft/mssql-operator/internal/controller/sqlserverag/sqlserverag_controller.go:664.19,671.3 2 0
github.com/microsoft/mssql-operator/internal/controller/sqlserverag/sqlserverag_controller.go:673.2,678.16 5 0
github.com/microsoft/mssql-operator/internal/controller/sqlserverag/sqlserverag_controller.go:678.16,680.3 1 0
github.com/microsoft/mssql-operator/internal/controller/sqlserverag/sqlserverag_controller.go:681.2,684.16 3 0
github.com/microsoft/mssql-operator/internal/controller/sqlserverag/sqlserverag_controller.go:684.16,686.3 1 0
github.com/microsoft/mssql-operator/internal/controller/sqlserverag/sqlserverag_controller.go:687.2,689.38 2 0
github.com/microsoft/mssql-operator/internal/controller/sqlserverag/sqlserverag_controller.go:689.38,692.3 2 0
github.com/microsoft/mssql-operator/internal/controller/sqlserverag/sqlserverag_controller.go:694.2,695.12 2 0
github.com/microsoft/mssql-operator/internal/controller/sqlserverag/sqlserverag_controller.go:699.74,704.2 1 0
github.com/microsoft/mssql-operator/internal/controller/sqlserverag/sqlserverag_controller.go:707.52,708.29 1 0
github.com/microsoft/mssql-operator/internal/controller/sqlserverag/sqlserverag_controller.go:708.29,709.16 1 0
github.com/microsoft/mssql-operator/internal/controller/sqlserverag/sqlserverag_controller.go:709.16,711.4 1 0
github.com/microsoft/mssql-operator/internal/controller/sqlserverag/sqlserverag_controller.go:713.2,713.14 1 0
github.com/microsoft/mssql-operator/internal/controller/sqlserverag/sqlserverag_controller.go:716.54,718.29 2 0
github.com/microsoft/mssql-operator/internal/controller/sqlserverag/sqlserverag_controller.go:718.29,719.16 1 0
github.com/microsoft/mssql-operator/internal/controller/sqlserverag/sqlserverag_controller.go:719.16,721.4 1 0
github.com/microsoft/mssql-operator/internal/controller/sqlserverag/sqlserverag_controller.go:723.2,723.15 1 0
github.com/microsoft/mssql-operator/internal/controller/sqlserverag/sqlserverag_controller.go:728.110,732.82 3 0
github.com/microsoft/mssql-operator/internal/controller/sqlserverag/sqlserverag_controller.go:732.82,733.30 1 0
github.com/microsoft/mssql-operator/internal/controller/sqlserverag/sqlserverag_controller.go:733.30,735.4 1 0
github.com/microsoft/mssql-operator/internal/controller/sqlserverag/sqlserverag_controller.go:736.3,736.13 1 0
github.com/microsoft/mssql-operator/internal/controller/sqlserverag/sqlserverag_controller.go:739.2,739.27 1 0
github.com/microsoft/mssql-operator/internal/controller/sqlserverag/sqlserverag_controller.go:746.109,748.59 1 0
github.com/microsoft/mssql-operator/internal/controller/sqlserverag/sqlserverag_controller.go:748.59,750.3 1 0
github.com/microsoft/mssql-operator/internal/controller/sqlserverag/sqlserverag_controller.go:753.2,754.24 2 0
github.com/microsoft/mssql-operator/internal/controller/sqlserverag/sqlserverag_controller.go:754.24,756.3 1 0
github.com/microsoft/mssql-operator/internal/controller/sqlserverag/sqlserverag_controller.go:759.2,759.42 1 0
github.com/microsoft/mssql-operator/internal/webhook/sqlserver_webhook.go:35.102,36.19 1 0
github.com/microsoft/mssql-operator/internal/webhook/sqlserver_webhook.go:36.19,38.3 1 0
github.com/microsoft/mssql-operator/internal/webhook/sqlserver_webhook.go:39.2,42.3 1 0
github.com/microsoft/mssql-operator/internal/webhook/sqlserver_webhook.go:46.100,50.16 3 0
github.com/microsoft/mssql-operator/internal/webhook/sqlserver_webhook.go:50.16,52.3 1 0
github.com/microsoft/mssql-operator/internal/webhook/sqlserver_webhook.go:54.2,60.42 3 0
github.com/microsoft/mssql-operator/internal/webhook/sqlserver_webhook.go:60.42,62.3 1 0
github.com/microsoft/mssql-operator/internal/webhook/sqlserver_webhook.go:64.2,64.19 1 0
github.com/microsoft/mssql-operator/internal/webhook/sqlserver_webhook.go:64.19,68.3 3 0
github.com/microsoft/mssql-operator/internal/webhook/sqlserver_webhook.go:71.2,71.30 1 0
github.com/microsoft/mssql-operator/internal/webhook/sqlserver_webhook.go:71.30,73.3 1 0
github.com/microsoft/mssql-operator/internal/webhook/sqlserver_webhook.go:75.2,75.30 1 0
github.com/microsoft/mssql-operator/internal/webhook/sqlserver_webhook.go:79.125,89.122 5 0
github.com/microsoft/mssql-operator/internal/webhook/sqlserver_webhook.go:89.122,92.3 2 0
github.com/microsoft/mssql-operator/internal/webhook/sqlserver_webhook.go:94.2,94.166 1 0
github.com/microsoft/mssql-operator/internal/webhook/sqlserver_webhook.go:94.166,97.3 2 0
github.com/microsoft/mssql-operator/internal/webhook/sqlserver_webhook.go:99.2,99.175 1 0
github.com/microsoft/mssql-operator/internal/webhook/sqlserver_webhook.go:99.175,102.3 2 0
github.com/microsoft/mssql-operator/internal/webhook/sqlserver_webhook.go:104.2,104.175 1 0
github.com/microsoft/mssql-operator/internal/webhook/sqlserver_webhook.go:104.175,107.3 2 0
github.com/microsoft/mssql-operator/internal/webhook/sqlserver_webhook.go:110.2,110.63 1 0
github.com/microsoft/mssql-operator/internal/webhook/sqlserver_webhook.go:110.63,118.3 4 0
github.com/microsoft/mssql-operator/internal/webhook/sqlserver_webhook.go:118.8,120.3 1 0
github.com/microsoft/mssql-operator/internal/webhook/sqlserver_webhook.go:123.2,123.41 1 0
github.com/microsoft/mssql-operator/internal/webhook/sqlserver_webhook.go:123.41,126.3 2 0
github.com/microsoft/mssql-operator/internal/webhook/sqlserver_webhook.go:129.2,129.62 1 0
github.com/microsoft/mssql-operator/internal/webhook/sqlserver_webhook.go:129.62,132.3 2 0
github.com/microsoft/mssql-operator/internal/webhook/sqlserver_webhook.go:135.2,135.70 1 0
github.com/microsoft/mssql-operator/internal/webhook/sqlserver_webhook.go:135.70,138.3 2 0
github.com/microsoft/mssql-operator/internal/webhook/sqlserver_webhook.go:141.2,141.36 1 0
github.com/microsoft/mssql-operator/internal/webhook/sqlserver_webhook.go:141.36,142.54 1 0
github.com/microsoft/mssql-operator/internal/webhook/sqlserver_webhook.go:142.54,144.26 2 0
github.com/microsoft/mssql-operator/internal/webhook/sqlserver_webhook.go:144.26,145.44 1 0
github.com/microsoft/mssql-operator/internal/webhook/sqlserver_webhook.go:145.44,147.6 1 0
github.com/microsoft/mssql-operator/internal/webhook/sqlserver_webhook.go:152.2,152.15 1 0
github.com/microsoft/mssql-operator/internal/webhook/sqlserver_webhook.go:156.142,161.21 4 0
github.com/microsoft/mssql-operator/internal/webhook/sqlserver_webhook.go:161.21,163.3 1 0
github.com/microsoft/mssql-operator/internal/webhook/sqlserver_webhook.go:166.2,172.16 3 0
github.com/microsoft/mssql-operator/internal/webhook/sqlserver_webhook.go:172.16,173.29 1 0
github.com/microsoft/mssql-operator/internal/webhook/sqlserver_webhook.go:173.29,178.44 2 0
github.com/microsoft/mssql-operator/internal/webhook/sqlserver_webhook.go:178.44,180.5 1 0
github.com/microsoft/mssql-operator/internal/webhook/sqlserver_webhook.go:180.10,182.5 1 0
github.com/microsoft/mssql-operator/internal/webhook/sqlserver_webhook.go:183.4,183.17 1 0
github.com/microsoft/mssql-operator/internal/webhook/sqlserver_webhook.go:186.3,187.16 2 0
github.com/microsoft/mssql-operator/internal/webhook/sqlserver_webhook.go:191.2,191.46 1 0
github.com/microsoft/mssql-operator/internal/webhook/sqlserver_webhook.go:191.46,193.14 2 0
github.com/microsoft/mssql-operator/internal/webhook/sqlserver_webhook.go:193.14,196.4 2 0
github.com/microsoft/mssql-operator/internal/webhook/sqlserver_webhook.go:198.3,200.22 3 0
github.com/microsoft/mssql-operator/internal/webhook/sqlserver_webhook.go:200.22,202.4 1 0
github.com/microsoft/mssql-operator/internal/webhook/sqlserver_webhook.go:205.2,205.15 1 0
github.com/microsoft/mssql-operator/internal/webhook/sqlserver_webhook.go:209.72,212.2 2 0
github.com/microsoft/mssql-operator/internal/webhook/sqlserverag_webhook.go:31.106,32.19 1 0
github.com/microsoft/mssql-operator/internal/webhook/sqlserverag_webhook.go:32.19,34.3 1 0
github.com/microsoft/mssql-operator/internal/webhook/sqlserverag_webhook.go:35.2,38.3 1 0
github.com/microsoft/mssql-operator/internal/webhook/sqlserverag_webhook.go:42.102,46.16 3 0
github.com/microsoft/mssql-operator/internal/webhook/sqlserverag_webhook.go:46.16,48.3 1 0
github.com/microsoft/mssql-operator/internal/webhook/sqlserverag_webhook.go:50.2,56.42 3 0
github.com/microsoft/mssql-operator/internal/webhook/sqlserverag_webhook.go:56.42,58.3 1 0
github.com/microsoft/mssql-operator/internal/webhook/sqlserverag_webhook.go:60.2,60.19 1 0
github.com/microsoft/mssql-operator/internal/webhook/sqlserverag_webhook.go:60.19,64.3 3 0
github.com/microsoft/mssql-operator/internal/webhook/sqlserverag_webhook.go:67.2,67.30 1 0
github.com/microsoft/mssql-operator/internal/webhook/sqlserverag_webhook.go:67.30,69.3 1 0
github.com/microsoft/mssql-operator/internal/webhook/sqlserverag_webhook.go:71.2,71.30 1 0
github.com/microsoft/mssql-operator/internal/webhook/sqlserverag_webhook.go:75.122,87.57 6 0
github.com/microsoft/mssql-operator/internal/webhook/sqlserverag_webhook.go:87.57,92.26 3 0
github.com/microsoft/mssql-operator/internal/webhook/sqlserverag_webhook.go:92.26,95.4 2 0
github.com/microsoft/mssql-operator/internal/webhook/sqlserverag_webhook.go:99.2,100.18 2 0
github.com/microsoft/mssql-operator/internal/webhook/sqlserverag_webhook.go:100.18,102.3 1 0
github.com/microsoft/mssql-operator/internal/webhook/sqlserverag_webhook.go:103.2,103.18 1 0
github.com/microsoft/mssql-operator/internal/webhook/sqlserverag_webhook.go:103.18,105.3 1 0
github.com/microsoft/mssql-operator/internal/webhook/sqlserverag_webhook.go:108.2,108.48 1 0
github.com/microsoft/mssql-operator/internal/webhook/sqlserverag_webhook.go:108.48,111.3 2 0
github.com/microsoft/mssql-operator/internal/webhook/sqlserverag_webhook.go:114.2,114.30 1 0
github.com/microsoft/mssql-operator/internal/webhook/sqlserverag_webhook.go:114.30,115.77 1 0
github.com/microsoft/mssql-operator/internal/webhook/sqlserverag_webhook.go:115.77,118.4 2 0
github.com/microsoft/mssql-operator/internal/webhook/sqlserverag_webhook.go:119.3,119.81 1 0
github.com/microsoft/mssql-operator/internal/webhook/sqlserverag_webhook.go:119.81,122.4 2 0
github.com/microsoft/mssql-operator/internal/webhook/sqlserverag_webhook.go:126.2,126.37 1 0
github.com/microsoft/mssql-operator/internal/webhook/sqlserverag_webhook.go:126.37,128.3 1 0
github.com/microsoft/mssql-operator/internal/webhook/sqlserverag_webhook.go:128.8,131.3 2 0
github.com/microsoft/mssql-operator/internal/webhook/sqlserverag_webhook.go:134.2,134.59 1 0
github.com/microsoft/mssql-operator/internal/webhook/sqlserverag_webhook.go:134.59,137.3 2 0
github.com/microsoft/mssql-operator/internal/webhook/sqlserverag_webhook.go:140.2,140.30 1 0
github.com/microsoft/mssql-operator/internal/webhook/sqlserverag_webhook.go:140.30,141.39 1 0
github.com/microsoft/mssql-operator/internal/webhook/sqlserverag_webhook.go:141.39,142.62 1 0
github.com/microsoft/mssql-operator/internal/webhook/sqlserverag_webhook.go:142.62,144.27 2 0
github.com/microsoft/mssql-operator/internal/webhook/sqlserverag_webhook.go:144.27,145.45 1 0
github.com/microsoft/mssql-operator/internal/webhook/sqlserverag_webhook.go:145.45,147.7 1 0
github.com/microsoft/mssql-operator/internal/webhook/sqlserverag_webhook.go:154.2,157.15 3 0
github.com/microsoft/mssql-operator/internal/webhook/sqlserverag_webhook.go:161.144,171.34 5 0
github.com/microsoft/mssql-operator/internal/webhook/sqlserverag_webhook.go:171.34,173.3 1 0
github.com/microsoft/mssql-operator/internal/webhook/sqlserverag_webhook.go:176.2,176.36 1 0
github.com/microsoft/mssql-operator/internal/webhook/sqlserverag_webhook.go:176.36,179.3 1 0
github.com/microsoft/mssql-operator/internal/webhook/sqlserverag_webhook.go:182.2,182.18 1 0
github.com/microsoft/mssql-operator/internal/webhook/sqlserverag_webhook.go:182.18,184.48 1 0
github.com/microsoft/mssql-operator/internal/webhook/sqlserverag_webhook.go:184.48,186.4 1 0
github.com/microsoft/mssql-operator/internal/webhook/sqlserverag_webhook.go:186.9,188.42 2 0
github.com/microsoft/mssql-operator/internal/webhook/sqlserverag_webhook.go:188.42,190.5 1 0
github.com/microsoft/mssql-operator/internal/webhook/sqlserverag_webhook.go:193.4,195.44 3 0
github.com/microsoft/mssql-operator/internal/webhook/sqlserverag_webhook.go:195.44,197.5 1 0
github.com/microsoft/mssql-operator/internal/webhook/sqlserverag_webhook.go:198.4,198.47 1 0
github.com/microsoft/mssql-operator/internal/webhook/sqlserverag_webhook.go:198.47,200.5 1 0
github.com/microsoft/mssql-operator/internal/webhook/sqlserverag_webhook.go:203.3,203.47 1 0
github.com/microsoft/mssql-operator/internal/webhook/sqlserverag_webhook.go:203.47,205.4 1 0
github.com/microsoft/mssql-operator/internal/webhook/sqlserverag_webhook.go:208.3,208.48 1 0
github.com/microsoft/mssql-operator/internal/webhook/sqlserverag_webhook.go:208.48,210.4 1 0
github.com/microsoft/mssql-operator/internal/webhook/sqlserverag_webhook.go:210.9,212.42 2 0
github.com/microsoft/mssql-operator/internal/webhook/sqlserverag_webhook.go:212.42,214.5 1 0
github.com/microsoft/mssql-operator/internal/webhook/sqlserverag_webhook.go:217.4,217.82 1 0
github.com/microsoft/mssql-operator/internal/webhook/sqlserverag_webhook.go:217.82,220.45 3 0
github.com/microsoft/mssql-operator/internal/webhook/sqlserverag_webhook.go:220.45,222.6 1 0
github.com/microsoft/mssql-operator/internal/webhook/sqlserverag_webhook.go:223.5,223.48 1 0
github.com/microsoft/mssql-operator/internal/webhook/sqlserverag_webhook.go:223.48,225.6 1 0
github.com/microsoft/mssql-operator/internal/webhook/sqlserverag_webhook.go:229.3,229.47 1 0
github.com/microsoft/mssql-operator/internal/webhook/sqlserverag_webhook.go:229.47,231.4 1 0
github.com/microsoft/mssql-operator/internal/webhook/sqlserverag_webhook.go:235.2,235.18 1 0
github.com/microsoft/mssql-operator/internal/webhook/sqlserverag_webhook.go:235.18,241.27 2 0
github.com/microsoft/mssql-operator/internal/webhook/sqlserverag_webhook.go:241.27,248.4 4 0
github.com/microsoft/mssql-operator/internal/webhook/sqlserverag_webhook.go:248.9,250.4 1 0
github.com/microsoft/mssql-operator/internal/webhook/sqlserverag_webhook.go:253.3,253.27 1 0
github.com/microsoft/mssql-operator/internal/webhook/sqlserverag_webhook.go:253.27,255.25 2 0
github.com/microsoft/mssql-operator/internal/webhook/sqlserverag_webhook.go:255.25,257.5 1 0
github.com/microsoft/mssql-operator/internal/webhook/sqlserverag_webhook.go:258.9,260.4 1 0
github.com/microsoft/mssql-operator/internal/webhook/sqlserverag_webhook.go:264.2,264.87 1 0
github.com/microsoft/mssql-operator/internal/webhook/sqlserverag_webhook.go:264.87,270.49 4 0
github.com/microsoft/mssql-operator/internal/webhook/sqlserverag_webhook.go:270.49,272.4 1 0
github.com/microsoft/mssql-operator/internal/webhook/sqlserverag_webhook.go:274.3,274.26 1 0
github.com/microsoft/mssql-operator/internal/webhook/sqlserverag_webhook.go:274.26,275.56 1 0
github.com/microsoft/mssql-operator/internal/webhook/sqlserverag_webhook.go:275.56,277.5 1 0
github.com/microsoft/mssql-operator/internal/webhook/sqlserverag_webhook.go:278.4,278.55 1 0
github.com/microsoft/mssql-operator/internal/webhook/sqlserverag_webhook.go:278.55,280.5 1 0
github.com/microsoft/mssql-operator/internal/webhook/sqlserverag_webhook.go:281.4,281.56 1 0
github.com/microsoft/mssql-operator/internal/webhook/sqlserverag_webhook.go:281.56,283.5 1 0
github.com/microsoft/mssql-operator/internal/webhook/sqlserverag_webhook.go:284.4,284.55 1 0
github.com/microsoft/mssql-operator/internal/webhook/sqlserverag_webhook.go:284.55,286.5 1 0
github.com/microsoft/mssql-operator/internal/webhook/sqlserverag_webhook.go:289.3,289.26 1 0
github.com/microsoft/mssql-operator/internal/webhook/sqlserverag_webhook.go:289.26,292.35 2 0
github.com/microsoft/mssql-operator/internal/webhook/sqlserverag_webhook.go:292.35,295.5 2 0
github.com/microsoft/mssql-operator/internal/webhook/sqlserverag_webhook.go:299.2,299.15 1 0
github.com/microsoft/mssql-operator/internal/webhook/sqlserverag_webhook.go:303.74,306.2 2 0
github.com/microsoft/mssql-operator/pkg/apis/mssql.microsoft.com/v1alpha1/operatorconfiguration_types.go:306.13,308.2 1 0
github.com/microsoft/mssql-operator/pkg/apis/mssql.microsoft.com/v1alpha1/operatorconfiguration_types.go:325.65,326.14 1 0
github.com/microsoft/mssql-operator/pkg/apis/mssql.microsoft.com/v1alpha1/operatorconfiguration_types.go:326.14,327.18 1 0
github.com/microsoft/mssql-operator/pkg/apis/mssql.microsoft.com/v1alpha1/operatorconfiguration_types.go:328.15,329.23 1 0
github.com/microsoft/mssql-operator/pkg/apis/mssql.microsoft.com/v1alpha1/operatorconfiguration_types.go:329.23,331.5 1 0
github.com/microsoft/mssql-operator/pkg/apis/mssql.microsoft.com/v1alpha1/operatorconfiguration_types.go:332.15,333.23 1 0
github.com/microsoft/mssql-operator/pkg/apis/mssql.microsoft.com/v1alpha1/operatorconfiguration_types.go:333.23,335.5 1 0
github.com/microsoft/mssql-operator/pkg/apis/mssql.microsoft.com/v1alpha1/operatorconfiguration_types.go:336.15,337.23 1 0
github.com/microsoft/mssql-operator/pkg/apis/mssql.microsoft.com/v1alpha1/operatorconfiguration_types.go:337.23,339.5 1 0
github.com/microsoft/mssql-operator/pkg/apis/mssql.microsoft.com/v1alpha1/operatorconfiguration_types.go:343.2,343.43 1 0
github.com/microsoft/mssql-operator/pkg/apis/mssql.microsoft.com/v1alpha1/operatorconfiguration_types.go:343.43,345.3 1 0
github.com/microsoft/mssql-operator/pkg/apis/mssql.microsoft.com/v1alpha1/operatorconfiguration_types.go:346.2,346.30 1 0
github.com/microsoft/mssql-operator/pkg/apis/mssql.microsoft.com/v1alpha1/operatorconfiguration_types.go:350.56,351.34 1 0
github.com/microsoft/mssql-operator/pkg/apis/mssql.microsoft.com/v1alpha1/operatorconfiguration_types.go:351.34,353.3 1 0
github.com/microsoft/mssql-operator/pkg/apis/mssql.microsoft.com/v1alpha1/operatorconfiguration_types.go:354.2,354.28 1 0
github.com/microsoft/mssql-operator/pkg/apis/mssql.microsoft.com/v1alpha1/operatorconfiguration_types.go:358.59,359.37 1 0
github.com/microsoft/mssql-operator/pkg/apis/mssql.microsoft.com/v1alpha1/operatorconfiguration_types.go:359.37,361.3 1 0
github.com/microsoft/mssql-operator/pkg/apis/mssql.microsoft.com/v1alpha1/operatorconfiguration_types.go:362.2,362.29 1 0
github.com/microsoft/mssql-operator/pkg/apis/mssql.microsoft.com/v1alpha1/operatorconfiguration_types.go:366.58,367.43 1 0
github.com/microsoft/mssql-operator/pkg/apis/mssql.microsoft.com/v1alpha1/operatorconfiguration_types.go:367.43,369.3 1 0
github.com/microsoft/mssql-operator/pkg/apis/mssql.microsoft.com/v1alpha1/operatorconfiguration_types.go:370.2,370.23 1 0
github.com/microsoft/mssql-operator/pkg/apis/mssql.microsoft.com/v1alpha1/sqlserver_types.go:398.13,400.2 1 0
github.com/microsoft/mssql-operator/pkg/apis/mssql.microsoft.com/v1alpha1/sqlserver_types.go:407.43,409.2 1 0
github.com/microsoft/mssql-operator/pkg/apis/mssql.microsoft.com/v1alpha1/sqlserver_types.go:416.84,418.28 1 0
github.com/microsoft/mssql-operator/pkg/apis/mssql.microsoft.com/v1alpha1/sqlserver_types.go:418.28,420.3 1 0
github.com/microsoft/mssql-operator/pkg/apis/mssql.microsoft.com/v1alpha1/sqlserver_types.go:423.2,423.24 1 0
github.com/microsoft/mssql-operator/pkg/apis/mssql.microsoft.com/v1alpha1/sqlserver_types.go:423.24,425.3 1 0
github.com/microsoft/mssql-operator/pkg/apis/mssql.microsoft.com/v1alpha1/sqlserver_types.go:428.2,428.19 1 0
github.com/microsoft/mssql-operator/pkg/apis/mssql.microsoft.com/v1alpha1/sqlserver_types.go:429.14,430.54 1 0
github.com/microsoft/mssql-operator/pkg/apis/mssql.microsoft.com/v1alpha1/sqlserver_types.go:431.14,432.54 1 0
github.com/microsoft/mssql-operator/pkg/apis/mssql.microsoft.com/v1alpha1/sqlserver_types.go:433.14,434.54 1 0
github.com/microsoft/mssql-operator/pkg/apis/mssql.microsoft.com/v1alpha1/sqlserver_types.go:435.10,436.54 1 0
github.com/microsoft/mssql-operator/pkg/apis/mssql.microsoft.com/v1alpha1/sqlserver_types.go:441.48,442.19 1 0
github.com/microsoft/mssql-operator/pkg/apis/mssql.microsoft.com/v1alpha1/sqlserver_types.go:443.20,444.22 1 0
github.com/microsoft/mssql-operator/pkg/apis/mssql.microsoft.com/v1alpha1/sqlserver_types.go:445.18,446.20 1 0
github.com/microsoft/mssql-operator/pkg/apis/mssql.microsoft.com/v1alpha1/sqlserver_types.go:447.17,448.19 1 0
github.com/microsoft/mssql-operator/pkg/apis/mssql.microsoft.com/v1alpha1/sqlserver_types.go:449.10,450.21 1 0
github.com/microsoft/mssql-operator/pkg/apis/mssql.microsoft.com/v1alpha1/sqlserverag_types.go:324.13,326.2 1 0
github.com/microsoft/mssql-operator/pkg/apis/mssql.microsoft.com/v1alpha1/sqlserverag_types.go:330.72,332.22 1 0
github.com/microsoft/mssql-operator/pkg/apis/mssql.microsoft.com/v1alpha1/sqlserverag_types.go:332.22,334.3 1 0
github.com/microsoft/mssql-operator/pkg/apis/mssql.microsoft.com/v1alpha1/sqlserverag_types.go:335.2,335.30 1 0
github.com/microsoft/mssql-operator/pkg/apis/mssql.microsoft.com/v1alpha1/zz_generated.deepcopy.go:14.53,16.2 1 0
github.com/microsoft/mssql-operator/pkg/apis/mssql.microsoft.com/v1alpha1/zz_generated.deepcopy.go:19.46,20.15 1 0
github.com/microsoft/mssql-operator/pkg/apis/mssql.microsoft.com/v1alpha1/zz_generated.deepcopy.go:20.15,22.3 1 0
github.com/microsoft/mssql-operator/pkg/apis/mssql.microsoft.com/v1alpha1/zz_generated.deepcopy.go:23.2,25.12 3 0
github.com/microsoft/mssql-operator/pkg/apis/mssql.microsoft.com/v1alpha1/zz_generated.deepcopy.go:29.63,31.23 2 0
github.com/microsoft/mssql-operator/pkg/apis/mssql.microsoft.com/v1alpha1/zz_generated.deepcopy.go:31.23,35.3 3 0
github.com/microsoft/mssql-operator/pkg/apis/mssql.microsoft.com/v1alpha1/zz_generated.deepcopy.go:36.2,36.25 1 0
github.com/microsoft/mssql-operator/pkg/apis/mssql.microsoft.com/v1alpha1/zz_generated.deepcopy.go:36.25,40.3 3 0
github.com/microsoft/mssql-operator/pkg/apis/mssql.microsoft.com/v1alpha1/zz_generated.deepcopy.go:44.56,45.15 1 0
github.com/microsoft/mssql-operator/pkg/apis/mssql.microsoft.com/v1alpha1/zz_generated.deepcopy.go:45.15,47.3 1 0
github.com/microsoft/mssql-operator/pkg/apis/mssql.microsoft.com/v1alpha1/zz_generated.deepcopy.go:48.2,50.12 3 0
github.com/microsoft/mssql-operator/pkg/apis/mssql.microsoft.com/v1alpha1/zz_generated.deepcopy.go:54.63,56.2 1 0
github.com/microsoft/mssql-operator/pkg/apis/mssql.microsoft.com/v1alpha1/zz_generated.deepcopy.go:59.56,60.15 1 0
github.com/microsoft/mssql-operator/pkg/apis/mssql.microsoft.com/v1alpha1/zz_generated.deepcopy.go:60.15,62.3 1 0
github.com/microsoft/mssql-operator/pkg/apis/mssql.microsoft.com/v1alpha1/zz_generated.deepcopy.go:63.2,65.12 3 0
github.com/microsoft/mssql-operator/pkg/apis/mssql.microsoft.com/v1alpha1/zz_generated.deepcopy.go:69.59,71.27 2 0
github.com/microsoft/mssql-operator/pkg/apis/mssql.microsoft.com/v1alpha1/zz_generated.deepcopy.go:71.27,74.29 3 0
github.com/microsoft/mssql-operator/pkg/apis/mssql.microsoft.com/v1alpha1/zz_generated.deepcopy.go:74.29,76.4 1 0
github.com/microsoft/mssql-operator/pkg/apis/mssql.microsoft.com/v1alpha1/zz_generated.deepcopy.go:81.52,82.15 1 0
github.com/microsoft/mssql-operator/pkg/apis/mssql.microsoft.com/v1alpha1/zz_generated.deepcopy.go:82.15,84.3 1 0
github.com/microsoft/mssql-operator/pkg/apis/mssql.microsoft.com/v1alpha1/zz_generated.deepcopy.go:85.2,87.12 3 0
github.com/microsoft/mssql-operator/pkg/apis/mssql.microsoft.com/v1alpha1/zz_generated.deepcopy.go:91.59,93.25 2 0
github.com/microsoft/mssql-operator/pkg/apis/mssql.microsoft.com/v1alpha1/zz_generated.deepcopy.go:93.25,97.3 3 0
github.com/microsoft/mssql-operator/pkg/apis/mssql.microsoft.com/v1alpha1/zz_generated.deepcopy.go:101.52,102.15 1 0
github.com/microsoft/mssql-operator/pkg/apis/mssql.microsoft.com/v1alpha1/zz_generated.deepcopy.go:102.15,104.3 1 0
github.com/microsoft/mssql-operator/pkg/apis/mssql.microsoft.com/v1alpha1/zz_generated.deepcopy.go:105.2,107.12 3 0
github.com/microsoft/mssql-operator/pkg/apis/mssql.microsoft.com/v1alpha1/zz_generated.deepcopy.go:111.79,113.2 1 0
github.com/microsoft/mssql-operator/pkg/apis/mssql.microsoft.com/v1alpha1/zz_generated.deepcopy.go:116.72,117.15 1 0
github.com/microsoft/mssql-operator/pkg/apis/mssql.microsoft.com/v1alpha1/zz_generated.deepcopy.go:117.15,119.3 1 0
github.com/microsoft/mssql-operator/pkg/apis/mssql.microsoft.com/v1alpha1/zz_generated.deepcopy.go:120.2,122.12 3 0
github.com/microsoft/mssql-operator/pkg/apis/mssql.microsoft.com/v1alpha1/zz_generated.deepcopy.go:126.71,128.33 2 0
github.com/microsoft/mssql-operator/pkg/apis/mssql.microsoft.com/v1alpha1/zz_generated.deepcopy.go:128.33,132.3 3 0
github.com/microsoft/mssql-operator/pkg/apis/mssql.microsoft.com/v1alpha1/zz_generated.deepcopy.go:133.2,134.31 2 0
github.com/microsoft/mssql-operator/pkg/apis/mssql.microsoft.com/v1alpha1/zz_generated.deepcopy.go:134.31,138.3 3 0
github.com/microsoft/mssql-operator/pkg/apis/mssql.microsoft.com/v1alpha1/zz_generated.deepcopy.go:142.64,143.15 1 0
github.com/microsoft/mssql-operator/pkg/apis/mssql.microsoft.com/v1alpha1/zz_generated.deepcopy.go:143.15,145.3 1 0
github.com/microsoft/mssql-operator/pkg/apis/mssql.microsoft.com/v1alpha1/zz_generated.deepcopy.go:146.2,148.12 3 0
github.com/microsoft/mssql-operator/pkg/apis/mssql.microsoft.com/v1alpha1/zz_generated.deepcopy.go:152.79,155.34 3 0
github.com/microsoft/mssql-operator/pkg/apis/mssql.microsoft.com/v1alpha1/zz_generated.deepcopy.go:155.34,158.29 3 0
github.com/microsoft/mssql-operator/pkg/apis/mssql.microsoft.com/v1alpha1/zz_generated.deepcopy.go:158.29,160.4 1 0
github.com/microsoft/mssql-operator/pkg/apis/mssql.microsoft.com/v1alpha1/zz_generated.deepcopy.go:162.2,164.25 3 0
github.com/microsoft/mssql-operator/pkg/apis/mssql.microsoft.com/v1alpha1/zz_generated.deepcopy.go:164.25,168.3 3 0
github.com/microsoft/mssql-operator/pkg/apis/mssql.microsoft.com/v1alpha1/zz_generated.deepcopy.go:172.72,173.15 1 0
github.com/microsoft/mssql-operator/pkg/apis/mssql.microsoft.com/v1alpha1/zz_generated.deepcopy.go:173.15,175.3 1 0
github.com/microsoft/mssql-operator/pkg/apis/mssql.microsoft.com/v1alpha1/zz_generated.deepcopy.go:176.2,178.12 3 0
github.com/microsoft/mssql-operator/pkg/apis/mssql.microsoft.com/v1alpha1/zz_generated.deepcopy.go:182.63,185.2 2 0
github.com/microsoft/mssql-operator/pkg/apis/mssql.microsoft.com/v1alpha1/zz_generated.deepcopy.go:188.56,189.15 1 0
github.com/microsoft/mssql-operator/pkg/apis/mssql.microsoft.com/v1alpha1/zz_generated.deepcopy.go:189.15,191.3 1 0
github.com/microsoft/mssql-operator/pkg/apis/mssql.microsoft.com/v1alpha1/zz_generated.deepcopy.go:192.2,194.12 3 0
github.com/microsoft/mssql-operator/pkg/apis/mssql.microsoft.com/v1alpha1/zz_generated.deepcopy.go:198.61,200.2 1 0
github.com/microsoft/mssql-operator/pkg/apis/mssql.microsoft.com/v1alpha1/zz_generated.deepcopy.go:203.54,204.15 1 0
github.com/microsoft/mssql-operator/pkg/apis/mssql.microsoft.com/v1alpha1/zz_generated.deepcopy.go:204.15,206.3 1 0
github.com/microsoft/mssql-operator/pkg/apis/mssql.microsoft.com/v1alpha1/zz_generated.deepcopy.go:207.2,209.12 3 0
github.com/microsoft/mssql-operator/pkg/apis/mssql.microsoft.com/v1alpha1/zz_generated.deepcopy.go:213.85,215.25 2 0
github.com/microsoft/mssql-operator/pkg/apis/mssql.microsoft.com/v1alpha1/zz_generated.deepcopy.go:215.25,219.3 3 0
github.com/microsoft/mssql-operator/pkg/apis/mssql.microsoft.com/v1alpha1/zz_generated.deepcopy.go:223.78,224.15 1 0
github.com/microsoft/mssql-operator/pkg/apis/mssql.microsoft.com/v1alpha1/zz_generated.deepcopy.go:224.15,226.3 1 0
github.com/microsoft/mssql-operator/pkg/apis/mssql.microsoft.com/v1alpha1/zz_generated.deepcopy.go:227.2,229.12 3 0
github.com/microsoft/mssql-operator/pkg/apis/mssql.microsoft.com/v1alpha1/zz_generated.deepcopy.go:233.73,237.2 3 0
github.com/microsoft/mssql-operator/pkg/apis/mssql.microsoft.com/v1alpha1/zz_generated.deepcopy.go:240.66,241.15 1 0
github.com/microsoft/mssql-operator/pkg/apis/mssql.microsoft.com/v1alpha1/zz_generated.deepcopy.go:241.15,243.3 1 0
github.com/microsoft/mssql-operator/pkg/apis/mssql.microsoft.com/v1alpha1/zz_generated.deepcopy.go:244.2,246.12 3 0
github.com/microsoft/mssql-operator/pkg/apis/mssql.microsoft.com/v1alpha1/zz_generated.deepcopy.go:250.69,252.32 2 0
github.com/microsoft/mssql-operator/pkg/apis/mssql.microsoft.com/v1alpha1/zz_generated.deepcopy.go:252.32,256.3 3 0
github.com/microsoft/mssql-operator/pkg/apis/mssql.microsoft.com/v1alpha1/zz_generated.deepcopy.go:260.62,261.15 1 0
github.com/microsoft/mssql-operator/pkg/apis/mssql.microsoft.com/v1alpha1/zz_generated.deepcopy.go:261.15,263.3 1 0
github.com/microsoft/mssql-operator/pkg/apis/mssql.microsoft.com/v1alpha1/zz_generated.deepcopy.go:264.2,266.12 3 0
github.com/microsoft/mssql-operator/pkg/apis/mssql.microsoft.com/v1alpha1/zz_generated.deepcopy.go:270.57,272.32 2 0
github.com/microsoft/mssql-operator/pkg/apis/mssql.microsoft.com/v1alpha1/zz_generated.deepcopy.go:272.32,276.3 3 0
github.com/microsoft/mssql-operator/pkg/apis/mssql.microsoft.com/v1alpha1/zz_generated.deepcopy.go:277.2,279.22 3 0
github.com/microsoft/mssql-operator/pkg/apis/mssql.microsoft.com/v1alpha1/zz_generated.deepcopy.go:279.22,283.3 3 0
github.com/microsoft/mssql-operator/pkg/apis/mssql.microsoft.com/v1alpha1/zz_generated.deepcopy.go:284.2,284.31 1 0
github.com/microsoft/mssql-operator/pkg/apis/mssql.microsoft.com/v1alpha1/zz_generated.deepcopy.go:284.31,288.3 3 0
github.com/microsoft/mssql-operator/pkg/apis/mssql.microsoft.com/v1alpha1/zz_generated.deepcopy.go:289.2,289.28 1 0
github.com/microsoft/mssql-operator/pkg/apis/mssql.microsoft.com/v1alpha1/zz_generated.deepcopy.go:289.28,292.29 3 0
github.com/microsoft/mssql-operator/pkg/apis/mssql.microsoft.com/v1alpha1/zz_generated.deepcopy.go:292.29,294.4 1 0
github.com/microsoft/mssql-operator/pkg/apis/mssql.microsoft.com/v1alpha1/zz_generated.deepcopy.go:296.2,296.27 1 0
github.com/microsoft/mssql-operator/pkg/apis/mssql.microsoft.com/v1alpha1/zz_generated.deepcopy.go:296.27,299.22 3 0
github.com/microsoft/mssql-operator/pkg/apis/mssql.microsoft.com/v1alpha1/zz_generated.deepcopy.go:299.22,301.4 1 0
github.com/microsoft/mssql-operator/pkg/apis/mssql.microsoft.com/v1alpha1/zz_generated.deepcopy.go:303.2,303.24 1 0
github.com/microsoft/mssql-operator/pkg/apis/mssql.microsoft.com/v1alpha1/zz_generated.deepcopy.go:303.24,307.3 3 0
github.com/microsoft/mssql-operator/pkg/apis/mssql.microsoft.com/v1alpha1/zz_generated.deepcopy.go:311.50,312.15 1 0
github.com/microsoft/mssql-operator/pkg/apis/mssql.microsoft.com/v1alpha1/zz_generated.deepcopy.go:312.15,314.3 1 0
github.com/microsoft/mssql-operator/pkg/apis/mssql.microsoft.com/v1alpha1/zz_generated.deepcopy.go:315.2,317.12 3 0
[...]
github.com/microsoft/mssql-operator/pkg/apis/mssql.microsoft.com/v1alpha1/zz_generated.deepcopy.go:900.2,902.12 3 0
github.com/microsoft/mssql-operator/pkg/apis/mssql.microsoft.com/v1alpha1/zz_generated.deepcopy.go:906.57,908.2 1 0
github.com/microsoft/mssql-operator/pkg/apis/mssql.microsoft.com/v1alpha1/zz_generated.deepcopy.go:911.50,912.15 1 0
github.com/microsoft/mssql-operator/pkg/apis/mssql.microsoft.com/v1alpha1/zz_generated.deepcopy.go:912.15,914.3 1 0
github.com/microsoft/mssql-operator/pkg/apis/mssql.microsoft.com/v1alpha1/zz_generated.deepcopy.go:915.2,917.12 3 0
github.com/microsoft/mssql-operator/pkg/apis/mssql.microsoft.com/v1alpha1/zz_generated.deepcopy.go:921.55,923.24 2 0
github.com/microsoft/mssql-operator/pkg/apis/mssql.microsoft.com/v1alpha1/zz_generated.deepcopy.go:923.24,927.3 3 0
github.com/microsoft/mssql-operator/pkg/apis/mssql.microsoft.com/v1alpha1/zz_generated.deepcopy.go:928.2,928.27 1 0
github.com/microsoft/mssql-operator/pkg/apis/mssql.microsoft.com/v1alpha1/zz_generated.deepcopy.go:928.27,931.29 3 0
github.com/microsoft/mssql-operator/pkg/apis/mssql.microsoft.com/v1alpha1/zz_generated.deepcopy.go:931.29,933.4 1 0
github.com/microsoft/mssql-operator/pkg/apis/mssql.microsoft.com/v1alpha1/zz_generated.deepcopy.go:938.48,939.15 1 0
github.com/microsoft/mssql-operator/pkg/apis/mssql.microsoft.com/v1alpha1/zz_generated.deepcopy.go:939.15,941.3 1 0
github.com/microsoft/mssql-operator/pkg/apis/mssql.microsoft.com/v1alpha1/zz_generated.deepcopy.go:942.2,944.12 3 0
github.com/microsoft/mssql-operator/pkg/apis/mssql.microsoft.com/v1alpha1/zz_generated.deepcopy.go:948.55,951.19 3 0
github.com/microsoft/mssql-operator/pkg/apis/mssql.microsoft.com/v1alpha1/zz_generated.deepcopy.go:951.19,955.3 3 0
github.com/microsoft/mssql-operator/pkg/apis/mssql.microsoft.com/v1alpha1/zz_generated.deepcopy.go:956.2,956.22 1 0
github.com/microsoft/mssql-operator/pkg/apis/mssql.microsoft.com/v1alpha1/zz_generated.deepcopy.go:956.22,960.3 3 0
github.com/microsoft/mssql-operator/pkg/apis/mssql.microsoft.com/v1alpha1/zz_generated.deepcopy.go:961.2,961.22 1 0
github.com/microsoft/mssql-operator/pkg/apis/mssql.microsoft.com/v1alpha1/zz_generated.deepcopy.go:961.22,965.3 3 0
github.com/microsoft/mssql-operator/pkg/apis/mssql.microsoft.com/v1alpha1/zz_generated.deepcopy.go:966.2,966.23 1 0
github.com/microsoft/mssql-operator/pkg/apis/mssql.microsoft.com/v1alpha1/zz_generated.deepcopy.go:966.23,970.3 3 0
github.com/microsoft/mssql-operator/pkg/apis/mssql.microsoft.com/v1alpha1/zz_generated.deepcopy.go:974.48,975.15 1 0
github.com/microsoft/mssql-operator/pkg/apis/mssql.microsoft.com/v1alpha1/zz_generated.deepcopy.go:975.15,977.3 1 0
github.com/microsoft/mssql-operator/pkg/apis/mssql.microsoft.com/v1alpha1/zz_generated.deepcopy.go:978.2,980.12 3 0
github.com/microsoft/mssql-operator/pkg/apis/mssql.microsoft.com/v1alpha1/zz_generated.deepcopy.go:984.79,986.2 1 0
github.com/microsoft/mssql-operator/pkg/apis/mssql.microsoft.com/v1alpha1/zz_generated.deepcopy.go:989.72,990.15 1 0
github.com/microsoft/mssql-operator/pkg/apis/mssql.microsoft.com/v1alpha1/zz_generated.deepcopy.go:990.15,992.3 1 0
github.com/microsoft/mssql-operator/pkg/apis/mssql.microsoft.com/v1alpha1/zz_generated.deepcopy.go:993.2,995.12 3 0
github.com/microsoft/mssql-operator/pkg/apis/mssql.microsoft.com/v1alpha1/zz_generated.deepcopy.go:999.53,1001.28 2 0
github.com/microsoft/mssql-operator/pkg/apis/mssql.microsoft.com/v1alpha1/zz_generated.deepcopy.go:1001.28,1005.3 3 0
github.com/microsoft/mssql-operator/pkg/apis/mssql.microsoft.com/v1alpha1/zz_generated.deepcopy.go:1006.2,1006.24 1 0
github.com/microsoft/mssql-operator/pkg/apis/mssql.microsoft.com/v1alpha1/zz_generated.deepcopy.go:1006.24,1010.3 3 0
github.com/microsoft/mssql-operator/pkg/apis/mssql.microsoft.com/v1alpha1/zz_generated.deepcopy.go:1014.46,1015.15 1 0
github.com/microsoft/mssql-operator/pkg/apis/mssql.microsoft.com/v1alpha1/zz_generated.deepcopy.go:1015.15,1017.3 1 0
github.com/microsoft/mssql-operator/pkg/apis/mssql.microsoft.com/v1alpha1/zz_generated.deepcopy.go:1018.2,1020.12 3 0
github.com/microsoft/mssql-operator/internal/validation/security.go:35.76,41.24 2 0
github.com/microsoft/mssql-operator/internal/validation/security.go:41.24,43.3 1 0
github.com/microsoft/mssql-operator/internal/validation/security.go:46.2,46.32 1 0
github.com/microsoft/mssql-operator/internal/validation/security.go:46.32,47.28 1 0
github.com/microsoft/mssql-operator/internal/validation/security.go:47.28,49.4 1 0
github.com/microsoft/mssql-operator/internal/validation/security.go:50.3,50.28 1 0
github.com/microsoft/mssql-operator/internal/validation/security.go:50.28,52.4 1 0
github.com/microsoft/mssql-operator/internal/validation/security.go:53.3,53.28 1 0
github.com/microsoft/mssql-operator/internal/validation/security.go:53.28,55.4 1 0
github.com/microsoft/mssql-operator/internal/validation/security.go:56.3,56.54 1 0
github.com/microsoft/mssql-operator/internal/validation/security.go:56.54,58.4 1 0
github.com/microsoft/mssql-operator/internal/validation/security.go:62.2,63.25 2 0
github.com/microsoft/mssql-operator/internal/validation/security.go:63.25,65.3 1 0
github.com/microsoft/mssql-operator/internal/validation/security.go:66.2,66.25 1 0
github.com/microsoft/mssql-operator/internal/validation/security.go:66.25,68.3 1 0
github.com/microsoft/mssql-operator/internal/validation/security.go:69.2,69.21 1 0
github.com/microsoft/mssql-operator/internal/validation/security.go:69.21,71.3 1 0
github.com/microsoft/mssql-operator/internal/validation/security.go:72.2,72.27 1 0
github.com/microsoft/mssql-operator/internal/validation/security.go:72.27,74.3 1 0
github.com/microsoft/mssql-operator/internal/validation/security.go:77.2,79.26 2 0
github.com/microsoft/mssql-operator/internal/validation/security.go:79.26,82.3 2 0
github.com/microsoft/mssql-operator/internal/validation/security.go:84.2,84.20 1 0
github.com/microsoft/mssql-operator/internal/validation/security.go:84.20,87.27 3 0
github.com/microsoft/mssql-operator/internal/validation/security.go:87.27,89.4 1 0
github.com/microsoft/mssql-operator/internal/validation/security.go:90.3,90.27 1 0
github.com/microsoft/mssql-operator/internal/validation/security.go:90.27,92.4 1 0
github.com/microsoft/mssql-operator/internal/validation/security.go:93.3,93.23 1 0
github.com/microsoft/mssql-operator/internal/validation/security.go:93.23,95.4 1 0
github.com/microsoft/mssql-operator/internal/validation/security.go:96.3,96.29 1 0
github.com/microsoft/mssql-operator/internal/validation/security.go:96.29,98.4 1 0
github.com/microsoft/mssql-operator/internal/validation/security.go:99.3,99.131 1 0
github.com/microsoft/mssql-operator/internal/validation/security.go:102.2,102.21 1 0
github.com/microsoft/mssql-operator/internal/validation/security.go:102.21,104.3 1 0
github.com/microsoft/mssql-operator/internal/validation/security.go:104.8,106.3 1 0
github.com/microsoft/mssql-operator/internal/validation/security.go:108.2,108.15 1 0
github.com/microsoft/mssql-operator/internal/validation/security.go:162.77,165.16 2 0
github.com/microsoft/mssql-operator/internal/validation/security.go:165.16,168.3 2 0
github.com/microsoft/mssql-operator/internal/validation/security.go:171.2,171.21 1 0
github.com/microsoft/mssql-operator/internal/validation/security.go:171.21,174.3 1 0
github.com/microsoft/mssql-operator/internal/validation/security.go:177.2,177.45 1 0
github.com/microsoft/mssql-operator/internal/validation/security.go:177.45,180.3 1 0
github.com/microsoft/mssql-operator/internal/validation/security.go:183.2,183.48 1 0
github.com/microsoft/mssql-operator/internal/validation/security.go:183.48,185.3 1 0
github.com/microsoft/mssql-operator/internal/validation/security.go:187.2,187.15 1 0
github.com/microsoft/mssql-operator/internal/validation/security.go:191.58,193.2 1 0
github.com/microsoft/mssql-operator/internal/validation/security.go:196.52,198.2 1 0
github.com/microsoft/mssql-operator/internal/validation/security.go:202.48,204.45 1 0
github.com/microsoft/mssql-operator/internal/validation/security.go:204.45,207.3 1 0
github.com/microsoft/mssql-operator/internal/validation/security.go:210.2,213.28 2 0
github.com/microsoft/mssql-operator/internal/validation/security.go:217.68,220.16 2 0
github.com/microsoft/mssql-operator/internal/validation/security.go:220.16,222.3 1 0
github.com/microsoft/mssql-operator/internal/validation/security.go:225.2,225.34 1 0
github.com/microsoft/mssql-operator/internal/validation/security.go:225.34,228.3 1 0
github.com/microsoft/mssql-operator/internal/validation/security.go:231.2,231.36 1 0
github.com/microsoft/mssql-operator/internal/validation/security.go:231.36,233.3 1 0
github.com/microsoft/mssql-operator/internal/validation/security.go:236.2,237.38 2 0
github.com/microsoft/mssql-operator/internal/validation/security.go:237.38,238.35 1 0
github.com/microsoft/mssql-operator/internal/validation/security.go:238.35,240.4 1 0
github.com/microsoft/mssql-operator/internal/validation/security.go:243.2,243.15 1 0
github.com/microsoft/mssql-operator/internal/validation/security.go:247.69,250.16 2 0
github.com/microsoft/mssql-operator/internal/validation/security.go:250.16,253.3 2 0
github.com/microsoft/mssql-operator/internal/validation/security.go:256.2,257.32 2 0
github.com/microsoft/mssql-operator/internal/validation/security.go:257.32,260.3 1 0
github.com/microsoft/mssql-operator/internal/validation/security.go:262.2,262.15 1 0
github.com/microsoft/mssql-operator/internal/validation/security.go:266.84,270.67 2 0
github.com/microsoft/mssql-operator/internal/validation/security.go:270.67,273.3 1 0
github.com/microsoft/mssql-operator/internal/validation/security.go:276.2,276.24 1 0
github.com/microsoft/mssql-operator/internal/validation/security.go:276.24,278.3 1 0
github.com/microsoft/mssql-operator/internal/validation/security.go:280.2,280.15 1 0
github.com/microsoft/mssql-operator/internal/validation/security.go:284.75,287.17 2 0
github.com/microsoft/mssql-operator/internal/validation/security.go:287.17,289.3 1 0
github.com/microsoft/mssql-operator/internal/validation/security.go:292.2,320.38 3 0
github.com/microsoft/mssql-operator/internal/validation/security.go:320.38,321.41 1 0
github.com/microsoft/mssql-operator/internal/validation/security.go:321.41,324.4 1 0
github.com/microsoft/mssql-operator/internal/validation/security.go:327.2,327.15 1 0
github.com/microsoft/mssql-operator/internal/validation/security.go:331.86,336.38 3 0
github.com/microsoft/mssql-operator/internal/validation/security.go:336.38,337.36 1 0
github.com/microsoft/mssql-operator/internal/validation/security.go:337.36,339.4 1 0
github.com/microsoft/mssql-operator/internal/validation/security.go:342.2,342.15 1 0
github.com/microsoft/mssql-operator/internal/validation/validators.go:48.50,57.2 1 0
github.com/microsoft/mssql-operator/internal/validation/validators.go:67.46,73.2 1 0
github.com/microsoft/mssql-operator/internal/validation/validators.go:76.73,79.2 2 0
github.com/microsoft/mssql-operator/internal/validation/validators.go:82.75,84.2 1 0
github.com/microsoft/mssql-operator/internal/validation/validators.go:87.59,88.18 1 0
github.com/microsoft/mssql-operator/internal/validation/validators.go:88.18,90.3 1 0
github.com/microsoft/mssql-operator/internal/validation/validators.go:91.2,92.52 2 0
github.com/microsoft/mssql-operator/internal/validation/validators.go:102.73,103.19 1 0
github.com/microsoft/mssql-operator/internal/validation/validators.go:103.19,105.3 1 0
github.com/microsoft/mssql-operator/internal/validation/validators.go:106.2,109.3 1 0
github.com/microsoft/mssql-operator/internal/validation/validators.go:113.94,116.16 2 0
github.com/microsoft/mssql-operator/internal/validation/validators.go:116.16,119.3 1 0
github.com/microsoft/mssql-operator/internal/validation/validators.go:121.2,121.39 1 0
github.com/microsoft/mssql-operator/internal/validation/validators.go:121.39,123.3 1 0
github.com/microsoft/mssql-operator/internal/validation/validators.go:126.2,132.16 5 0
github.com/microsoft/mssql-operator/internal/validation/validators.go:132.16,133.29 1 0
github.com/microsoft/mssql-operator/internal/validation/validators.go:133.29,140.50 3 0
github.com/microsoft/mssql-operator/internal/validation/validators.go:140.50,142.5 1 0
github.com/microsoft/mssql-operator/internal/validation/validators.go:142.10,144.5 1 0
github.com/microsoft/mssql-operator/internal/validation/validators.go:145.9,145.51 1 0
github.com/microsoft/mssql-operator/internal/validation/validators.go:145.51,149.4 2 0
github.com/microsoft/mssql-operator/internal/validation/validators.go:149.9,153.4 2 0
github.com/microsoft/mssql-operator/internal/validation/validators.go:156.2,156.15 1 0
github.com/microsoft/mssql-operator/internal/validation/validators.go:160.79,165.51 4 0
github.com/microsoft/mssql-operator/internal/validation/validators.go:165.51,167.3 1 0
github.com/microsoft/mssql-operator/internal/validation/validators.go:169.2,170.34 2 0
github.com/microsoft/mssql-operator/internal/validation/validators.go:170.34,172.3 1 0
github.com/microsoft/mssql-operator/internal/validation/validators.go:174.2,174.21 1 0
github.com/microsoft/mssql-operator/internal/validation/validators.go:174.21,176.3 1 0
github.com/microsoft/mssql-operator/internal/validation/validators.go:177.2,177.14 1 0
github.com/microsoft/mssql-operator/internal/validation/validators.go:181.105,184.16 2 0
github.com/microsoft/mssql-operator/internal/validation/validators.go:184.16,187.3 2 0
github.com/microsoft/mssql-operator/internal/validation/validators.go:189.2,189.39 1 0
github.com/microsoft/mssql-operator/internal/validation/validators.go:189.39,191.3 1 0
github.com/microsoft/mssql-operator/internal/validation/validators.go:194.2,205.16 5 0
github.com/microsoft/mssql-operator/internal/validation/validators.go:205.16,206.29 1 0
github.com/microsoft/mssql-operator/internal/validation/validators.go:206.29,211.44 2 0
github.com/microsoft/mssql-operator/internal/validation/validators.go:211.44,213.5 1 0
github.com/microsoft/mssql-operator/internal/validation/validators.go:213.10,216.5 2 0
github.com/microsoft/mssql-operator/internal/validation/validators.go:217.9,217.51 1 0
github.com/microsoft/mssql-operator/internal/validation/validators.go:217.51,220.4 2 0
github.com/microsoft/mssql-operator/internal/validation/validators.go:225.2,227.15 2 0
github.com/microsoft/mssql-operator/internal/validation/validators.go:242.73,245.16 2 0
github.com/microsoft/mssql-operator/internal/validation/validators.go:245.16,248.3 2 0
github.com/microsoft/mssql-operator/internal/validation/validators.go:250.2,250.27 1 0
github.com/microsoft/mssql-operator/internal/validation/validators.go:250.27,253.3 1 0
github.com/microsoft/mssql-operator/internal/validation/validators.go:256.2,257.32 2 0
github.com/microsoft/mssql-operator/internal/validation/validators.go:257.32,260.3 1 0
github.com/microsoft/mssql-operator/internal/validation/validators.go:262.2,262.15 1 0
github.com/microsoft/mssql-operator/internal/validation/validators.go:266.59,269.2 1 0
github.com/microsoft/mssql-operator/internal/validation/validators.go:272.57,275.21 2 0
github.com/microsoft/mssql-operator/internal/validation/validators.go:275.21,277.3 1 0
github.com/microsoft/mssql-operator/internal/validation/validators.go:279.2,279.17 1 0
github.com/microsoft/mssql-operator/internal/validation/validators.go:279.17,281.3 1 0
github.com/microsoft/mssql-operator/internal/validation/validators.go:284.2,285.33 2 0
github.com/microsoft/mssql-operator/internal/validation/validators.go:285.33,288.3 1 0
github.com/microsoft/mssql-operator/internal/validation/validators.go:290.2,290.15 1 0
github.com/microsoft/mssql-operator/internal/validation/validators.go:294.77,297.20 2 0
github.com/microsoft/mssql-operator/internal/validation/validators.go:297.20,299.3 1 0
github.com/microsoft/mssql-operator/internal/validation/validators.go:301.2,301.28 1 0
github.com/microsoft/mssql-operator/internal/validation/validators.go:301.28,304.3 1 0
github.com/microsoft/mssql-operator/internal/validation/validators.go:306.2,306.15 1 0
github.com/microsoft/mssql-operator/internal/validation/validators.go:310.64,313.29 2 0
github.com/microsoft/mssql-operator/internal/validation/validators.go:313.29,315.3 1 0
github.com/microsoft/mssql-operator/internal/validation/validators.go:317.2,317.15 1 0
github.com/microsoft/mssql-operator/internal/validation/validators.go:321.44,322.22 1 0
github.com/microsoft/mssql-operator/internal/validation/validators.go:322.22,324.3 1 0
github.com/microsoft/mssql-operator/internal/validation/validators.go:325.2,325.27 1 0
github.com/microsoft/mssql-operator/internal/validation/validators.go:329.67,332.30 2 0
github.com/microsoft/mssql-operator/internal/validation/validators.go:332.30,334.3 1 0
github.com/microsoft/mssql-operator/internal/validation/validators.go:337.2,337.17 1 0
github.com/microsoft/mssql-operator/internal/validation/validators.go:337.17,339.3 1 0
github.com/microsoft/mssql-operator/internal/validation/validators.go:341.2,341.15 1 0
github.com/microsoft/mssql-operator/internal/validation/validators.go:345.72,348.24 2 0
github.com/microsoft/mssql-operator/internal/validation/validators.go:348.24,351.3 2 0
github.com/microsoft/mssql-operator/internal/validation/validators.go:354.2,357.29 3 0
github.com/microsoft/mssql-operator/internal/validation/validators.go:357.29,359.3 1 0
github.com/microsoft/mssql-operator/internal/validation/validators.go:361.2,361.15 1 0
github.com/microsoft/mssql-operator/internal/validation/validators.go:365.40,367.13 2 0
github.com/microsoft/mssql-operator/internal/validation/validators.go:367.13,369.3 1 0
github.com/microsoft/mssql-operator/internal/validation/validators.go:371.2,374.32 3 0
github.com/microsoft/mssql-operator/internal/validation/validators.go:374.32,377.3 2 0
github.com/microsoft/mssql-operator/internal/validation/validators.go:377.8,377.39 1 0
github.com/microsoft/mssql-operator/internal/validation/validators.go:377.39,380.3 2 0
github.com/microsoft/mssql-operator/internal/validation/validators.go:380.8,380.39 1 0
github.com/microsoft/mssql-operator/internal/validation/validators.go:380.39,383.3 2 0
github.com/microsoft/mssql-operator/internal/validation/validators.go:383.8,383.39 1 0
github.com/microsoft/mssql-operator/internal/validation/validators.go:383.39,386.3 2 0
github.com/microsoft/mssql-operator/internal/validation/validators.go:386.8,386.38 1 0
github.com/microsoft/mssql-operator/internal/validation/validators.go:386.38,389.3 2 0
github.com/microsoft/mssql-operator/internal/validation/validators.go:389.8,389.38 1 0
github.com/microsoft/mssql-operator/internal/validation/validators.go:389.38,392.3 2 0
github.com/microsoft/mssql-operator/internal/validation/validators.go:392.8,392.38 1 0
github.com/microsoft/mssql-operator/internal/validation/validators.go:392.38,395.3 2 0
github.com/microsoft/mssql-operator/internal/validation/validators.go:395.8,397.3 1 0
github.com/microsoft/mssql-operator/internal/validation/validators.go:399.2,401.25 3 0
github.com/microsoft/mssql-operator/internal/validation/validators.go:405.61,408.17 2 0
github.com/microsoft/mssql-operator/internal/validation/validators.go:408.17,411.3 2 0
github.com/microsoft/mssql-operator/internal/validation/validators.go:414.2,414.34 1 0
github.com/microsoft/mssql-operator/internal/validation/validators.go:414.34,416.3 1 0
github.com/microsoft/mssql-operator/internal/validation/validators.go:419.2,420.38 2 0
github.com/microsoft/mssql-operator/internal/validation/validators.go:420.38,421.36 1 0
github.com/microsoft/mssql-operator/internal/validation/validators.go:421.36,423.4 1 0
github.com/microsoft/mssql-operator/internal/validation/validators.go:428.2,429.38 2 0
github.com/microsoft/mssql-operator/internal/validation/validators.go:429.38,431.3 1 0
github.com/microsoft/mssql-operator/internal/validation/validators.go:433.2,433.15 1 0
