mode: set
github.com/microsoft/mssql-operator/cmd/mssql-operator/main.go:36.13,40.2 2 0
github.com/microsoft/mssql-operator/cmd/mssql-operator/main.go:42.13,82.16 18 0
github.com/microsoft/mssql-operator/cmd/mssql-operator/main.go:82.16,85.3 2 0
github.com/microsoft/mssql-operator/cmd/mssql-operator/main.go:88.2,92.48 1 0
github.com/microsoft/mssql-operator/cmd/mssql-operator/main.go:92.48,95.3 2 0
github.com/microsoft/mssql-operator/cmd/mssql-operator/main.go:98.2,102.39 1 0
github.com/microsoft/mssql-operator/cmd/mssql-operator/main.go:102.39,105.3 2 0
github.com/microsoft/mssql-operator/cmd/mssql-operator/main.go:109.2,109.69 1 0
github.com/microsoft/mssql-operator/cmd/mssql-operator/main.go:109.69,112.3 2 0
github.com/microsoft/mssql-operator/cmd/mssql-operator/main.go:113.2,113.67 1 0
github.com/microsoft/mssql-operator/cmd/mssql-operator/main.go:113.67,116.3 2 0
github.com/microsoft/mssql-operator/cmd/mssql-operator/main.go:118.2,124.61 2 0
github.com/microsoft/mssql-operator/cmd/mssql-operator/main.go:124.61,127.3 2 0
github.com/microsoft/mssql-operator/pkg/apis/mssql.microsoft.com/v1alpha1/operatorconfiguration_types.go:265.13,267.2 1 0
github.com/microsoft/mssql-operator/pkg/apis/mssql.microsoft.com/v1alpha1/sqlserver_types.go:398.13,400.2 1 0
github.com/microsoft/mssql-operator/pkg/apis/mssql.microsoft.com/v1alpha1/sqlserver_types.go:403.43,404.28 1 0
github.com/microsoft/mssql-operator/pkg/apis/mssql.microsoft.com/v1alpha1/sqlserver_types.go:404.28,406.3 1 0
github.com/microsoft/mssql-operator/pkg/apis/mssql.microsoft.com/v1alpha1/sqlserver_types.go:408.2,408.19 1 0
github.com/microsoft/mssql-operator/pkg/apis/mssql.microsoft.com/v1alpha1/sqlserver_types.go:409.14,410.54 1 0
github.com/microsoft/mssql-operator/pkg/apis/mssql.microsoft.com/v1alpha1/sqlserver_types.go:411.14,412.54 1 0
github.com/microsoft/mssql-operator/pkg/apis/mssql.microsoft.com/v1alpha1/sqlserver_types.go:413.14,414.54 1 0
github.com/microsoft/mssql-operator/pkg/apis/mssql.microsoft.com/v1alpha1/sqlserver_types.go:415.10,416.54 1 0
github.com/microsoft/mssql-operator/pkg/apis/mssql.microsoft.com/v1alpha1/sqlserver_types.go:421.48,422.19 1 0
github.com/microsoft/mssql-operator/pkg/apis/mssql.microsoft.com/v1alpha1/sqlserver_types.go:423.20,424.22 1 0
github.com/microsoft/mssql-operator/pkg/apis/mssql.microsoft.com/v1alpha1/sqlserver_types.go:425.18,426.20 1 0
github.com/microsoft/mssql-operator/pkg/apis/mssql.microsoft.com/v1alpha1/sqlserver_types.go:427.17,428.19 1 0
github.com/microsoft/mssql-operator/pkg/apis/mssql.microsoft.com/v1alpha1/sqlserver_types.go:429.10,430.21 1 0
github.com/microsoft/mssql-operator/pkg/apis/mssql.microsoft.com/v1alpha1/sqlserverag_types.go:324.13,326.2 1 0
github.com/microsoft/mssql-operator/pkg/apis/mssql.microsoft.com/v1alpha1/sqlserverag_types.go:330.72,332.22 1 0
github.com/microsoft/mssql-operator/pkg/apis/mssql.microsoft.com/v1alpha1/sqlserverag_types.go:332.22,334.3 1 0
github.com/microsoft/mssql-operator/pkg/apis/mssql.microsoft.com/v1alpha1/sqlserverag_types.go:335.2,335.30 1 0
github.com/microsoft/mssql-operator/pkg/apis/mssql.microsoft.com/v1alpha1/zz_generated.deepcopy.go:14.53,16.2 1 0
github.com/microsoft/mssql-operator/pkg/apis/mssql.microsoft.com/v1alpha1/zz_generated.deepcopy.go:19.46,20.15 1 0
github.com/microsoft/mssql-operator/pkg/apis/mssql.microsoft.com/v1alpha1/zz_generated.deepcopy.go:20.15,22.3 1 0
github.com/microsoft/mssql-operator/pkg/apis/mssql.microsoft.com/v1alpha1/zz_generated.deepcopy.go:23.2,25.12 3 0
github.com/microsoft/mssql-operator/pkg/apis/mssql.microsoft.com/v1alpha1/zz_generated.deepcopy.go:29.63,31.23 2 0
github.com/microsoft/mssql-operator/pkg/apis/mssql.microsoft.com/v1alpha1/zz_generated.deepcopy.go:31.23,35.3 3 0
github.com/microsoft/mssql-operator/pkg/apis/mssql.microsoft.com/v1alpha1/zz_generated.deepcopy.go:36.2,36.25 1 0
github.com/microsoft/mssql-operator/pkg/apis/mssql.microsoft.com/v1alpha1/zz_generated.deepcopy.go:36.25,40.3 3 0
github.com/microsoft/mssql-operator/pkg/apis/mssql.microsoft.com/v1alpha1/zz_generated.deepcopy.go:44.56,45.15 1 0
github.com/microsoft/mssql-operator/pkg/apis/mssql.microsoft.com/v1alpha1/zz_generated.deepcopy.go:45.15,47.3 1 0
github.com/microsoft/mssql-operator/pkg/apis/mssql.microsoft.com/v1alpha1/zz_generated.deepcopy.go:48.2,50.12 3 0
github.com/microsoft/mssql-operator/pkg/apis/mssql.microsoft.com/v1alpha1/zz_generated.deepcopy.go:54.63,56.2 1 0
github.com/microsoft/mssql-operator/pkg/apis/mssql.microsoft.com/v1alpha1/zz_generated.deepcopy.go:59.56,60.15 1 0
github.com/microsoft/mssql-operator/pkg/apis/mssql.microsoft.com/v1alpha1/zz_generated.deepcopy.go:60.15,62.3 1 0
github.com/microsoft/mssql-operator/pkg/apis/mssql.microsoft.com/v1alpha1/zz_generated.deepcopy.go:63.2,65.12 3 0
github.com/microsoft/mssql-operator/pkg/apis/mssql.microsoft.com/v1alpha1/zz_generated.deepcopy.go:69.59,71.27 2 0
github.com/microsoft/mssql-operator/pkg/apis/mssql.microsoft.com/v1alpha1/zz_generated.deepcopy.go:71.27,74.29 3 0
github.com/microsoft/mssql-operator/pkg/apis/mssql.microsoft.com/v1alpha1/zz_generated.deepcopy.go:74.29,76.4 1 0
github.com/microsoft/mssql-operator/pkg/apis/mssql.microsoft.com/v1alpha1/zz_generated.deepcopy.go:81.52,82.15 1 0
github.com/microsoft/mssql-operator/pkg/apis/mssql.microsoft.com/v1alpha1/zz_generated.deepcopy.go:82.15,84.3 1 0
github.com/microsoft/mssql-operator/pkg/apis/mssql.microsoft.com/v1alpha1/zz_generated.deepcopy.go:85.2,87.12 3 0
github.com/microsoft/mssql-operator/pkg/apis/mssql.microsoft.com/v1alpha1/zz_generated.deepcopy.go:91.59,93.25 2 0
github.com/microsoft/mssql-operator/pkg/apis/mssql.microsoft.com/v1alpha1/zz_generated.deepcopy.go:93.25,97.3 3 0
github.com/microsoft/mssql-operator/pkg/apis/mssql.microsoft.com/v1alpha1/zz_generated.deepcopy.go:101.52,102.15 1 0
github.com/microsoft/mssql-operator/pkg/apis/mssql.microsoft.com/v1alpha1/zz_generated.deepcopy.go:102.15,104.3 1 0
github.com/microsoft/mssql-operator/pkg/apis/mssql.microsoft.com/v1alpha1/zz_generated.deepcopy.go:105.2,107.12 3 0
github.com/microsoft/mssql-operator/pkg/apis/mssql.microsoft.com/v1alpha1/zz_generated.deepcopy.go:111.79,113.2 1 0
github.com/microsoft/mssql-operator/pkg/apis/mssql.microsoft.com/v1alpha1/zz_generated.deepcopy.go:116.72,117.15 1 0
github.com/microsoft/mssql-operator/pkg/apis/mssql.microsoft.com/v1alpha1/zz_generated.deepcopy.go:117.15,119.3 1 0
github.com/microsoft/mssql-operator/pkg/apis/mssql.microsoft.com/v1alpha1/zz_generated.deepcopy.go:120.2,122.12 3 0
github.com/microsoft/mssql-operator/pkg/apis/mssql.microsoft.com/v1alpha1/zz_generated.deepcopy.go:126.71,128.33 2 0
github.com/microsoft/mssql-operator/pkg/apis/mssql.microsoft.com/v1alpha1/zz_generated.deepcopy.go:128.33,132.3 3 0
github.com/microsoft/mssql-operator/pkg/apis/mssql.microsoft.com/v1alpha1/zz_generated.deepcopy.go:133.2,134.31 2 0
github.com/microsoft/mssql-operator/pkg/apis/mssql.microsoft.com/v1alpha1/zz_generated.deepcopy.go:134.31,138.3 3 0
github.com/microsoft/mssql-operator/pkg/apis/mssql.microsoft.com/v1alpha1/zz_generated.deepcopy.go:142.64,143.15 1 0
github.com/microsoft/mssql-operator/pkg/apis/mssql.microsoft.com/v1alpha1/zz_generated.deepcopy.go:143.15,145.3 1 0
github.com/microsoft/mssql-operator/pkg/apis/mssql.microsoft.com/v1alpha1/zz_generated.deepcopy.go:146.2,148.12 3 0
github.com/microsoft/mssql-operator/pkg/apis/mssql.microsoft.com/v1alpha1/zz_generated.deepcopy.go:152.79,155.34 3 0
github.com/microsoft/mssql-operator/pkg/apis/mssql.microsoft.com/v1alpha1/zz_generated.deepcopy.go:155.34,158.29 3 0
github.com/microsoft/mssql-operator/pkg/apis/mssql.microsoft.com/v1alpha1/zz_generated.deepcopy.go:158.29,160.4 1 0
github.com/microsoft/mssql-operator/pkg/apis/mssql.microsoft.com/v1alpha1/zz_generated.deepcopy.go:162.2,164.25 3 0
github.com/microsoft/mssql-operator/pkg/apis/mssql.microsoft.com/v1alpha1/zz_generated.deepcopy.go:164.25,168.3 3 0
github.com/microsoft/mssql-operator/pkg/apis/mssql.microsoft.com/v1alpha1/zz_generated.deepcopy.go:172.72,173.15 1 0
github.com/microsoft/mssql-operator/pkg/apis/mssql.microsoft.com/v1alpha1/zz_generated.deepcopy.go:173.15,175.3 1 0
github.com/microsoft/mssql-operator/pkg/apis/mssql.microsoft.com/v1alpha1/zz_generated.deepcopy.go:176.2,178.12 3 0
github.com/microsoft/mssql-operator/pkg/apis/mssql.microsoft.com/v1alpha1/zz_generated.deepcopy.go:182.63,185.2 2 0
github.com/microsoft/mssql-operator/pkg/apis/mssql.microsoft.com/v1alpha1/zz_generated.deepcopy.go:188.56,189.15 1 0
github.com/microsoft/mssql-operator/pkg/apis/mssql.microsoft.com/v1alpha1/zz_generated.deepcopy.go:189.15,191.3 1 0
github.com/microsoft/mssql-operator/pkg/apis/mssql.microsoft.com/v1alpha1/zz_generated.deepcopy.go:192.2,194.12 3 0
github.com/microsoft/mssql-operator/pkg/apis/mssql.microsoft.com/v1alpha1/zz_generated.deepcopy.go:198.61,200.2 1 0
github.com/microsoft/mssql-operator/pkg/apis/mssql.microsoft.com/v1alpha1/zz_generated.deepcopy.go:203.54,204.15 1 0
github.com/microsoft/mssql-operator/pkg/apis/mssql.microsoft.com/v1alpha1/zz_generated.deepcopy.go:204.15,206.3 1 0
github.com/microsoft/mssql-operator/pkg/apis/mssql.microsoft.com/v1alpha1/zz_generated.deepcopy.go:207.2,209.12 3 0
github.com/microsoft/mssql-operator/pkg/apis/mssql.microsoft.com/v1alpha1/zz_generated.deepcopy.go:213.85,215.25 2 0
github.com/microsoft/mssql-operator/pkg/apis/mssql.microsoft.com/v1alpha1/zz_generated.deepcopy.go:215.25,219.3 3 0
github.com/microsoft/mssql-operator/pkg/apis/mssql.microsoft.com/v1alpha1/zz_generated.deepcopy.go:223.78,224.15 1 0
github.com/microsoft/mssql-operator/pkg/apis/mssql.microsoft.com/v1alpha1/zz_generated.deepcopy.go:224.15,226.3 1 0
github.com/microsoft/mssql-operator/pkg/apis/mssql.microsoft.com/v1alpha1/zz_generated.deepcopy.go:227.2,229.12 3 0
github.com/microsoft/mssql-operator/pkg/apis/mssql.microsoft.com/v1alpha1/zz_generated.deepcopy.go:233.73,237.2 3 0
github.com/microsoft/mssql-operator/pkg/apis/mssql.microsoft.com/v1alpha1/zz_generated.deepcopy.go:240.66,241.15 1 0
github.com/microsoft/mssql-operator/pkg/apis/mssql.microsoft.com/v1alpha1/zz_generated.deepcopy.go:241.15,243.3 1 0
github.com/microsoft/mssql-operator/pkg/apis/mssql.microsoft.com/v1alpha1/zz_generated.deepcopy.go:244.2,246.12 3 0
github.com/microsoft/mssql-operator/pkg/apis/mssql.microsoft.com/v1alpha1/zz_generated.deepcopy.go:250.57,252.32 2 0
github.com/microsoft/mssql-operator/pkg/apis/mssql.microsoft.com/v1alpha1/zz_generated.deepcopy.go:252.32,256.3 3 0
github.com/microsoft/mssql-operator/pkg/apis/mssql.microsoft.com/v1alpha1/zz_generated.deepcopy.go:257.2,259.22 3 0
github.com/microsoft/mssql-operator/pkg/apis/mssql.microsoft.com/v1alpha1/zz_generated.deepcopy.go:259.22,263.3 3 0
github.com/microsoft/mssql-operator/pkg/apis/mssql.microsoft.com/v1alpha1/zz_generated.deepcopy.go:264.2,264.31 1 0
github.com/microsoft/mssql-operator/pkg/apis/mssql.microsoft.com/v1alpha1/zz_generated.deepcopy.go:264.31,268.3 3 0
github.com/microsoft/mssql-operator/pkg/apis/mssql.microsoft.com/v1alpha1/zz_generated.deepcopy.go:269.2,269.28 1 0
github.com/microsoft/mssql-operator/pkg/apis/mssql.microsoft.com/v1alpha1/zz_generated.deepcopy.go:269.28,272.29 3 0
github.com/microsoft/mssql-operator/pkg/apis/mssql.microsoft.com/v1alpha1/zz_generated.deepcopy.go:272.29,274.4 1 0
github.com/microsoft/mssql-operator/pkg/apis/mssql.microsoft.com/v1alpha1/zz_generated.deepcopy.go:276.2,276.27 1 0
github.com/microsoft/mssql-operator/pkg/apis/mssql.microsoft.com/v1alpha1/zz_generated.deepcopy.go:276.27,279.22 3 0
github.com/microsoft/mssql-operator/pkg/apis/mssql.microsoft.com/v1alpha1/zz_generated.deepcopy.go:279.22,281.4 1 0
github.com/microsoft/mssql-operator/pkg/apis/mssql.microsoft.com/v1alpha1/zz_generated.deepcopy.go:283.2,283.24 1 0
github.com/microsoft/mssql-operator/pkg/apis/mssql.microsoft.com/v1alpha1/zz_generated.deepcopy.go:283.24,287.3 3 0
github.com/microsoft/mssql-operator/pkg/apis/mssql.microsoft.com/v1alpha1/zz_generated.deepcopy.go:291.50,292.15 1 0
github.com/microsoft/mssql-operator/pkg/apis/mssql.microsoft.com/v1alpha1/zz_generated.deepcopy.go:292.15,294.3 1 0
github.com/microsoft/mssql-operator/pkg/apis/mssql.microsoft.com/v1alpha1/zz_generated.deepcopy.go:295.2,297.12 3 0
github.com/microsoft/mssql-operator/pkg/apis/mssql.microsoft.com/v1alpha1/zz_generated.deepcopy.go:301.61,303.2 1 0
github.com/microsoft/mssql-operator/pkg/apis/mssql.microsoft.com/v1alpha1/zz_generated.deepcopy.go:306.54,307.15 1 0
github.com/microsoft/mssql-operator/pkg/apis/mssql.microsoft.com/v1alpha1/zz_generated.deepcopy.go:307.15,309.3 1 0
github.com/microsoft/mssql-operator/pkg/apis/mssql.microsoft.com/v1alpha1/zz_generated.deepcopy.go:310.2,312.12 3 0
github.com/microsoft/mssql-operator/pkg/apis/mssql.microsoft.com/v1alpha1/zz_generated.deepcopy.go:316.79,318.31 2 0
github.com/microsoft/mssql-operator/pkg/apis/mssql.microsoft.com/v1alpha1/zz_generated.deepcopy.go:318.31,322.3 3 0
github.com/microsoft/mssql-operator/pkg/apis/mssql.microsoft.com/v1alpha1/zz_generated.deepcopy.go:323.2,323.36 1 0
github.com/microsoft/mssql-operator/pkg/apis/mssql.microsoft.com/v1alpha1/zz_generated.deepcopy.go:323.36,327.3 3 0
github.com/microsoft/mssql-operator/pkg/apis/mssql.microsoft.com/v1alpha1/zz_generated.deepcopy.go:328.2,328.31 1 0
github.com/microsoft/mssql-operator/pkg/apis/mssql.microsoft.com/v1alpha1/zz_generated.deepcopy.go:328.31,332.3 3 0
github.com/microsoft/mssql-operator/pkg/apis/mssql.microsoft.com/v1alpha1/zz_generated.deepcopy.go:336.72,337.15 1 0
github.com/microsoft/mssql-operator/pkg/apis/mssql.microsoft.com/v1alpha1/zz_generated.deepcopy.go:337.15,339.3 1 0
github.com/microsoft/mssql-operator/pkg/apis/mssql.microsoft.com/v1alpha1/zz_generated.deepcopy.go:340.2,342.12 3 0
github.com/microsoft/mssql-operator/pkg/apis/mssql.microsoft.com/v1alpha1/zz_generated.deepcopy.go:346.69,348.2 1 0
github.com/microsoft/mssql-operator/pkg/apis/mssql.microsoft.com/v1alpha1/zz_generated.deepcopy.go:351.62,352.15 1 0
github.com/microsoft/mssql-operator/pkg/apis/mssql.microsoft.com/v1alpha1/zz_generated.deepcopy.go:352.15,354.3 1 0
github.com/microsoft/mssql-operator/pkg/apis/mssql.microsoft.com/v1alpha1/zz_generated.deepcopy.go:355.2,357.12 3 0
github.com/microsoft/mssql-operator/pkg/apis/mssql.microsoft.com/v1alpha1/zz_generated.deepcopy.go:361.61,363.33 2 0
github.com/microsoft/mssql-operator/pkg/apis/mssql.microsoft.com/v1alpha1/zz_generated.deepcopy.go:363.33,367.3 3 0
github.com/microsoft/mssql-operator/pkg/apis/mssql.microsoft.com/v1alpha1/zz_generated.deepcopy.go:371.54,372.15 1 0
github.com/microsoft/mssql-operator/pkg/apis/mssql.microsoft.com/v1alpha1/zz_generated.deepcopy.go:372.15,374.3 1 0
github.com/microsoft/mssql-operator/pkg/apis/mssql.microsoft.com/v1alpha1/zz_generated.deepcopy.go:375.2,377.12 3 0
github.com/microsoft/mssql-operator/pkg/apis/mssql.microsoft.com/v1alpha1/zz_generated.deepcopy.go:381.53,383.22 2 0
github.com/microsoft/mssql-operator/pkg/apis/mssql.microsoft.com/v1alpha1/zz_generated.deepcopy.go:383.22,386.29 3 0
github.com/microsoft/mssql-operator/pkg/apis/mssql.microsoft.com/v1alpha1/zz_generated.deepcopy.go:386.29,388.4 1 0
github.com/microsoft/mssql-operator/pkg/apis/mssql.microsoft.com/v1alpha1/zz_generated.deepcopy.go:390.2,390.27 1 0
github.com/microsoft/mssql-operator/pkg/apis/mssql.microsoft.com/v1alpha1/zz_generated.deepcopy.go:390.27,393.29 3 0
github.com/microsoft/mssql-operator/pkg/apis/mssql.microsoft.com/v1alpha1/zz_generated.deepcopy.go:393.29,395.4 1 0
github.com/microsoft/mssql-operator/pkg/apis/mssql.microsoft.com/v1alpha1/zz_generated.deepcopy.go:400.46,401.15 1 0
github.com/microsoft/mssql-operator/pkg/apis/mssql.microsoft.com/v1alpha1/zz_generated.deepcopy.go:401.15,403.3 1 0
github.com/microsoft/mssql-operator/pkg/apis/mssql.microsoft.com/v1alpha1/zz_generated.deepcopy.go:404.2,406.12 3 0
github.com/microsoft/mssql-operator/pkg/apis/mssql.microsoft.com/v1alpha1/zz_generated.deepcopy.go:410.75,416.2 5 0
github.com/microsoft/mssql-operator/pkg/apis/mssql.microsoft.com/v1alpha1/zz_generated.deepcopy.go:419.68,420.15 1 0
github.com/microsoft/mssql-operator/pkg/apis/mssql.microsoft.com/v1alpha1/zz_generated.deepcopy.go:420.15,422.3 1 0
github.com/microsoft/mssql-operator/pkg/apis/mssql.microsoft.com/v1alpha1/zz_generated.deepcopy.go:423.2,425.12 3 0
github.com/microsoft/mssql-operator/pkg/apis/mssql.microsoft.com/v1alpha1/zz_generated.deepcopy.go:429.66,430.34 1 0
github.com/microsoft/mssql-operator/pkg/apis/mssql.microsoft.com/v1alpha1/zz_generated.deepcopy.go:430.34,432.3 1 0
github.com/microsoft/mssql-operator/pkg/apis/mssql.microsoft.com/v1alpha1/zz_generated.deepcopy.go:433.2,433.12 1 0
github.com/microsoft/mssql-operator/pkg/apis/mssql.microsoft.com/v1alpha1/zz_generated.deepcopy.go:437.83,441.21 4 0
github.com/microsoft/mssql-operator/pkg/apis/mssql.microsoft.com/v1alpha1/zz_generated.deepcopy.go:441.21,444.22 3 0
github.com/microsoft/mssql-operator/pkg/apis/mssql.microsoft.com/v1alpha1/zz_generated.deepcopy.go:444.22,446.4 1 0
github.com/microsoft/mssql-operator/pkg/apis/mssql.microsoft.com/v1alpha1/zz_generated.deepcopy.go:451.76,452.15 1 0
github.com/microsoft/mssql-operator/pkg/apis/mssql.microsoft.com/v1alpha1/zz_generated.deepcopy.go:452.15,454.3 1 0
github.com/microsoft/mssql-operator/pkg/apis/mssql.microsoft.com/v1alpha1/zz_generated.deepcopy.go:455.2,457.12 3 0
github.com/microsoft/mssql-operator/pkg/apis/mssql.microsoft.com/v1alpha1/zz_generated.deepcopy.go:461.70,462.34 1 0
github.com/microsoft/mssql-operator/pkg/apis/mssql.microsoft.com/v1alpha1/zz_generated.deepcopy.go:462.34,464.3 1 0
github.com/microsoft/mssql-operator/pkg/apis/mssql.microsoft.com/v1alpha1/zz_generated.deepcopy.go:465.2,465.12 1 0
github.com/microsoft/mssql-operator/pkg/apis/mssql.microsoft.com/v1alpha1/zz_generated.deepcopy.go:469.83,471.26 2 0
github.com/microsoft/mssql-operator/pkg/apis/mssql.microsoft.com/v1alpha1/zz_generated.deepcopy.go:471.26,475.3 3 0
github.com/microsoft/mssql-operator/pkg/apis/mssql.microsoft.com/v1alpha1/zz_generated.deepcopy.go:476.2,476.32 1 0
github.com/microsoft/mssql-operator/pkg/apis/mssql.microsoft.com/v1alpha1/zz_generated.deepcopy.go:476.32,480.3 3 0
github.com/microsoft/mssql-operator/pkg/apis/mssql.microsoft.com/v1alpha1/zz_generated.deepcopy.go:481.2,481.26 1 0
github.com/microsoft/mssql-operator/pkg/apis/mssql.microsoft.com/v1alpha1/zz_generated.deepcopy.go:481.26,485.3 3 0
github.com/microsoft/mssql-operator/pkg/apis/mssql.microsoft.com/v1alpha1/zz_generated.deepcopy.go:486.2,486.24 1 0
github.com/microsoft/mssql-operator/pkg/apis/mssql.microsoft.com/v1alpha1/zz_generated.deepcopy.go:486.24,490.3 3 0
github.com/microsoft/mssql-operator/pkg/apis/mssql.microsoft.com/v1alpha1/zz_generated.deepcopy.go:491.2,491.26 1 0
github.com/microsoft/mssql-operator/pkg/apis/mssql.microsoft.com/v1alpha1/zz_generated.deepcopy.go:491.26,495.3 3 0
github.com/microsoft/mssql-operator/pkg/apis/mssql.microsoft.com/v1alpha1/zz_generated.deepcopy.go:496.2,496.31 1 0
github.com/microsoft/mssql-operator/pkg/apis/mssql.microsoft.com/v1alpha1/zz_generated.deepcopy.go:496.31,500.3 3 0
github.com/microsoft/mssql-operator/pkg/apis/mssql.microsoft.com/v1alpha1/zz_generated.deepcopy.go:504.76,505.15 1 0
github.com/microsoft/mssql-operator/pkg/apis/mssql.microsoft.com/v1alpha1/zz_generated.deepcopy.go:505.15,507.3 1 0
github.com/microsoft/mssql-operator/pkg/apis/mssql.microsoft.com/v1alpha1/zz_generated.deepcopy.go:508.2,510.12 3 0
github.com/microsoft/mssql-operator/pkg/apis/mssql.microsoft.com/v1alpha1/zz_generated.deepcopy.go:514.87,516.26 2 0
github.com/microsoft/mssql-operator/pkg/apis/mssql.microsoft.com/v1alpha1/zz_generated.deepcopy.go:516.26,519.22 3 0
github.com/microsoft/mssql-operator/pkg/apis/mssql.microsoft.com/v1alpha1/zz_generated.deepcopy.go:519.22,521.4 1 0
github.com/microsoft/mssql-operator/pkg/apis/mssql.microsoft.com/v1alpha1/zz_generated.deepcopy.go:526.80,527.15 1 0
github.com/microsoft/mssql-operator/pkg/apis/mssql.microsoft.com/v1alpha1/zz_generated.deepcopy.go:527.15,529.3 1 0
github.com/microsoft/mssql-operator/pkg/apis/mssql.microsoft.com/v1alpha1/zz_generated.deepcopy.go:530.2,532.12 3 0
github.com/microsoft/mssql-operator/pkg/apis/mssql.microsoft.com/v1alpha1/zz_generated.deepcopy.go:536.65,538.2 1 0
github.com/microsoft/mssql-operator/pkg/apis/mssql.microsoft.com/v1alpha1/zz_generated.deepcopy.go:541.58,542.15 1 0
github.com/microsoft/mssql-operator/pkg/apis/mssql.microsoft.com/v1alpha1/zz_generated.deepcopy.go:542.15,544.3 1 0
github.com/microsoft/mssql-operator/pkg/apis/mssql.microsoft.com/v1alpha1/zz_generated.deepcopy.go:545.2,547.12 3 0
github.com/microsoft/mssql-operator/pkg/apis/mssql.microsoft.com/v1alpha1/zz_generated.deepcopy.go:551.75,553.2 1 0
github.com/microsoft/mssql-operator/pkg/apis/mssql.microsoft.com/v1alpha1/zz_generated.deepcopy.go:556.68,557.15 1 0
github.com/microsoft/mssql-operator/pkg/apis/mssql.microsoft.com/v1alpha1/zz_generated.deepcopy.go:557.15,559.3 1 0
github.com/microsoft/mssql-operator/pkg/apis/mssql.microsoft.com/v1alpha1/zz_generated.deepcopy.go:560.2,562.12 3 0
github.com/microsoft/mssql-operator/pkg/apis/mssql.microsoft.com/v1alpha1/zz_generated.deepcopy.go:566.59,568.2 1 0
github.com/microsoft/mssql-operator/pkg/apis/mssql.microsoft.com/v1alpha1/zz_generated.deepcopy.go:571.52,572.15 1 0
github.com/microsoft/mssql-operator/pkg/apis/mssql.microsoft.com/v1alpha1/zz_generated.deepcopy.go:572.15,574.3 1 0
github.com/microsoft/mssql-operator/pkg/apis/mssql.microsoft.com/v1alpha1/zz_generated.deepcopy.go:575.2,577.12 3 0
github.com/microsoft/mssql-operator/pkg/apis/mssql.microsoft.com/v1alpha1/zz_generated.deepcopy.go:581.65,583.2 1 0
github.com/microsoft/mssql-operator/pkg/apis/mssql.microsoft.com/v1alpha1/zz_generated.deepcopy.go:586.58,587.15 1 0
github.com/microsoft/mssql-operator/pkg/apis/mssql.microsoft.com/v1alpha1/zz_generated.deepcopy.go:587.15,589.3 1 0
github.com/microsoft/mssql-operator/pkg/apis/mssql.microsoft.com/v1alpha1/zz_generated.deepcopy.go:590.2,592.12 3 0
github.com/microsoft/mssql-operator/pkg/apis/mssql.microsoft.com/v1alpha1/zz_generated.deepcopy.go:596.51,602.2 5 0
github.com/microsoft/mssql-operator/pkg/apis/mssql.microsoft.com/v1alpha1/zz_generated.deepcopy.go:605.44,606.15 1 0
github.com/microsoft/mssql-operator/pkg/apis/mssql.microsoft.com/v1alpha1/zz_generated.deepcopy.go:606.15,608.3 1 0
github.com/microsoft/mssql-operator/pkg/apis/mssql.microsoft.com/v1alpha1/zz_generated.deepcopy.go:609.2,611.12 3 0
github.com/microsoft/mssql-operator/pkg/apis/mssql.microsoft.com/v1alpha1/zz_generated.deepcopy.go:615.54,616.34 1 0
github.com/microsoft/mssql-operator/pkg/apis/mssql.microsoft.com/v1alpha1/zz_generated.deepcopy.go:616.34,618.3 1 0
github.com/microsoft/mssql-operator/pkg/apis/mssql.microsoft.com/v1alpha1/zz_generated.deepcopy.go:619.2,619.12 1 0
github.com/microsoft/mssql-operator/pkg/apis/mssql.microsoft.com/v1alpha1/zz_generated.deepcopy.go:623.55,629.2 5 0
github.com/microsoft/mssql-operator/pkg/apis/mssql.microsoft.com/v1alpha1/zz_generated.deepcopy.go:632.48,633.15 1 0
github.com/microsoft/mssql-operator/pkg/apis/mssql.microsoft.com/v1alpha1/zz_generated.deepcopy.go:633.15,635.3 1 0
github.com/microsoft/mssql-operator/pkg/apis/mssql.microsoft.com/v1alpha1/zz_generated.deepcopy.go:636.2,638.12 3 0
github.com/microsoft/mssql-operator/pkg/apis/mssql.microsoft.com/v1alpha1/zz_generated.deepcopy.go:642.56,643.34 1 0
github.com/microsoft/mssql-operator/pkg/apis/mssql.microsoft.com/v1alpha1/zz_generated.deepcopy.go:643.34,645.3 1 0
github.com/microsoft/mssql-operator/pkg/apis/mssql.microsoft.com/v1alpha1/zz_generated.deepcopy.go:646.2,646.12 1 0
github.com/microsoft/mssql-operator/pkg/apis/mssql.microsoft.com/v1alpha1/zz_generated.deepcopy.go:650.63,654.21 4 0
github.com/microsoft/mssql-operator/pkg/apis/mssql.microsoft.com/v1alpha1/zz_generated.deepcopy.go:654.21,657.22 3 0
github.com/microsoft/mssql-operator/pkg/apis/mssql.microsoft.com/v1alpha1/zz_generated.deepcopy.go:657.22,659.4 1 0
github.com/microsoft/mssql-operator/pkg/apis/mssql.microsoft.com/v1alpha1/zz_generated.deepcopy.go:664.56,665.15 1 0
github.com/microsoft/mssql-operator/pkg/apis/mssql.microsoft.com/v1alpha1/zz_generated.deepcopy.go:665.15,667.3 1 0
github.com/microsoft/mssql-operator/pkg/apis/mssql.microsoft.com/v1alpha1/zz_generated.deepcopy.go:668.2,670.12 3 0
github.com/microsoft/mssql-operator/pkg/apis/mssql.microsoft.com/v1alpha1/zz_generated.deepcopy.go:674.60,675.34 1 0
github.com/microsoft/mssql-operator/pkg/apis/mssql.microsoft.com/v1alpha1/zz_generated.deepcopy.go:675.34,677.3 1 0
github.com/microsoft/mssql-operator/pkg/apis/mssql.microsoft.com/v1alpha1/zz_generated.deepcopy.go:678.2,678.12 1 0
github.com/microsoft/mssql-operator/pkg/apis/mssql.microsoft.com/v1alpha1/zz_generated.deepcopy.go:682.63,686.24 4 0
github.com/microsoft/mssql-operator/pkg/apis/mssql.microsoft.com/v1alpha1/zz_generated.deepcopy.go:686.24,690.3 3 0
github.com/microsoft/mssql-operator/pkg/apis/mssql.microsoft.com/v1alpha1/zz_generated.deepcopy.go:691.2,691.25 1 0
github.com/microsoft/mssql-operator/pkg/apis/mssql.microsoft.com/v1alpha1/zz_generated.deepcopy.go:691.25,695.3 3 0
github.com/microsoft/mssql-operator/pkg/apis/mssql.microsoft.com/v1alpha1/zz_generated.deepcopy.go:696.2,696.23 1 0
github.com/microsoft/mssql-operator/pkg/apis/mssql.microsoft.com/v1alpha1/zz_generated.deepcopy.go:696.23,700.3 3 0
github.com/microsoft/mssql-operator/pkg/apis/mssql.microsoft.com/v1alpha1/zz_generated.deepcopy.go:704.56,705.15 1 0
github.com/microsoft/mssql-operator/pkg/apis/mssql.microsoft.com/v1alpha1/zz_generated.deepcopy.go:705.15,707.3 1 0
github.com/microsoft/mssql-operator/pkg/apis/mssql.microsoft.com/v1alpha1/zz_generated.deepcopy.go:708.2,710.12 3 0
github.com/microsoft/mssql-operator/pkg/apis/mssql.microsoft.com/v1alpha1/zz_generated.deepcopy.go:714.67,716.32 2 0
github.com/microsoft/mssql-operator/pkg/apis/mssql.microsoft.com/v1alpha1/zz_generated.deepcopy.go:716.32,720.3 3 0
github.com/microsoft/mssql-operator/pkg/apis/mssql.microsoft.com/v1alpha1/zz_generated.deepcopy.go:721.2,721.24 1 0
github.com/microsoft/mssql-operator/pkg/apis/mssql.microsoft.com/v1alpha1/zz_generated.deepcopy.go:721.24,725.3 3 0
github.com/microsoft/mssql-operator/pkg/apis/mssql.microsoft.com/v1alpha1/zz_generated.deepcopy.go:726.2,726.26 1 0
github.com/microsoft/mssql-operator/pkg/apis/mssql.microsoft.com/v1alpha1/zz_generated.deepcopy.go:726.26,729.22 3 0
github.com/microsoft/mssql-operator/pkg/apis/mssql.microsoft.com/v1alpha1/zz_generated.deepcopy.go:729.22,731.4 1 0
github.com/microsoft/mssql-operator/pkg/apis/mssql.microsoft.com/v1alpha1/zz_generated.deepcopy.go:733.2,733.32 1 0
github.com/microsoft/mssql-operator/pkg/apis/mssql.microsoft.com/v1alpha1/zz_generated.deepcopy.go:733.32,736.3 2 0
github.com/microsoft/mssql-operator/pkg/apis/mssql.microsoft.com/v1alpha1/zz_generated.deepcopy.go:740.60,741.15 1 0
github.com/microsoft/mssql-operator/pkg/apis/mssql.microsoft.com/v1alpha1/zz_generated.deepcopy.go:741.15,743.3 1 0
github.com/microsoft/mssql-operator/pkg/apis/mssql.microsoft.com/v1alpha1/zz_generated.deepcopy.go:744.2,746.12 3 0
github.com/microsoft/mssql-operator/pkg/apis/mssql.microsoft.com/v1alpha1/zz_generated.deepcopy.go:750.63,752.29 2 0
github.com/microsoft/mssql-operator/pkg/apis/mssql.microsoft.com/v1alpha1/zz_generated.deepcopy.go:752.29,756.3 3 0
github.com/microsoft/mssql-operator/pkg/apis/mssql.microsoft.com/v1alpha1/zz_generated.deepcopy.go:757.2,757.26 1 0
github.com/microsoft/mssql-operator/pkg/apis/mssql.microsoft.com/v1alpha1/zz_generated.deepcopy.go:757.26,761.3 3 0
github.com/microsoft/mssql-operator/pkg/apis/mssql.microsoft.com/v1alpha1/zz_generated.deepcopy.go:762.2,762.32 1 0
github.com/microsoft/mssql-operator/pkg/apis/mssql.microsoft.com/v1alpha1/zz_generated.deepcopy.go:762.32,766.3 3 0
github.com/microsoft/mssql-operator/pkg/apis/mssql.microsoft.com/v1alpha1/zz_generated.deepcopy.go:770.56,771.15 1 0
github.com/microsoft/mssql-operator/pkg/apis/mssql.microsoft.com/v1alpha1/zz_generated.deepcopy.go:771.15,773.3 1 0
github.com/microsoft/mssql-operator/pkg/apis/mssql.microsoft.com/v1alpha1/zz_generated.deepcopy.go:774.2,776.12 3 0
github.com/microsoft/mssql-operator/pkg/apis/mssql.microsoft.com/v1alpha1/zz_generated.deepcopy.go:780.59,784.21 4 0
github.com/microsoft/mssql-operator/pkg/apis/mssql.microsoft.com/v1alpha1/zz_generated.deepcopy.go:784.21,787.22 3 0
github.com/microsoft/mssql-operator/pkg/apis/mssql.microsoft.com/v1alpha1/zz_generated.deepcopy.go:787.22,789.4 1 0
github.com/microsoft/mssql-operator/pkg/apis/mssql.microsoft.com/v1alpha1/zz_generated.deepcopy.go:794.52,795.15 1 0
github.com/microsoft/mssql-operator/pkg/apis/mssql.microsoft.com/v1alpha1/zz_generated.deepcopy.go:795.15,797.3 1 0
github.com/microsoft/mssql-operator/pkg/apis/mssql.microsoft.com/v1alpha1/zz_generated.deepcopy.go:798.2,800.12 3 0
github.com/microsoft/mssql-operator/pkg/apis/mssql.microsoft.com/v1alpha1/zz_generated.deepcopy.go:804.58,805.34 1 0
github.com/microsoft/mssql-operator/pkg/apis/mssql.microsoft.com/v1alpha1/zz_generated.deepcopy.go:805.34,807.3 1 0
github.com/microsoft/mssql-operator/pkg/apis/mssql.microsoft.com/v1alpha1/zz_generated.deepcopy.go:808.2,808.12 1 0
github.com/microsoft/mssql-operator/pkg/apis/mssql.microsoft.com/v1alpha1/zz_generated.deepcopy.go:812.59,816.31 4 0
github.com/microsoft/mssql-operator/pkg/apis/mssql.microsoft.com/v1alpha1/zz_generated.deepcopy.go:816.31,820.3 3 0
github.com/microsoft/mssql-operator/pkg/apis/mssql.microsoft.com/v1alpha1/zz_generated.deepcopy.go:821.2,821.23 1 0
github.com/microsoft/mssql-operator/pkg/apis/mssql.microsoft.com/v1alpha1/zz_generated.deepcopy.go:821.23,825.3 3 0
github.com/microsoft/mssql-operator/pkg/apis/mssql.microsoft.com/v1alpha1/zz_generated.deepcopy.go:826.2,826.26 1 0
github.com/microsoft/mssql-operator/pkg/apis/mssql.microsoft.com/v1alpha1/zz_generated.deepcopy.go:826.26,830.3 3 0
github.com/microsoft/mssql-operator/pkg/apis/mssql.microsoft.com/v1alpha1/zz_generated.deepcopy.go:831.2,831.24 1 0
github.com/microsoft/mssql-operator/pkg/apis/mssql.microsoft.com/v1alpha1/zz_generated.deepcopy.go:831.24,835.3 3 0
github.com/microsoft/mssql-operator/pkg/apis/mssql.microsoft.com/v1alpha1/zz_generated.deepcopy.go:836.2,836.24 1 0
github.com/microsoft/mssql-operator/pkg/apis/mssql.microsoft.com/v1alpha1/zz_generated.deepcopy.go:836.24,840.3 3 0
github.com/microsoft/mssql-operator/pkg/apis/mssql.microsoft.com/v1alpha1/zz_generated.deepcopy.go:844.52,845.15 1 0
github.com/microsoft/mssql-operator/pkg/apis/mssql.microsoft.com/v1alpha1/zz_generated.deepcopy.go:845.15,847.3 1 0
github.com/microsoft/mssql-operator/pkg/apis/mssql.microsoft.com/v1alpha1/zz_generated.deepcopy.go:848.2,850.12 3 0
github.com/microsoft/mssql-operator/pkg/apis/mssql.microsoft.com/v1alpha1/zz_generated.deepcopy.go:854.63,856.25 2 0
github.com/microsoft/mssql-operator/pkg/apis/mssql.microsoft.com/v1alpha1/zz_generated.deepcopy.go:856.25,860.3 3 0
github.com/microsoft/mssql-operator/pkg/apis/mssql.microsoft.com/v1alpha1/zz_generated.deepcopy.go:861.2,861.26 1 0
github.com/microsoft/mssql-operator/pkg/apis/mssql.microsoft.com/v1alpha1/zz_generated.deepcopy.go:861.26,864.22 3 0
github.com/microsoft/mssql-operator/pkg/apis/mssql.microsoft.com/v1alpha1/zz_generated.deepcopy.go:864.22,866.4 1 0
github.com/microsoft/mssql-operator/pkg/apis/mssql.microsoft.com/v1alpha1/zz_generated.deepcopy.go:871.56,872.15 1 0
github.com/microsoft/mssql-operator/pkg/apis/mssql.microsoft.com/v1alpha1/zz_generated.deepcopy.go:872.15,874.3 1 0
github.com/microsoft/mssql-operator/pkg/apis/mssql.microsoft.com/v1alpha1/zz_generated.deepcopy.go:875.2,877.12 3 0
github.com/microsoft/mssql-operator/pkg/apis/mssql.microsoft.com/v1alpha1/zz_generated.deepcopy.go:881.57,883.2 1 0
github.com/microsoft/mssql-operator/pkg/apis/mssql.microsoft.com/v1alpha1/zz_generated.deepcopy.go:886.50,887.15 1 0
github.com/microsoft/mssql-operator/pkg/apis/mssql.microsoft.com/v1alpha1/zz_generated.deepcopy.go:887.15,889.3 1 0
github.com/microsoft/mssql-operator/pkg/apis/mssql.microsoft.com/v1alpha1/zz_generated.deepcopy.go:890.2,892.12 3 0
github.com/microsoft/mssql-operator/pkg/apis/mssql.microsoft.com/v1alpha1/zz_generated.deepcopy.go:896.55,898.24 2 0
github.com/microsoft/mssql-operator/pkg/apis/mssql.microsoft.com/v1alpha1/zz_generated.deepcopy.go:898.24,902.3 3 0
github.com/microsoft/mssql-operator/pkg/apis/mssql.microsoft.com/v1alpha1/zz_generated.deepcopy.go:903.2,903.27 1 0
github.com/microsoft/mssql-operator/pkg/apis/mssql.microsoft.com/v1alpha1/zz_generated.deepcopy.go:903.27,906.29 3 0
github.com/microsoft/mssql-operator/pkg/apis/mssql.microsoft.com/v1alpha1/zz_generated.deepcopy.go:906.29,908.4 1 0
github.com/microsoft/mssql-operator/pkg/apis/mssql.microsoft.com/v1alpha1/zz_generated.deepcopy.go:913.48,914.15 1 0
github.com/microsoft/mssql-operator/pkg/apis/mssql.microsoft.com/v1alpha1/zz_generated.deepcopy.go:914.15,916.3 1 0
github.com/microsoft/mssql-operator/pkg/apis/mssql.microsoft.com/v1alpha1/zz_generated.deepcopy.go:917.2,919.12 3 0
github.com/microsoft/mssql-operator/pkg/apis/mssql.microsoft.com/v1alpha1/zz_generated.deepcopy.go:923.55,926.19 3 0
github.com/microsoft/mssql-operator/pkg/apis/mssql.microsoft.com/v1alpha1/zz_generated.deepcopy.go:926.19,930.3 3 0
github.com/microsoft/mssql-operator/pkg/apis/mssql.microsoft.com/v1alpha1/zz_generated.deepcopy.go:931.2,931.22 1 0
github.com/microsoft/mssql-operator/pkg/apis/mssql.microsoft.com/v1alpha1/zz_generated.deepcopy.go:931.22,935.3 3 0
github.com/microsoft/mssql-operator/pkg/apis/mssql.microsoft.com/v1alpha1/zz_generated.deepcopy.go:936.2,936.22 1 0
github.com/microsoft/mssql-operator/pkg/apis/mssql.microsoft.com/v1alpha1/zz_generated.deepcopy.go:936.22,940.3 3 0
github.com/microsoft/mssql-operator/pkg/apis/mssql.microsoft.com/v1alpha1/zz_generated.deepcopy.go:941.2,941.23 1 0
github.com/microsoft/mssql-operator/pkg/apis/mssql.microsoft.com/v1alpha1/zz_generated.deepcopy.go:941.23,945.3 3 0
github.com/microsoft/mssql-operator/pkg/apis/mssql.microsoft.com/v1alpha1/zz_generated.deepcopy.go:949.48,950.15 1 0
github.com/microsoft/mssql-operator/pkg/apis/mssql.microsoft.com/v1alpha1/zz_generated.deepcopy.go:950.15,952.3 1 0
github.com/microsoft/mssql-operator/pkg/apis/mssql.microsoft.com/v1alpha1/zz_generated.deepcopy.go:953.2,955.12 3 0
github.com/microsoft/mssql-operator/pkg/apis/mssql.microsoft.com/v1alpha1/zz_generated.deepcopy.go:959.79,961.2 1 0
github.com/microsoft/mssql-operator/pkg/apis/mssql.microsoft.com/v1alpha1/zz_generated.deepcopy.go:964.72,965.15 1 0
github.com/microsoft/mssql-operator/pkg/apis/mssql.microsoft.com/v1alpha1/zz_generated.deepcopy.go:965.15,967.3 1 0
github.com/microsoft/mssql-operator/pkg/apis/mssql.microsoft.com/v1alpha1/zz_generated.deepcopy.go:968.2,970.12 3 0
github.com/microsoft/mssql-operator/pkg/apis/mssql.microsoft.com/v1alpha1/zz_generated.deepcopy.go:974.53,976.28 2 0
github.com/microsoft/mssql-operator/pkg/apis/mssql.microsoft.com/v1alpha1/zz_generated.deepcopy.go:976.28,980.3 3 0
github.com/microsoft/mssql-operator/pkg/apis/mssql.microsoft.com/v1alpha1/zz_generated.deepcopy.go:981.2,981.24 1 0
github.com/microsoft/mssql-operator/pkg/apis/mssql.microsoft.com/v1alpha1/zz_generated.deepcopy.go:981.24,985.3 3 0
github.com/microsoft/mssql-operator/pkg/apis/mssql.microsoft.com/v1alpha1/zz_generated.deepcopy.go:989.46,990.15 1 0
github.com/microsoft/mssql-operator/pkg/apis/mssql.microsoft.com/v1alpha1/zz_generated.deepcopy.go:990.15,992.3 1 0
github.com/microsoft/mssql-operator/pkg/apis/mssql.microsoft.com/v1alpha1/zz_generated.deepcopy.go:993.2,995.12 3 0
github.com/microsoft/mssql-operator/internal/controller/sqlserverag/sqlserverag_controller.go:86.103,91.59 3 0
github.com/microsoft/mssql-operator/internal/controller/sqlserverag/sqlserverag_controller.go:91.59,92.29 1 0
github.com/microsoft/mssql-operator/internal/controller/sqlserverag/sqlserverag_controller.go:92.29,95.4 2 0
github.com/microsoft/mssql-operator/internal/controller/sqlserverag/sqlserverag_controller.go:96.3,97.28 2 0
github.com/microsoft/mssql-operator/internal/controller/sqlserverag/sqlserverag_controller.go:101.2,101.36 1 0
github.com/microsoft/mssql-operator/internal/controller/sqlserverag/sqlserverag_controller.go:101.36,103.3 1 0
github.com/microsoft/mssql-operator/internal/controller/sqlserverag/sqlserverag_controller.go:106.2,106.58 1 0
github.com/microsoft/mssql-operator/internal/controller/sqlserverag/sqlserverag_controller.go:106.58,108.43 2 0
github.com/microsoft/mssql-operator/internal/controller/sqlserverag/sqlserverag_controller.go:108.43,110.4 1 0
github.com/microsoft/mssql-operator/internal/controller/sqlserverag/sqlserverag_controller.go:114.2,118.28 2 0
github.com/microsoft/mssql-operator/internal/controller/sqlserverag/sqlserverag_controller.go:118.28,123.3 3 0
github.com/microsoft/mssql-operator/internal/controller/sqlserverag/sqlserverag_controller.go:126.2,126.29 1 0
github.com/microsoft/mssql-operator/internal/controller/sqlserverag/sqlserverag_controller.go:126.29,129.3 2 0
github.com/microsoft/mssql-operator/internal/controller/sqlserverag/sqlserverag_controller.go:132.2,132.59 1 0
github.com/microsoft/mssql-operator/internal/controller/sqlserverag/sqlserverag_controller.go:132.59,133.60 1 0
github.com/microsoft/mssql-operator/internal/controller/sqlserverag/sqlserverag_controller.go:133.60,135.4 1 0
github.com/microsoft/mssql-operator/internal/controller/sqlserverag/sqlserverag_controller.go:139.2,139.65 1 0
github.com/microsoft/mssql-operator/internal/controller/sqlserverag/sqlserverag_controller.go:139.65,142.3 2 0
github.com/microsoft/mssql-operator/internal/controller/sqlserverag/sqlserverag_controller.go:145.2,145.61 1 0
github.com/microsoft/mssql-operator/internal/controller/sqlserverag/sqlserverag_controller.go:145.61,148.3 1 0
github.com/microsoft/mssql-operator/internal/controller/sqlserverag/sqlserverag_controller.go:151.2,151.49 1 0
github.com/microsoft/mssql-operator/internal/controller/sqlserverag/sqlserverag_controller.go:151.49,152.78 1 0
github.com/microsoft/mssql-operator/internal/controller/sqlserverag/sqlserverag_controller.go:152.78,155.4 2 0
github.com/microsoft/mssql-operator/internal/controller/sqlserverag/sqlserverag_controller.go:155.9,155.27 1 0
github.com/microsoft/mssql-operator/internal/controller/sqlserverag/sqlserverag_controller.go:155.27,157.4 1 0
github.com/microsoft/mssql-operator/internal/controller/sqlserverag/sqlserverag_controller.go:161.2,162.69 2 0
github.com/microsoft/mssql-operator/internal/controller/sqlserverag/sqlserverag_controller.go:162.69,163.80 1 0
github.com/microsoft/mssql-operator/internal/controller/sqlserverag/sqlserverag_controller.go:163.80,165.4 1 0
github.com/microsoft/mssql-operator/internal/controller/sqlserverag/sqlserverag_controller.go:168.2,168.56 1 0
github.com/microsoft/mssql-operator/internal/controller/sqlserverag/sqlserverag_controller.go:172.146,175.30 2 0
github.com/microsoft/mssql-operator/internal/controller/sqlserverag/sqlserverag_controller.go:175.30,177.3 1 0
github.com/microsoft/mssql-operator/internal/controller/sqlserverag/sqlserverag_controller.go:180.2,180.38 1 0
github.com/microsoft/mssql-operator/internal/controller/sqlserverag/sqlserverag_controller.go:180.38,205.79 2 0
github.com/microsoft/mssql-operator/internal/controller/sqlserverag/sqlserverag_controller.go:205.79,207.4 1 0
github.com/microsoft/mssql-operator/internal/controller/sqlserverag/sqlserverag_controller.go:209.3,211.43 3 0
github.com/microsoft/mssql-operator/internal/controller/sqlserverag/sqlserverag_controller.go:211.43,213.52 2 0
github.com/microsoft/mssql-operator/internal/controller/sqlserverag/sqlserverag_controller.go:213.52,215.5 1 0
github.com/microsoft/mssql-operator/internal/controller/sqlserverag/sqlserverag_controller.go:216.9,216.24 1 0
github.com/microsoft/mssql-operator/internal/controller/sqlserverag/sqlserverag_controller.go:216.24,218.4 1 0
github.com/microsoft/mssql-operator/internal/controller/sqlserverag/sqlserverag_controller.go:222.2,222.40 1 0
github.com/microsoft/mssql-operator/internal/controller/sqlserverag/sqlserverag_controller.go:222.40,247.81 2 0
github.com/microsoft/mssql-operator/internal/controller/sqlserverag/sqlserverag_controller.go:247.81,249.4 1 0
github.com/microsoft/mssql-operator/internal/controller/sqlserverag/sqlserverag_controller.go:251.3,253.43 3 0
github.com/microsoft/mssql-operator/internal/controller/sqlserverag/sqlserverag_controller.go:253.43,255.54 2 0
github.com/microsoft/mssql-operator/internal/controller/sqlserverag/sqlserverag_controller.go:255.54,257.5 1 0
github.com/microsoft/mssql-operator/internal/controller/sqlserverag/sqlserverag_controller.go:258.9,258.24 1 0
github.com/microsoft/mssql-operator/internal/controller/sqlserverag/sqlserverag_controller.go:258.24,260.4 1 0
github.com/microsoft/mssql-operator/internal/controller/sqlserverag/sqlserverag_controller.go:263.2,263.12 1 0
github.com/microsoft/mssql-operator/internal/controller/sqlserverag/sqlserverag_controller.go:267.142,279.58 4 0
github.com/microsoft/mssql-operator/internal/controller/sqlserverag/sqlserverag_controller.go:279.58,281.3 1 0
github.com/microsoft/mssql-operator/internal/controller/sqlserverag/sqlserverag_controller.go:284.2,288.36 4 0
github.com/microsoft/mssql-operator/internal/controller/sqlserverag/sqlserverag_controller.go:288.36,292.17 2 0
github.com/microsoft/mssql-operator/internal/controller/sqlserverag/sqlserverag_controller.go:292.17,294.4 1 0
github.com/microsoft/mssql-operator/internal/controller/sqlserverag/sqlserverag_controller.go:295.3,295.45 1 0
github.com/microsoft/mssql-operator/internal/controller/sqlserverag/sqlserverag_controller.go:295.45,297.4 1 0
github.com/microsoft/mssql-operator/internal/controller/sqlserverag/sqlserverag_controller.go:299.3,300.45 2 0
github.com/microsoft/mssql-operator/internal/controller/sqlserverag/sqlserverag_controller.go:300.45,302.4 1 0
github.com/microsoft/mssql-operator/internal/controller/sqlserverag/sqlserverag_controller.go:305.3,306.46 2 0
github.com/microsoft/mssql-operator/internal/controller/sqlserverag/sqlserverag_controller.go:306.46,307.75 1 0
github.com/microsoft/mssql-operator/internal/controller/sqlserverag/sqlserverag_controller.go:307.75,309.10 2 0
github.com/microsoft/mssql-operator/internal/controller/sqlserverag/sqlserverag_controller.go:313.3,313.43 1 0
github.com/microsoft/mssql-operator/internal/controller/sqlserverag/sqlserverag_controller.go:313.43,315.4 1 0
github.com/microsoft/mssql-operator/internal/controller/sqlserverag/sqlserverag_controller.go:317.3,324.5 1 0
github.com/microsoft/mssql-operator/internal/controller/sqlserverag/sqlserverag_controller.go:328.2,329.52 2 0
github.com/microsoft/mssql-operator/internal/controller/sqlserverag/sqlserverag_controller.go:329.52,331.3 1 0
github.com/microsoft/mssql-operator/internal/controller/sqlserverag/sqlserverag_controller.go:332.2,332.85 1 0
github.com/microsoft/mssql-operator/internal/controller/sqlserverag/sqlserverag_controller.go:332.85,334.3 1 0
github.com/microsoft/mssql-operator/internal/controller/sqlserverag/sqlserverag_controller.go:337.2,351.29 7 0
github.com/microsoft/mssql-operator/internal/controller/sqlserverag/sqlserverag_controller.go:351.29,355.3 3 0
github.com/microsoft/mssql-operator/internal/controller/sqlserverag/sqlserverag_controller.go:356.2,359.35 3 0
github.com/microsoft/mssql-operator/internal/controller/sqlserverag/sqlserverag_controller.go:363.117,366.2 2 0
github.com/microsoft/mssql-operator/internal/controller/sqlserverag/sqlserverag_controller.go:369.121,372.57 2 0
github.com/microsoft/mssql-operator/internal/controller/sqlserverag/sqlserverag_controller.go:372.57,381.43 4 0
github.com/microsoft/mssql-operator/internal/controller/sqlserverag/sqlserverag_controller.go:381.43,383.4 1 0
github.com/microsoft/mssql-operator/internal/controller/sqlserverag/sqlserverag_controller.go:386.2,386.27 1 0
github.com/microsoft/mssql-operator/internal/controller/sqlserverag/sqlserverag_controller.go:390.130,396.2 1 0
github.com/microsoft/mssql-operator/internal/controller/sqlserverag/sqlserverag_controller.go:403.166,408.31 3 0
github.com/microsoft/mssql-operator/internal/controller/sqlserverag/sqlserverag_controller.go:408.31,410.3 1 0
github.com/microsoft/mssql-operator/internal/controller/sqlserverag/sqlserverag_controller.go:411.2,411.32 1 0
github.com/microsoft/mssql-operator/internal/controller/sqlserverag/sqlserverag_controller.go:411.32,413.3 1 0
github.com/microsoft/mssql-operator/internal/controller/sqlserverag/sqlserverag_controller.go:416.2,416.63 1 0
github.com/microsoft/mssql-operator/internal/controller/sqlserverag/sqlserverag_controller.go:416.63,417.56 1 0
github.com/microsoft/mssql-operator/internal/controller/sqlserverag/sqlserverag_controller.go:417.56,420.4 2 0
github.com/microsoft/mssql-operator/internal/controller/sqlserverag/sqlserverag_controller.go:424.2,425.16 2 0
github.com/microsoft/mssql-operator/internal/controller/sqlserverag/sqlserverag_controller.go:425.16,427.3 1 0
github.com/microsoft/mssql-operator/internal/controller/sqlserverag/sqlserverag_controller.go:429.2,429.26 1 0
github.com/microsoft/mssql-operator/internal/controller/sqlserverag/sqlserverag_controller.go:429.26,433.3 3 0
github.com/microsoft/mssql-operator/internal/controller/sqlserverag/sqlserverag_controller.go:436.2,436.16 1 0
github.com/microsoft/mssql-operator/internal/controller/sqlserverag/sqlserverag_controller.go:436.16,437.64 1 0
github.com/microsoft/mssql-operator/internal/controller/sqlserverag/sqlserverag_controller.go:437.64,440.4 2 0
github.com/microsoft/mssql-operator/internal/controller/sqlserverag/sqlserverag_controller.go:441.3,442.18 2 0
github.com/microsoft/mssql-operator/internal/controller/sqlserverag/sqlserverag_controller.go:446.2,446.54 1 0
github.com/microsoft/mssql-operator/internal/controller/sqlserverag/sqlserverag_controller.go:446.54,453.3 4 0
github.com/microsoft/mssql-operator/internal/controller/sqlserverag/sqlserverag_controller.go:456.2,457.55 2 0
github.com/microsoft/mssql-operator/internal/controller/sqlserverag/sqlserverag_controller.go:457.55,461.3 3 0
github.com/microsoft/mssql-operator/internal/controller/sqlserverag/sqlserverag_controller.go:464.2,470.26 3 0
github.com/microsoft/mssql-operator/internal/controller/sqlserverag/sqlserverag_controller.go:470.26,475.3 3 0
github.com/microsoft/mssql-operator/internal/controller/sqlserverag/sqlserverag_controller.go:477.2,483.66 2 0
github.com/microsoft/mssql-operator/internal/controller/sqlserverag/sqlserverag_controller.go:483.66,487.3 2 0
github.com/microsoft/mssql-operator/internal/controller/sqlserverag/sqlserverag_controller.go:490.2,507.51 8 0
github.com/microsoft/mssql-operator/internal/controller/sqlserverag/sqlserverag_controller.go:507.51,509.3 1 0
github.com/microsoft/mssql-operator/internal/controller/sqlserverag/sqlserverag_controller.go:512.2,512.57 1 0
github.com/microsoft/mssql-operator/internal/controller/sqlserverag/sqlserverag_controller.go:516.175,528.58 4 0
github.com/microsoft/mssql-operator/internal/controller/sqlserverag/sqlserverag_controller.go:528.58,530.3 1 0
github.com/microsoft/mssql-operator/internal/controller/sqlserverag/sqlserverag_controller.go:532.2,535.36 3 0
github.com/microsoft/mssql-operator/internal/controller/sqlserverag/sqlserverag_controller.go:535.36,537.44 1 0
github.com/microsoft/mssql-operator/internal/controller/sqlserverag/sqlserverag_controller.go:537.44,539.12 2 0
github.com/microsoft/mssql-operator/internal/controller/sqlserverag/sqlserverag_controller.go:543.3,543.29 1 0
github.com/microsoft/mssql-operator/internal/controller/sqlserverag/sqlserverag_controller.go:543.29,545.12 2 0
github.com/microsoft/mssql-operator/internal/controller/sqlserverag/sqlserverag_controller.go:549.3,550.17 2 0
github.com/microsoft/mssql-operator/internal/controller/sqlserverag/sqlserverag_controller.go:550.17,552.12 2 0
github.com/microsoft/mssql-operator/internal/controller/sqlserverag/sqlserverag_controller.go:556.3,556.30 1 0
github.com/microsoft/mssql-operator/internal/controller/sqlserverag/sqlserverag_controller.go:556.30,559.4 2 0
github.com/microsoft/mssql-operator/internal/controller/sqlserverag/sqlserverag_controller.go:562.3,562.92 1 0
github.com/microsoft/mssql-operator/internal/controller/sqlserverag/sqlserverag_controller.go:562.92,570.4 1 0
github.com/microsoft/mssql-operator/internal/controller/sqlserverag/sqlserverag_controller.go:573.2,573.36 1 0
github.com/microsoft/mssql-operator/internal/controller/sqlserverag/sqlserverag_controller.go:577.104,578.25 1 0
github.com/microsoft/mssql-operator/internal/controller/sqlserverag/sqlserverag_controller.go:578.25,582.3 1 0
github.com/microsoft/mssql-operator/internal/controller/sqlserverag/sqlserverag_controller.go:584.2,586.16 3 0
github.com/microsoft/mssql-operator/internal/controller/sqlserverag/sqlserverag_controller.go:586.16,588.3 1 0
github.com/microsoft/mssql-operator/internal/controller/sqlserverag/sqlserverag_controller.go:590.2,591.16 2 0
github.com/microsoft/mssql-operator/internal/controller/sqlserverag/sqlserverag_controller.go:591.16,593.3 1 0
github.com/microsoft/mssql-operator/internal/controller/sqlserverag/sqlserverag_controller.go:594.2,596.38 2 0
github.com/microsoft/mssql-operator/internal/controller/sqlserverag/sqlserverag_controller.go:596.38,598.3 1 0
github.com/microsoft/mssql-operator/internal/controller/sqlserverag/sqlserverag_controller.go:600.2,601.16 2 0
github.com/microsoft/mssql-operator/internal/controller/sqlserverag/sqlserverag_controller.go:601.16,603.3 1 0
github.com/microsoft/mssql-operator/internal/controller/sqlserverag/sqlserverag_controller.go:605.2,606.53 2 0
github.com/microsoft/mssql-operator/internal/controller/sqlserverag/sqlserverag_controller.go:606.53,608.3 1 0
github.com/microsoft/mssql-operator/internal/controller/sqlserverag/sqlserverag_controller.go:610.2,610.20 1 0
github.com/microsoft/mssql-operator/internal/controller/sqlserverag/sqlserverag_controller.go:617.104,618.26 1 0
github.com/microsoft/mssql-operator/internal/controller/sqlserverag/sqlserverag_controller.go:618.26,620.3 1 0
github.com/microsoft/mssql-operator/internal/controller/sqlserverag/sqlserverag_controller.go:622.2,623.39 2 0
github.com/microsoft/mssql-operator/internal/controller/sqlserverag/sqlserverag_controller.go:623.39,627.53 2 0
github.com/microsoft/mssql-operator/internal/controller/sqlserverag/sqlserverag_controller.go:627.53,629.12 2 0
github.com/microsoft/mssql-operator/internal/controller/sqlserverag/sqlserverag_controller.go:633.3,633.54 1 0
github.com/microsoft/mssql-operator/internal/controller/sqlserverag/sqlserverag_controller.go:633.54,634.81 1 0
github.com/microsoft/mssql-operator/internal/controller/sqlserverag/sqlserverag_controller.go:634.81,636.13 2 0
github.com/microsoft/mssql-operator/internal/controller/sqlserverag/sqlserverag_controller.go:640.4,640.45 1 0
github.com/microsoft/mssql-operator/internal/controller/sqlserverag/sqlserverag_controller.go:640.45,641.66 1 0
github.com/microsoft/mssql-operator/internal/controller/sqlserverag/sqlserverag_controller.go:641.66,643.6 1 0
github.com/microsoft/mssql-operator/internal/controller/sqlserverag/sqlserverag_controller.go:648.2,648.13 1 0
github.com/microsoft/mssql-operator/internal/controller/sqlserverag/sqlserverag_controller.go:652.137,655.25 2 0
github.com/microsoft/mssql-operator/internal/controller/sqlserverag/sqlserverag_controller.go:655.25,659.3 1 0
github.com/microsoft/mssql-operator/internal/controller/sqlserverag/sqlserverag_controller.go:662.2,663.19 2 0
github.com/microsoft/mssql-operator/internal/controller/sqlserverag/sqlserverag_controller.go:663.19,670.3 2 0
github.com/microsoft/mssql-operator/internal/controller/sqlserverag/sqlserverag_controller.go:672.2,677.16 5 0
github.com/microsoft/mssql-operator/internal/controller/sqlserverag/sqlserverag_controller.go:677.16,679.3 1 0
github.com/microsoft/mssql-operator/internal/controller/sqlserverag/sqlserverag_controller.go:680.2,683.16 3 0
github.com/microsoft/mssql-operator/internal/controller/sqlserverag/sqlserverag_controller.go:683.16,685.3 1 0
github.com/microsoft/mssql-operator/internal/controller/sqlserverag/sqlserverag_controller.go:686.2,688.38 2 0
github.com/microsoft/mssql-operator/internal/controller/sqlserverag/sqlserverag_controller.go:688.38,691.3 2 0
github.com/microsoft/mssql-operator/internal/controller/sqlserverag/sqlserverag_controller.go:693.2,694.12 2 0
github.com/microsoft/mssql-operator/internal/controller/sqlserverag/sqlserverag_controller.go:698.74,703.2 1 0
github.com/microsoft/mssql-operator/internal/controller/sqlserverag/sqlserverag_controller.go:706.52,707.29 1 0
github.com/microsoft/mssql-operator/internal/controller/sqlserverag/sqlserverag_controller.go:707.29,708.16 1 0
github.com/microsoft/mssql-operator/internal/controller/sqlserverag/sqlserverag_controller.go:708.16,710.4 1 0
github.com/microsoft/mssql-operator/internal/controller/sqlserverag/sqlserverag_controller.go:712.2,712.14 1 0
github.com/microsoft/mssql-operator/internal/controller/sqlserverag/sqlserverag_controller.go:715.54,717.29 2 0
github.com/microsoft/mssql-operator/internal/controller/sqlserverag/sqlserverag_controller.go:717.29,718.16 1 0
github.com/microsoft/mssql-operator/internal/controller/sqlserverag/sqlserverag_controller.go:718.16,720.4 1 0
github.com/microsoft/mssql-operator/internal/controller/sqlserverag/sqlserverag_controller.go:722.2,722.15 1 0
github.com/microsoft/mssql-operator/cmd/ag-helper/main.go:60.65,61.16 1 0
github.com/microsoft/mssql-operator/cmd/ag-helper/main.go:61.16,63.3 1 0
github.com/microsoft/mssql-operator/cmd/ag-helper/main.go:64.2,64.21 1 0
github.com/microsoft/mssql-operator/cmd/ag-helper/main.go:64.21,66.3 1 0
github.com/microsoft/mssql-operator/cmd/ag-helper/main.go:67.2,67.45 1 0
github.com/microsoft/mssql-operator/cmd/ag-helper/main.go:67.45,69.3 1 0
github.com/microsoft/mssql-operator/cmd/ag-helper/main.go:70.2,70.12 1 0
github.com/microsoft/mssql-operator/cmd/ag-helper/main.go:75.48,76.16 1 0
github.com/microsoft/mssql-operator/cmd/ag-helper/main.go:76.16,78.3 1 0
github.com/microsoft/mssql-operator/cmd/ag-helper/main.go:80.2,80.45 1 0
github.com/microsoft/mssql-operator/cmd/ag-helper/main.go:80.45,83.3 2 0
github.com/microsoft/mssql-operator/cmd/ag-helper/main.go:85.2,86.28 2 0
github.com/microsoft/mssql-operator/cmd/ag-helper/main.go:90.50,91.22 1 0
github.com/microsoft/mssql-operator/cmd/ag-helper/main.go:91.22,93.3 1 0
github.com/microsoft/mssql-operator/cmd/ag-helper/main.go:94.2,94.27 1 0
github.com/microsoft/mssql-operator/cmd/ag-helper/main.go:164.110,177.2 1 0
github.com/microsoft/mssql-operator/cmd/ag-helper/main.go:180.55,182.16 2 0
github.com/microsoft/mssql-operator/cmd/ag-helper/main.go:182.16,184.3 1 0
github.com/microsoft/mssql-operator/cmd/ag-helper/main.go:186.2,194.44 6 0
github.com/microsoft/mssql-operator/cmd/ag-helper/main.go:194.44,196.3 1 0
github.com/microsoft/mssql-operator/cmd/ag-helper/main.go:198.2,200.12 3 0
github.com/microsoft/mssql-operator/cmd/ag-helper/main.go:204.91,212.16 3 0
github.com/microsoft/mssql-operator/cmd/ag-helper/main.go:212.16,214.3 1 0
github.com/microsoft/mssql-operator/cmd/ag-helper/main.go:215.2,220.16 4 0
github.com/microsoft/mssql-operator/cmd/ag-helper/main.go:220.16,222.3 1 0
github.com/microsoft/mssql-operator/cmd/ag-helper/main.go:223.2,227.16 3 0
github.com/microsoft/mssql-operator/cmd/ag-helper/main.go:227.16,229.3 1 0
github.com/microsoft/mssql-operator/cmd/ag-helper/main.go:230.2,234.16 3 0
github.com/microsoft/mssql-operator/cmd/ag-helper/main.go:234.16,236.3 1 0
github.com/microsoft/mssql-operator/cmd/ag-helper/main.go:237.2,243.35 3 0
github.com/microsoft/mssql-operator/cmd/ag-helper/main.go:243.35,244.16 1 0
github.com/microsoft/mssql-operator/cmd/ag-helper/main.go:244.16,247.9 3 0
github.com/microsoft/mssql-operator/cmd/ag-helper/main.go:251.2,251.19 1 0
github.com/microsoft/mssql-operator/cmd/ag-helper/main.go:255.85,267.16 4 0
github.com/microsoft/mssql-operator/cmd/ag-helper/main.go:267.16,268.27 1 0
github.com/microsoft/mssql-operator/cmd/ag-helper/main.go:268.27,270.4 1 0
github.com/microsoft/mssql-operator/cmd/ag-helper/main.go:271.3,271.31 1 0
github.com/microsoft/mssql-operator/cmd/ag-helper/main.go:274.2,274.30 1 0
github.com/microsoft/mssql-operator/cmd/ag-helper/main.go:278.94,288.16 4 0
github.com/microsoft/mssql-operator/cmd/ag-helper/main.go:288.16,290.3 1 0
github.com/microsoft/mssql-operator/cmd/ag-helper/main.go:292.2,292.18 1 0
github.com/microsoft/mssql-operator/cmd/ag-helper/main.go:292.18,294.3 1 0
github.com/microsoft/mssql-operator/cmd/ag-helper/main.go:295.2,295.15 1 0
github.com/microsoft/mssql-operator/cmd/ag-helper/main.go:299.102,319.16 3 0
github.com/microsoft/mssql-operator/cmd/ag-helper/main.go:319.16,321.3 1 0
github.com/microsoft/mssql-operator/cmd/ag-helper/main.go:322.2,325.18 3 0
github.com/microsoft/mssql-operator/cmd/ag-helper/main.go:325.18,338.17 4 0
github.com/microsoft/mssql-operator/cmd/ag-helper/main.go:338.17,340.12 2 0
github.com/microsoft/mssql-operator/cmd/ag-helper/main.go:343.3,343.21 1 0
github.com/microsoft/mssql-operator/cmd/ag-helper/main.go:344.18,345.46 1 0
github.com/microsoft/mssql-operator/cmd/ag-helper/main.go:346.28,347.47 1 0
github.com/microsoft/mssql-operator/cmd/ag-helper/main.go:348.11,349.50 1 0
github.com/microsoft/mssql-operator/cmd/ag-helper/main.go:352.3,353.33 2 0
github.com/microsoft/mssql-operator/cmd/ag-helper/main.go:356.2,356.22 1 0
github.com/microsoft/mssql-operator/cmd/ag-helper/main.go:360.104,378.16 3 0
github.com/microsoft/mssql-operator/cmd/ag-helper/main.go:378.16,380.3 1 0
github.com/microsoft/mssql-operator/cmd/ag-helper/main.go:381.2,384.18 3 0
github.com/microsoft/mssql-operator/cmd/ag-helper/main.go:384.18,397.17 4 0
github.com/microsoft/mssql-operator/cmd/ag-helper/main.go:397.17,399.12 2 0
github.com/microsoft/mssql-operator/cmd/ag-helper/main.go:402.3,403.35 2 0
github.com/microsoft/mssql-operator/cmd/ag-helper/main.go:406.2,406.23 1 0
github.com/microsoft/mssql-operator/cmd/ag-helper/main.go:411.65,423.16 4 0
github.com/microsoft/mssql-operator/cmd/ag-helper/main.go:423.16,424.27 1 0
github.com/microsoft/mssql-operator/cmd/ag-helper/main.go:424.27,426.4 1 0
github.com/microsoft/mssql-operator/cmd/ag-helper/main.go:427.3,427.31 1 0
github.com/microsoft/mssql-operator/cmd/ag-helper/main.go:430.2,430.30 1 0
github.com/microsoft/mssql-operator/cmd/ag-helper/main.go:436.74,446.16 4 0
github.com/microsoft/mssql-operator/cmd/ag-helper/main.go:446.16,448.3 1 0
github.com/microsoft/mssql-operator/cmd/ag-helper/main.go:450.2,450.18 1 0
github.com/microsoft/mssql-operator/cmd/ag-helper/main.go:450.18,452.3 1 0
github.com/microsoft/mssql-operator/cmd/ag-helper/main.go:453.2,453.15 1 0
github.com/microsoft/mssql-operator/cmd/ag-helper/main.go:457.70,465.16 3 0
github.com/microsoft/mssql-operator/cmd/ag-helper/main.go:465.16,467.3 1 0
github.com/microsoft/mssql-operator/cmd/ag-helper/main.go:468.2,473.16 4 0
github.com/microsoft/mssql-operator/cmd/ag-helper/main.go:473.16,475.3 1 0
github.com/microsoft/mssql-operator/cmd/ag-helper/main.go:476.2,480.16 3 0
github.com/microsoft/mssql-operator/cmd/ag-helper/main.go:480.16,482.3 1 0
github.com/microsoft/mssql-operator/cmd/ag-helper/main.go:483.2,487.16 3 0
github.com/microsoft/mssql-operator/cmd/ag-helper/main.go:487.16,489.3 1 0
github.com/microsoft/mssql-operator/cmd/ag-helper/main.go:490.2,496.35 3 0
github.com/microsoft/mssql-operator/cmd/ag-helper/main.go:496.35,497.16 1 0
github.com/microsoft/mssql-operator/cmd/ag-helper/main.go:497.16,500.9 3 0
github.com/microsoft/mssql-operator/cmd/ag-helper/main.go:504.2,504.19 1 0
github.com/microsoft/mssql-operator/cmd/ag-helper/main.go:508.82,528.16 3 0
github.com/microsoft/mssql-operator/cmd/ag-helper/main.go:528.16,530.3 1 0
github.com/microsoft/mssql-operator/cmd/ag-helper/main.go:531.2,534.18 3 0
github.com/microsoft/mssql-operator/cmd/ag-helper/main.go:534.18,547.17 4 0
github.com/microsoft/mssql-operator/cmd/ag-helper/main.go:547.17,549.12 2 0
github.com/microsoft/mssql-operator/cmd/ag-helper/main.go:553.3,553.21 1 0
github.com/microsoft/mssql-operator/cmd/ag-helper/main.go:554.18,555.46 1 0
github.com/microsoft/mssql-operator/cmd/ag-helper/main.go:556.28,557.47 1 0
github.com/microsoft/mssql-operator/cmd/ag-helper/main.go:558.11,559.50 1 0
github.com/microsoft/mssql-operator/cmd/ag-helper/main.go:562.3,563.33 2 0
github.com/microsoft/mssql-operator/cmd/ag-helper/main.go:566.2,566.22 1 0
github.com/microsoft/mssql-operator/cmd/ag-helper/main.go:570.84,588.16 3 0
github.com/microsoft/mssql-operator/cmd/ag-helper/main.go:588.16,590.3 1 0
github.com/microsoft/mssql-operator/cmd/ag-helper/main.go:591.2,594.18 3 0
github.com/microsoft/mssql-operator/cmd/ag-helper/main.go:594.18,607.17 4 0
github.com/microsoft/mssql-operator/cmd/ag-helper/main.go:607.17,609.12 2 0
github.com/microsoft/mssql-operator/cmd/ag-helper/main.go:612.3,613.35 2 0
github.com/microsoft/mssql-operator/cmd/ag-helper/main.go:616.2,616.23 1 0
github.com/microsoft/mssql-operator/cmd/ag-helper/main.go:620.59,623.36 1 0
github.com/microsoft/mssql-operator/cmd/ag-helper/main.go:623.36,625.31 1 0
github.com/microsoft/mssql-operator/cmd/ag-helper/main.go:625.31,627.4 1 0
github.com/microsoft/mssql-operator/cmd/ag-helper/main.go:628.3,628.20 1 0
github.com/microsoft/mssql-operator/cmd/ag-helper/main.go:631.2,632.35 2 0
github.com/microsoft/mssql-operator/cmd/ag-helper/main.go:632.35,633.50 1 0
github.com/microsoft/mssql-operator/cmd/ag-helper/main.go:633.50,635.4 1 0
github.com/microsoft/mssql-operator/cmd/ag-helper/main.go:638.2,638.22 1 0
github.com/microsoft/mssql-operator/cmd/ag-helper/main.go:638.22,640.56 1 0
github.com/microsoft/mssql-operator/cmd/ag-helper/main.go:640.56,642.4 1 0
github.com/microsoft/mssql-operator/cmd/ag-helper/main.go:643.3,643.20 1 0
github.com/microsoft/mssql-operator/cmd/ag-helper/main.go:645.2,645.39 1 0
github.com/microsoft/mssql-operator/cmd/ag-helper/main.go:645.39,647.3 1 0
github.com/microsoft/mssql-operator/cmd/ag-helper/main.go:648.2,648.18 1 0
github.com/microsoft/mssql-operator/cmd/ag-helper/main.go:653.76,655.67 1 0
github.com/microsoft/mssql-operator/cmd/ag-helper/main.go:655.67,657.3 1 0
github.com/microsoft/mssql-operator/cmd/ag-helper/main.go:659.2,660.16 2 0
github.com/microsoft/mssql-operator/cmd/ag-helper/main.go:660.16,662.3 1 0
github.com/microsoft/mssql-operator/cmd/ag-helper/main.go:664.2,664.25 1 0
github.com/microsoft/mssql-operator/cmd/ag-helper/main.go:664.25,667.3 2 0
github.com/microsoft/mssql-operator/cmd/ag-helper/main.go:670.2,671.22 2 0
github.com/microsoft/mssql-operator/cmd/ag-helper/main.go:671.22,673.3 1 0
github.com/microsoft/mssql-operator/cmd/ag-helper/main.go:675.2,676.19 2 0
github.com/microsoft/mssql-operator/cmd/ag-helper/main.go:676.19,680.3 2 0
github.com/microsoft/mssql-operator/cmd/ag-helper/main.go:680.8,684.3 2 0
github.com/microsoft/mssql-operator/cmd/ag-helper/main.go:686.2,687.16 2 0
github.com/microsoft/mssql-operator/cmd/ag-helper/main.go:687.16,689.3 1 0
github.com/microsoft/mssql-operator/cmd/ag-helper/main.go:691.2,692.12 2 0
github.com/microsoft/mssql-operator/cmd/ag-helper/main.go:696.53,703.6 5 0
github.com/microsoft/mssql-operator/cmd/ag-helper/main.go:703.6,704.10 1 0
github.com/microsoft/mssql-operator/cmd/ag-helper/main.go:705.21,706.10 1 0
github.com/microsoft/mssql-operator/cmd/ag-helper/main.go:707.19,708.10 1 0
github.com/microsoft/mssql-operator/cmd/ag-helper/main.go:709.19,710.51 1 0
github.com/microsoft/mssql-operator/cmd/ag-helper/main.go:716.93,718.16 2 0
github.com/microsoft/mssql-operator/cmd/ag-helper/main.go:718.16,721.3 2 0
github.com/microsoft/mssql-operator/cmd/ag-helper/main.go:723.2,728.31 4 0
github.com/microsoft/mssql-operator/cmd/ag-helper/main.go:728.31,731.30 2 0
github.com/microsoft/mssql-operator/cmd/ag-helper/main.go:731.30,733.4 1 0
github.com/microsoft/mssql-operator/cmd/ag-helper/main.go:734.8,737.34 2 0
github.com/microsoft/mssql-operator/cmd/ag-helper/main.go:737.34,740.4 1 0
github.com/microsoft/mssql-operator/cmd/ag-helper/main.go:740.9,743.4 1 0
github.com/microsoft/mssql-operator/cmd/ag-helper/main.go:745.2,745.28 1 0
github.com/microsoft/mssql-operator/cmd/ag-helper/main.go:751.73,760.24 4 0
github.com/microsoft/mssql-operator/cmd/ag-helper/main.go:761.39,762.31 1 0
github.com/microsoft/mssql-operator/cmd/ag-helper/main.go:763.10,764.47 1 0
github.com/microsoft/mssql-operator/cmd/ag-helper/main.go:767.2,770.4 1 0
github.com/microsoft/mssql-operator/cmd/ag-helper/main.go:774.72,780.2 4 0
github.com/microsoft/mssql-operator/cmd/ag-helper/main.go:784.72,792.24 4 0
github.com/microsoft/mssql-operator/cmd/ag-helper/main.go:793.28,794.31 1 0
github.com/microsoft/mssql-operator/cmd/ag-helper/main.go:795.10,796.47 1 0
github.com/microsoft/mssql-operator/cmd/ag-helper/main.go:799.2,803.4 1 0
github.com/microsoft/mssql-operator/cmd/ag-helper/main.go:807.71,817.2 4 0
github.com/microsoft/mssql-operator/cmd/ag-helper/main.go:820.75,821.33 1 0
github.com/microsoft/mssql-operator/cmd/ag-helper/main.go:821.33,824.3 2 0
github.com/microsoft/mssql-operator/cmd/ag-helper/main.go:826.2,827.61 2 0
github.com/microsoft/mssql-operator/cmd/ag-helper/main.go:827.61,830.3 2 0
github.com/microsoft/mssql-operator/cmd/ag-helper/main.go:832.2,835.59 3 0
github.com/microsoft/mssql-operator/cmd/ag-helper/main.go:835.59,839.3 3 0
github.com/microsoft/mssql-operator/cmd/ag-helper/main.go:841.2,844.4 2 0
github.com/microsoft/mssql-operator/cmd/ag-helper/main.go:848.75,857.2 4 0
github.com/microsoft/mssql-operator/cmd/ag-helper/main.go:860.63,878.12 11 0
github.com/microsoft/mssql-operator/cmd/ag-helper/main.go:878.12,883.3 4 0
github.com/microsoft/mssql-operator/cmd/ag-helper/main.go:885.2,886.32 2 0
github.com/microsoft/mssql-operator/cmd/ag-helper/main.go:890.27,892.17 2 0
github.com/microsoft/mssql-operator/cmd/ag-helper/main.go:892.17,894.3 1 0
github.com/microsoft/mssql-operator/cmd/ag-helper/main.go:900.70,901.42 1 0
github.com/microsoft/mssql-operator/cmd/ag-helper/main.go:901.42,903.3 1 0
github.com/microsoft/mssql-operator/cmd/ag-helper/main.go:904.2,904.43 1 0
github.com/microsoft/mssql-operator/cmd/ag-helper/main.go:904.43,906.3 1 0
github.com/microsoft/mssql-operator/cmd/ag-helper/main.go:907.2,907.19 1 0
github.com/microsoft/mssql-operator/cmd/ag-helper/main.go:912.43,914.84 1 0
github.com/microsoft/mssql-operator/cmd/ag-helper/main.go:914.84,916.23 2 0
github.com/microsoft/mssql-operator/cmd/ag-helper/main.go:916.23,918.4 1 0
github.com/microsoft/mssql-operator/cmd/ag-helper/main.go:919.8,919.43 1 0
github.com/microsoft/mssql-operator/cmd/ag-helper/main.go:919.43,921.3 1 0
github.com/microsoft/mssql-operator/cmd/ag-helper/main.go:924.2,924.22 1 0
github.com/microsoft/mssql-operator/cmd/ag-helper/main.go:924.22,926.3 1 0
github.com/microsoft/mssql-operator/cmd/ag-helper/main.go:929.13,955.18 12 0
github.com/microsoft/mssql-operator/cmd/ag-helper/main.go:955.18,957.3 1 0
github.com/microsoft/mssql-operator/cmd/ag-helper/main.go:958.2,958.23 1 0
github.com/microsoft/mssql-operator/cmd/ag-helper/main.go:958.23,960.3 1 0
github.com/microsoft/mssql-operator/cmd/ag-helper/main.go:963.2,978.26 8 0
github.com/microsoft/mssql-operator/cmd/ag-helper/main.go:978.26,979.45 1 0
github.com/microsoft/mssql-operator/cmd/ag-helper/main.go:979.45,982.12 3 0
github.com/microsoft/mssql-operator/cmd/ag-helper/main.go:984.3,984.8 1 0
github.com/microsoft/mssql-operator/cmd/ag-helper/main.go:987.2,987.22 1 0
github.com/microsoft/mssql-operator/cmd/ag-helper/main.go:987.22,989.3 1 0
github.com/microsoft/mssql-operator/cmd/ag-helper/main.go:992.2,995.12 2 0
github.com/microsoft/mssql-operator/cmd/ag-helper/main.go:995.12,996.70 1 0
github.com/microsoft/mssql-operator/cmd/ag-helper/main.go:996.70,998.4 1 0
github.com/microsoft/mssql-operator/cmd/ag-helper/main.go:1001.2,1010.32 6 0
github.com/microsoft/mssql-operator/internal/validation/security.go:35.76,41.24 2 0
github.com/microsoft/mssql-operator/internal/validation/security.go:41.24,43.3 1 0
github.com/microsoft/mssql-operator/internal/validation/security.go:46.2,46.32 1 0
github.com/microsoft/mssql-operator/internal/validation/security.go:46.32,47.28 1 0
github.com/microsoft/mssql-operator/internal/validation/security.go:47.28,49.4 1 0
github.com/microsoft/mssql-operator/internal/validation/security.go:50.3,50.28 1 0
github.com/microsoft/mssql-operator/internal/validation/security.go:50.28,52.4 1 0
github.com/microsoft/mssql-operator/internal/validation/security.go:53.3,53.28 1 0
github.com/microsoft/mssql-operator/internal/validation/security.go:53.28,55.4 1 0
github.com/microsoft/mssql-operator/internal/validation/security.go:56.3,56.54 1 0
github.com/microsoft/mssql-operator/internal/validation/security.go:56.54,58.4 1 0
github.com/microsoft/mssql-operator/internal/validation/security.go:62.2,63.25 2 0
github.com/microsoft/mssql-operator/internal/validation/security.go:63.25,65.3 1 0
github.com/microsoft/mssql-operator/internal/validation/security.go:66.2,66.25 1 0
github.com/microsoft/mssql-operator/internal/validation/security.go:66.25,68.3 1 0
github.com/microsoft/mssql-operator/internal/validation/security.go:69.2,69.21 1 0
github.com/microsoft/mssql-operator/internal/validation/security.go:69.21,71.3 1 0
github.com/microsoft/mssql-operator/internal/validation/security.go:72.2,72.27 1 0
github.com/microsoft/mssql-operator/internal/validation/security.go:72.27,74.3 1 0
github.com/microsoft/mssql-operator/internal/validation/security.go:77.2,79.26 2 0
github.com/microsoft/mssql-operator/internal/validation/security.go:79.26,82.3 2 0
github.com/microsoft/mssql-operator/internal/validation/security.go:84.2,84.20 1 0
github.com/microsoft/mssql-operator/internal/validation/security.go:84.20,87.27 3 0
github.com/microsoft/mssql-operator/internal/validation/security.go:87.27,89.4 1 0
github.com/microsoft/mssql-operator/internal/validation/security.go:90.3,90.27 1 0
github.com/microsoft/mssql-operator/internal/validation/security.go:90.27,92.4 1 0
github.com/microsoft/mssql-operator/internal/validation/security.go:93.3,93.23 1 0
github.com/microsoft/mssql-operator/internal/validation/security.go:93.23,95.4 1 0
github.com/microsoft/mssql-operator/internal/validation/security.go:96.3,96.29 1 0
github.com/microsoft/mssql-operator/internal/validation/security.go:96.29,98.4 1 0
github.com/microsoft/mssql-operator/internal/validation/security.go:99.3,99.131 1 0
github.com/microsoft/mssql-operator/internal/validation/security.go:102.2,102.21 1 0
github.com/microsoft/mssql-operator/internal/validation/security.go:102.21,104.3 1 0
github.com/microsoft/mssql-operator/internal/validation/security.go:104.8,106.3 1 0
github.com/microsoft/mssql-operator/internal/validation/security.go:108.2,108.15 1 0
github.com/microsoft/mssql-operator/internal/validation/security.go:162.77,165.16 2 0
github.com/microsoft/mssql-operator/internal/validation/security.go:165.16,168.3 2 0
github.com/microsoft/mssql-operator/internal/validation/security.go:171.2,171.21 1 0
github.com/microsoft/mssql-operator/internal/validation/security.go:171.21,174.3 1 0
github.com/microsoft/mssql-operator/internal/validation/security.go:177.2,177.45 1 0
github.com/microsoft/mssql-operator/internal/validation/security.go:177.45,180.3 1 0
github.com/microsoft/mssql-operator/internal/validation/security.go:183.2,183.48 1 0
github.com/microsoft/mssql-operator/internal/validation/security.go:183.48,185.3 1 0
github.com/microsoft/mssql-operator/internal/validation/security.go:187.2,187.15 1 0
github.com/microsoft/mssql-operator/internal/validation/security.go:191.58,193.2 1 0
github.com/microsoft/mssql-operator/internal/validation/security.go:196.52,198.2 1 0
github.com/microsoft/mssql-operator/internal/validation/security.go:202.48,204.45 1 0
github.com/microsoft/mssql-operator/internal/validation/security.go:204.45,207.3 1 0
github.com/microsoft/mssql-operator/internal/validation/security.go:210.2,213.28 2 0
github.com/microsoft/mssql-operator/internal/validation/security.go:217.68,220.16 2 0
github.com/microsoft/mssql-operator/internal/validation/security.go:220.16,222.3 1 0
github.com/microsoft/mssql-operator/internal/validation/security.go:225.2,225.34 1 0
github.com/microsoft/mssql-operator/internal/validation/security.go:225.34,228.3 1 0
github.com/microsoft/mssql-operator/internal/validation/security.go:231.2,231.36 1 0
github.com/microsoft/mssql-operator/internal/validation/security.go:231.36,233.3 1 0
github.com/microsoft/mssql-operator/internal/validation/security.go:236.2,237.38 2 0
github.com/microsoft/mssql-operator/internal/validation/security.go:237.38,238.35 1 0
github.com/microsoft/mssql-operator/internal/validation/security.go:238.35,240.4 1 0
github.com/microsoft/mssql-operator/internal/validation/security.go:243.2,243.15 1 0
github.com/microsoft/mssql-operator/internal/validation/security.go:247.69,250.16 2 0
github.com/microsoft/mssql-operator/internal/validation/security.go:250.16,253.3 2 0
github.com/microsoft/mssql-operator/internal/validation/security.go:256.2,257.32 2 0
github.com/microsoft/mssql-operator/internal/validation/security.go:257.32,260.3 1 0
github.com/microsoft/mssql-operator/internal/validation/security.go:262.2,262.15 1 0
github.com/microsoft/mssql-operator/internal/validation/security.go:266.84,270.67 2 0
github.com/microsoft/mssql-operator/internal/validation/security.go:270.67,273.3 1 0
github.com/microsoft/mssql-operator/internal/validation/security.go:276.2,276.24 1 0
github.com/microsoft/mssql-operator/internal/validation/security.go:276.24,278.3 1 0
github.com/microsoft/mssql-operator/internal/validation/security.go:280.2,280.15 1 0
github.com/microsoft/mssql-operator/internal/validation/security.go:284.75,287.17 2 0
github.com/microsoft/mssql-operator/internal/validation/security.go:287.17,289.3 1 0
github.com/microsoft/mssql-operator/internal/validation/security.go:292.2,320.38 3 0
github.com/microsoft/mssql-operator/internal/validation/security.go:320.38,321.41 1 0
github.com/microsoft/mssql-operator/internal/validation/security.go:321.41,324.4 1 0
github.com/microsoft/mssql-operator/internal/validation/security.go:327.2,327.15 1 0
github.com/microsoft/mssql-operator/internal/validation/security.go:331.86,336.38 3 0
github.com/microsoft/mssql-operator/internal/validation/security.go:336.38,337.36 1 0
github.com/microsoft/mssql-operator/internal/validation/security.go:337.36,339.4 1 0
github.com/microsoft/mssql-operator/internal/validation/security.go:342.2,342.15 1 0
github.com/microsoft/mssql-operator/internal/validation/validators.go:48.50,57.2 1 0
github.com/microsoft/mssql-operator/internal/validation/validators.go:67.46,73.2 1 0
github.com/microsoft/mssql-operator/internal/validation/validators.go:76.73,79.2 2 0
github.com/microsoft/mssql-operator/internal/validation/validators.go:82.75,84.2 1 0
github.com/microsoft/mssql-operator/internal/validation/validators.go:87.59,88.18 1 0
github.com/microsoft/mssql-operator/internal/validation/validators.go:88.18,90.3 1 0
github.com/microsoft/mssql-operator/internal/validation/validators.go:91.2,92.52 2 0
github.com/microsoft/mssql-operator/internal/validation/validators.go:102.73,103.19 1 0
github.com/microsoft/mssql-operator/internal/validation/validators.go:103.19,105.3 1 0
github.com/microsoft/mssql-operator/internal/validation/validators.go:106.2,109.3 1 0
github.com/microsoft/mssql-operator/internal/validation/validators.go:113.94,116.16 2 0
github.com/microsoft/mssql-operator/internal/validation/validators.go:116.16,119.3 1 0
github.com/microsoft/mssql-operator/internal/validation/validators.go:121.2,121.39 1 0
github.com/microsoft/mssql-operator/internal/validation/validators.go:121.39,123.3 1 0
github.com/microsoft/mssql-operator/internal/validation/validators.go:126.2,132.16 5 0
github.com/microsoft/mssql-operator/internal/validation/validators.go:132.16,133.29 1 0
github.com/microsoft/mssql-operator/internal/validation/validators.go:133.29,140.50 3 0
github.com/microsoft/mssql-operator/internal/validation/validators.go:140.50,142.5 1 0
github.com/microsoft/mssql-operator/internal/validation/validators.go:142.10,144.5 1 0
github.com/microsoft/mssql-operator/internal/validation/validators.go:145.9,145.51 1 0
github.com/microsoft/mssql-operator/internal/validation/validators.go:145.51,149.4 2 0
github.com/microsoft/mssql-operator/internal/validation/validators.go:149.9,153.4 2 0
github.com/microsoft/mssql-operator/internal/validation/validators.go:156.2,156.15 1 0
github.com/microsoft/mssql-operator/internal/validation/validators.go:160.79,165.51 4 0
github.com/microsoft/mssql-operator/internal/validation/validators.go:165.51,167.3 1 0
github.com/microsoft/mssql-operator/internal/validation/validators.go:169.2,170.34 2 0
github.com/microsoft/mssql-operator/internal/validation/validators.go:170.34,172.3 1 0
github.com/microsoft/mssql-operator/internal/validation/validators.go:174.2,174.21 1 0
github.com/microsoft/mssql-operator/internal/validation/validators.go:174.21,176.3 1 0
github.com/microsoft/mssql-operator/internal/validation/validators.go:177.2,177.14 1 0
github.com/microsoft/mssql-operator/internal/validation/validators.go:181.105,184.16 2 0
github.com/microsoft/mssql-operator/internal/validation/validators.go:184.16,187.3 2 0
github.com/microsoft/mssql-operator/internal/validation/validators.go:189.2,189.39 1 0
github.com/microsoft/mssql-operator/internal/validation/validators.go:189.39,191.3 1 0
github.com/microsoft/mssql-operator/internal/validation/validators.go:194.2,205.16 5 0
github.com/microsoft/mssql-operator/internal/validation/validators.go:205.16,206.29 1 0
github.com/microsoft/mssql-operator/internal/validation/validators.go:206.29,211.44 2 0
github.com/microsoft/mssql-operator/internal/validation/validators.go:211.44,213.5 1 0
github.com/microsoft/mssql-operator/internal/validation/validators.go:213.10,216.5 2 0
github.com/microsoft/mssql-operator/internal/validation/validators.go:217.9,217.51 1 0
github.com/microsoft/mssql-operator/internal/validation/validators.go:217.51,220.4 2 0
github.com/microsoft/mssql-operator/internal/validation/validators.go:225.2,227.15 2 0
github.com/microsoft/mssql-operator/internal/validation/validators.go:242.73,245.16 2 0
github.com/microsoft/mssql-operator/internal/validation/validators.go:245.16,248.3 2 0
github.com/microsoft/mssql-operator/internal/validation/validators.go:250.2,250.27 1 0
github.com/microsoft/mssql-operator/internal/validation/validators.go:250.27,253.3 1 0
github.com/microsoft/mssql-operator/internal/validation/validators.go:256.2,257.32 2 0
github.com/microsoft/mssql-operator/internal/validation/validators.go:257.32,260.3 1 0
github.com/microsoft/mssql-operator/internal/validation/validators.go:262.2,262.15 1 0
github.com/microsoft/mssql-operator/internal/validation/validators.go:266.59,269.2 1 0
github.com/microsoft/mssql-operator/internal/validation/validators.go:272.57,275.21 2 0
github.com/microsoft/mssql-operator/internal/validation/validators.go:275.21,277.3 1 0
github.com/microsoft/mssql-operator/internal/validation/validators.go:279.2,279.17 1 0
github.com/microsoft/mssql-operator/internal/validation/validators.go:279.17,281.3 1 0
github.com/microsoft/mssql-operator/internal/validation/validators.go:284.2,285.33 2 0
github.com/microsoft/mssql-operator/internal/validation/validators.go:285.33,288.3 1 0
github.com/microsoft/mssql-operator/internal/validation/validators.go:290.2,290.15 1 0
github.com/microsoft/mssql-operator/internal/validation/validators.go:294.77,297.20 2 0
github.com/microsoft/mssql-operator/internal/validation/validators.go:297.20,299.3 1 0
github.com/microsoft/mssql-operator/internal/validation/validators.go:301.2,301.28 1 0
github.com/microsoft/mssql-operator/internal/validation/validators.go:301.28,304.3 1 0
github.com/microsoft/mssql-operator/internal/validation/validators.go:306.2,306.15 1 0
[...]
github.com/microsoft/mssql-operator/internal/controller/sqlserver/sqlserver_controller.go:389.2,412.85 2 0
github.com/microsoft/mssql-operator/internal/controller/sqlserver/sqlserver_controller.go:412.85,417.57 2 0
github.com/microsoft/mssql-operator/internal/controller/sqlserver/sqlserver_controller.go:417.57,422.4 1 0
github.com/microsoft/mssql-operator/internal/controller/sqlserver/sqlserver_controller.go:426.2,444.48 3 0
github.com/microsoft/mssql-operator/internal/controller/sqlserver/sqlserver_controller.go:444.48,448.3 1 0
github.com/microsoft/mssql-operator/internal/controller/sqlserver/sqlserver_controller.go:449.2,449.51 1 0
github.com/microsoft/mssql-operator/internal/controller/sqlserver/sqlserver_controller.go:449.51,453.3 1 0
github.com/microsoft/mssql-operator/internal/controller/sqlserver/sqlserver_controller.go:454.2,454.51 1 0
github.com/microsoft/mssql-operator/internal/controller/sqlserver/sqlserver_controller.go:454.51,458.3 1 0
github.com/microsoft/mssql-operator/internal/controller/sqlserver/sqlserver_controller.go:461.2,496.75 2 0
github.com/microsoft/mssql-operator/internal/controller/sqlserver/sqlserver_controller.go:496.75,498.26 2 0
github.com/microsoft/mssql-operator/internal/controller/sqlserver/sqlserver_controller.go:498.26,500.4 1 0
github.com/microsoft/mssql-operator/internal/controller/sqlserver/sqlserver_controller.go:501.3,502.24 2 0
github.com/microsoft/mssql-operator/internal/controller/sqlserver/sqlserver_controller.go:502.24,504.4 1 0
github.com/microsoft/mssql-operator/internal/controller/sqlserver/sqlserver_controller.go:506.3,529.5 1 0
github.com/microsoft/mssql-operator/internal/controller/sqlserver/sqlserver_controller.go:533.2,543.48 2 0
github.com/microsoft/mssql-operator/internal/controller/sqlserver/sqlserver_controller.go:543.48,548.3 1 0
github.com/microsoft/mssql-operator/internal/controller/sqlserver/sqlserver_controller.go:549.2,549.51 1 0
github.com/microsoft/mssql-operator/internal/controller/sqlserver/sqlserver_controller.go:549.51,554.3 1 0
github.com/microsoft/mssql-operator/internal/controller/sqlserver/sqlserver_controller.go:555.2,555.51 1 0
github.com/microsoft/mssql-operator/internal/controller/sqlserver/sqlserver_controller.go:555.51,560.3 1 0
github.com/microsoft/mssql-operator/internal/controller/sqlserver/sqlserver_controller.go:562.2,594.12 2 0
github.com/microsoft/mssql-operator/internal/controller/sqlserver/sqlserver_controller.go:598.107,600.22 2 0
github.com/microsoft/mssql-operator/internal/controller/sqlserver/sqlserver_controller.go:600.22,602.3 1 0
github.com/microsoft/mssql-operator/internal/controller/sqlserver/sqlserver_controller.go:604.2,613.29 2 0
github.com/microsoft/mssql-operator/internal/controller/sqlserver/sqlserver_controller.go:613.29,615.3 1 0
github.com/microsoft/mssql-operator/internal/controller/sqlserver/sqlserver_controller.go:616.2,616.25 1 0
github.com/microsoft/mssql-operator/internal/controller/sqlserver/sqlserver_controller.go:616.25,618.3 1 0
github.com/microsoft/mssql-operator/internal/controller/sqlserver/sqlserver_controller.go:620.2,620.13 1 0
github.com/microsoft/mssql-operator/internal/controller/sqlserver/sqlserver_controller.go:624.107,629.116 3 0
github.com/microsoft/mssql-operator/internal/controller/sqlserver/sqlserver_controller.go:629.116,630.29 1 0
github.com/microsoft/mssql-operator/internal/controller/sqlserver/sqlserver_controller.go:630.29,632.4 1 0
github.com/microsoft/mssql-operator/internal/controller/sqlserver/sqlserver_controller.go:633.3,633.13 1 0
github.com/microsoft/mssql-operator/internal/controller/sqlserver/sqlserver_controller.go:637.2,642.58 3 0
github.com/microsoft/mssql-operator/internal/controller/sqlserver/sqlserver_controller.go:642.58,644.3 1 0
github.com/microsoft/mssql-operator/internal/controller/sqlserver/sqlserver_controller.go:647.2,649.36 3 0
github.com/microsoft/mssql-operator/internal/controller/sqlserver/sqlserver_controller.go:649.36,651.46 2 0
github.com/microsoft/mssql-operator/internal/controller/sqlserver/sqlserver_controller.go:651.46,652.75 1 0
github.com/microsoft/mssql-operator/internal/controller/sqlserver/sqlserver_controller.go:652.75,655.10 3 0
github.com/microsoft/mssql-operator/internal/controller/sqlserver/sqlserver_controller.go:658.3,664.5 1 0
github.com/microsoft/mssql-operator/internal/controller/sqlserver/sqlserver_controller.go:668.2,669.70 2 0
github.com/microsoft/mssql-operator/internal/controller/sqlserver/sqlserver_controller.go:669.70,671.3 1 0
github.com/microsoft/mssql-operator/internal/controller/sqlserver/sqlserver_controller.go:671.8,671.27 1 0
github.com/microsoft/mssql-operator/internal/controller/sqlserver/sqlserver_controller.go:671.27,673.3 1 0
github.com/microsoft/mssql-operator/internal/controller/sqlserver/sqlserver_controller.go:676.2,691.28 8 0
github.com/microsoft/mssql-operator/internal/controller/sqlserver/sqlserver_controller.go:691.28,695.3 3 0
github.com/microsoft/mssql-operator/internal/controller/sqlserver/sqlserver_controller.go:696.2,699.42 3 0
github.com/microsoft/mssql-operator/internal/controller/sqlserver/sqlserver_controller.go:703.120,706.2 2 0
github.com/microsoft/mssql-operator/internal/controller/sqlserver/sqlserver_controller.go:709.124,712.62 2 0
github.com/microsoft/mssql-operator/internal/controller/sqlserver/sqlserver_controller.go:712.62,721.50 4 0
github.com/microsoft/mssql-operator/internal/controller/sqlserver/sqlserver_controller.go:721.50,723.4 1 0
github.com/microsoft/mssql-operator/internal/controller/sqlserver/sqlserver_controller.go:726.2,726.27 1 0
github.com/microsoft/mssql-operator/internal/controller/sqlserver/sqlserver_controller.go:730.104,738.77 2 0
github.com/microsoft/mssql-operator/internal/controller/sqlserver/sqlserver_controller.go:738.77,739.52 1 0
github.com/microsoft/mssql-operator/internal/controller/sqlserver/sqlserver_controller.go:739.52,741.4 1 0
github.com/microsoft/mssql-operator/internal/controller/sqlserver/sqlserver_controller.go:743.2,743.15 1 0
github.com/microsoft/mssql-operator/internal/controller/sqlserver/sqlserver_controller.go:747.112,752.2 1 0
github.com/microsoft/mssql-operator/internal/controller/sqlserver/sqlserver_controller.go:755.85,765.2 1 0
github.com/microsoft/mssql-operator/internal/controller/sqlserver/sqlserver_controller.go:768.52,769.29 1 0
github.com/microsoft/mssql-operator/internal/controller/sqlserver/sqlserver_controller.go:769.29,770.16 1 0
github.com/microsoft/mssql-operator/internal/controller/sqlserver/sqlserver_controller.go:770.16,772.4 1 0
github.com/microsoft/mssql-operator/internal/controller/sqlserver/sqlserver_controller.go:774.2,774.14 1 0
github.com/microsoft/mssql-operator/internal/controller/sqlserver/sqlserver_controller.go:777.54,779.29 2 0
github.com/microsoft/mssql-operator/internal/controller/sqlserver/sqlserver_controller.go:779.29,780.16 1 0
github.com/microsoft/mssql-operator/internal/controller/sqlserver/sqlserver_controller.go:780.16,782.4 1 0
github.com/microsoft/mssql-operator/internal/controller/sqlserver/sqlserver_controller.go:784.2,784.15 1 0
github.com/microsoft/mssql-operator/internal/webhook/sqlserver_webhook.go:35.102,36.19 1 0
github.com/microsoft/mssql-operator/internal/webhook/sqlserver_webhook.go:36.19,38.3 1 0
github.com/microsoft/mssql-operator/internal/webhook/sqlserver_webhook.go:39.2,42.3 1 0
github.com/microsoft/mssql-operator/internal/webhook/sqlserver_webhook.go:46.100,50.16 3 0
github.com/microsoft/mssql-operator/internal/webhook/sqlserver_webhook.go:50.16,52.3 1 0
github.com/microsoft/mssql-operator/internal/webhook/sqlserver_webhook.go:54.2,60.42 3 0
github.com/microsoft/mssql-operator/internal/webhook/sqlserver_webhook.go:60.42,62.3 1 0
github.com/microsoft/mssql-operator/internal/webhook/sqlserver_webhook.go:64.2,64.19 1 0
github.com/microsoft/mssql-operator/internal/webhook/sqlserver_webhook.go:64.19,68.3 3 0
github.com/microsoft/mssql-operator/internal/webhook/sqlserver_webhook.go:71.2,71.30 1 0
github.com/microsoft/mssql-operator/internal/webhook/sqlserver_webhook.go:71.30,73.3 1 0
github.com/microsoft/mssql-operator/internal/webhook/sqlserver_webhook.go:75.2,75.30 1 0
github.com/microsoft/mssql-operator/internal/webhook/sqlserver_webhook.go:79.125,89.122 5 0
github.com/microsoft/mssql-operator/internal/webhook/sqlserver_webhook.go:89.122,92.3 2 0
github.com/microsoft/mssql-operator/internal/webhook/sqlserver_webhook.go:94.2,94.166 1 0
github.com/microsoft/mssql-operator/internal/webhook/sqlserver_webhook.go:94.166,97.3 2 0
github.com/microsoft/mssql-operator/internal/webhook/sqlserver_webhook.go:99.2,99.175 1 0
github.com/microsoft/mssql-operator/internal/webhook/sqlserver_webhook.go:99.175,102.3 2 0
github.com/microsoft/mssql-operator/internal/webhook/sqlserver_webhook.go:104.2,104.175 1 0
github.com/microsoft/mssql-operator/internal/webhook/sqlserver_webhook.go:104.175,107.3 2 0
github.com/microsoft/mssql-operator/internal/webhook/sqlserver_webhook.go:110.2,110.63 1 0
github.com/microsoft/mssql-operator/internal/webhook/sqlserver_webhook.go:110.63,118.3 4 0
github.com/microsoft/mssql-operator/internal/webhook/sqlserver_webhook.go:118.8,120.3 1 0
github.com/microsoft/mssql-operator/internal/webhook/sqlserver_webhook.go:123.2,123.41 1 0
github.com/microsoft/mssql-operator/internal/webhook/sqlserver_webhook.go:123.41,126.3 2 0
github.com/microsoft/mssql-operator/internal/webhook/sqlserver_webhook.go:129.2,129.62 1 0
github.com/microsoft/mssql-operator/internal/webhook/sqlserver_webhook.go:129.62,132.3 2 0
github.com/microsoft/mssql-operator/internal/webhook/sqlserver_webhook.go:135.2,135.70 1 0
github.com/microsoft/mssql-operator/internal/webhook/sqlserver_webhook.go:135.70,138.3 2 0
github.com/microsoft/mssql-operator/internal/webhook/sqlserver_webhook.go:141.2,141.36 1 0
github.com/microsoft/mssql-operator/internal/webhook/sqlserver_webhook.go:141.36,142.54 1 0
github.com/microsoft/mssql-operator/internal/webhook/sqlserver_webhook.go:142.54,144.26 2 0
github.com/microsoft/mssql-operator/internal/webhook/sqlserver_webhook.go:144.26,145.44 1 0
github.com/microsoft/mssql-operator/internal/webhook/sqlserver_webhook.go:145.44,147.6 1 0
github.com/microsoft/mssql-operator/internal/webhook/sqlserver_webhook.go:152.2,152.15 1 0
github.com/microsoft/mssql-operator/internal/webhook/sqlserver_webhook.go:156.142,161.21 4 0
github.com/microsoft/mssql-operator/internal/webhook/sqlserver_webhook.go:161.21,163.3 1 0
github.com/microsoft/mssql-operator/internal/webhook/sqlserver_webhook.go:166.2,172.16 3 0
github.com/microsoft/mssql-operator/internal/webhook/sqlserver_webhook.go:172.16,173.29 1 0
github.com/microsoft/mssql-operator/internal/webhook/sqlserver_webhook.go:173.29,178.44 2 0
github.com/microsoft/mssql-operator/internal/webhook/sqlserver_webhook.go:178.44,180.5 1 0
github.com/microsoft/mssql-operator/internal/webhook/sqlserver_webhook.go:180.10,182.5 1 0
github.com/microsoft/mssql-operator/internal/webhook/sqlserver_webhook.go:183.4,183.17 1 0
github.com/microsoft/mssql-operator/internal/webhook/sqlserver_webhook.go:186.3,187.16 2 0
github.com/microsoft/mssql-operator/internal/webhook/sqlserver_webhook.go:191.2,191.46 1 0
github.com/microsoft/mssql-operator/internal/webhook/sqlserver_webhook.go:191.46,193.14 2 0
github.com/microsoft/mssql-operator/internal/webhook/sqlserver_webhook.go:193.14,196.4 2 0
github.com/microsoft/mssql-operator/internal/webhook/sqlserver_webhook.go:198.3,200.22 3 0
github.com/microsoft/mssql-operator/internal/webhook/sqlserver_webhook.go:200.22,202.4 1 0
github.com/microsoft/mssql-operator/internal/webhook/sqlserver_webhook.go:205.2,205.15 1 0
github.com/microsoft/mssql-operator/internal/webhook/sqlserver_webhook.go:209.72,212.2 2 0
github.com/microsoft/mssql-operator/internal/webhook/sqlserverag_webhook.go:31.106,32.19 1 0
github.com/microsoft/mssql-operator/internal/webhook/sqlserverag_webhook.go:32.19,34.3 1 0
github.com/microsoft/mssql-operator/internal/webhook/sqlserverag_webhook.go:35.2,38.3 1 0
github.com/microsoft/mssql-operator/internal/webhook/sqlserverag_webhook.go:42.102,46.16 3 0
github.com/microsoft/mssql-operator/internal/webhook/sqlserverag_webhook.go:46.16,48.3 1 0
github.com/microsoft/mssql-operator/internal/webhook/sqlserverag_webhook.go:50.2,56.42 3 0
github.com/microsoft/mssql-operator/internal/webhook/sqlserverag_webhook.go:56.42,58.3 1 0
github.com/microsoft/mssql-operator/internal/webhook/sqlserverag_webhook.go:60.2,60.19 1 0
github.com/microsoft/mssql-operator/internal/webhook/sqlserverag_webhook.go:60.19,64.3 3 0
github.com/microsoft/mssql-operator/internal/webhook/sqlserverag_webhook.go:67.2,67.30 1 0
github.com/microsoft/mssql-operator/internal/webhook/sqlserverag_webhook.go:67.30,69.3 1 0
github.com/microsoft/mssql-operator/internal/webhook/sqlserverag_webhook.go:71.2,71.30 1 0
github.com/microsoft/mssql-operator/internal/webhook/sqlserverag_webhook.go:75.122,87.57 6 0
github.com/microsoft/mssql-operator/internal/webhook/sqlserverag_webhook.go:87.57,92.26 3 0
github.com/microsoft/mssql-operator/internal/webhook/sqlserverag_webhook.go:92.26,95.4 2 0
github.com/microsoft/mssql-operator/internal/webhook/sqlserverag_webhook.go:99.2,100.18 2 0
github.com/microsoft/mssql-operator/internal/webhook/sqlserverag_webhook.go:100.18,102.3 1 0
github.com/microsoft/mssql-operator/internal/webhook/sqlserverag_webhook.go:103.2,103.18 1 0
github.com/microsoft/mssql-operator/internal/webhook/sqlserverag_webhook.go:103.18,105.3 1 0
github.com/microsoft/mssql-operator/internal/webhook/sqlserverag_webhook.go:108.2,108.48 1 0
github.com/microsoft/mssql-operator/internal/webhook/sqlserverag_webhook.go:108.48,111.3 2 0
github.com/microsoft/mssql-operator/internal/webhook/sqlserverag_webhook.go:114.2,114.30 1 0
github.com/microsoft/mssql-operator/internal/webhook/sqlserverag_webhook.go:114.30,115.77 1 0
github.com/microsoft/mssql-operator/internal/webhook/sqlserverag_webhook.go:115.77,118.4 2 0
github.com/microsoft/mssql-operator/internal/webhook/sqlserverag_webhook.go:119.3,119.81 1 0
github.com/microsoft/mssql-operator/internal/webhook/sqlserverag_webhook.go:119.81,122.4 2 0
github.com/microsoft/mssql-operator/internal/webhook/sqlserverag_webhook.go:126.2,126.37 1 0
github.com/microsoft/mssql-operator/internal/webhook/sqlserverag_webhook.go:126.37,128.3 1 0
github.com/microsoft/mssql-operator/internal/webhook/sqlserverag_webhook.go:128.8,131.3 2 0
github.com/microsoft/mssql-operator/internal/webhook/sqlserverag_webhook.go:134.2,134.59 1 0
github.com/microsoft/mssql-operator/internal/webhook/sqlserverag_webhook.go:134.59,137.3 2 0
github.com/microsoft/mssql-operator/internal/webhook/sqlserverag_webhook.go:140.2,140.30 1 0
github.com/microsoft/mssql-operator/internal/webhook/sqlserverag_webhook.go:140.30,141.39 1 0
github.com/microsoft/mssql-operator/internal/webhook/sqlserverag_webhook.go:141.39,142.62 1 0
github.com/microsoft/mssql-operator/internal/webhook/sqlserverag_webhook.go:142.62,144.27 2 0
github.com/microsoft/mssql-operator/internal/webhook/sqlserverag_webhook.go:144.27,145.45 1 0
github.com/microsoft/mssql-operator/internal/webhook/sqlserverag_webhook.go:145.45,147.7 1 0
github.com/microsoft/mssql-operator/internal/webhook/sqlserverag_webhook.go:154.2,157.15 3 0
github.com/microsoft/mssql-operator/internal/webhook/sqlserverag_webhook.go:161.144,171.34 5 0
github.com/microsoft/mssql-operator/internal/webhook/sqlserverag_webhook.go:171.34,173.3 1 0
github.com/microsoft/mssql-operator/internal/webhook/sqlserverag_webhook.go:176.2,176.36 1 0
github.com/microsoft/mssql-operator/internal/webhook/sqlserverag_webhook.go:176.36,179.3 1 0
github.com/microsoft/mssql-operator/internal/webhook/sqlserverag_webhook.go:182.2,182.18 1 0
github.com/microsoft/mssql-operator/internal/webhook/sqlserverag_webhook.go:182.18,184.48 1 0
github.com/microsoft/mssql-operator/internal/webhook/sqlserverag_webhook.go:184.48,186.4 1 0
github.com/microsoft/mssql-operator/internal/webhook/sqlserverag_webhook.go:186.9,188.42 2 0
github.com/microsoft/mssql-operator/internal/webhook/sqlserverag_webhook.go:188.42,190.5 1 0
github.com/microsoft/mssql-operator/internal/webhook/sqlserverag_webhook.go:193.4,195.44 3 0
github.com/microsoft/mssql-operator/internal/webhook/sqlserverag_webhook.go:195.44,197.5 1 0
github.com/microsoft/mssql-operator/internal/webhook/sqlserverag_webhook.go:198.4,198.47 1 0
github.com/microsoft/mssql-operator/internal/webhook/sqlserverag_webhook.go:198.47,200.5 1 0
github.com/microsoft/mssql-operator/internal/webhook/sqlserverag_webhook.go:203.3,203.47 1 0
github.com/microsoft/mssql-operator/internal/webhook/sqlserverag_webhook.go:203.47,205.4 1 0
github.com/microsoft/mssql-operator/internal/webhook/sqlserverag_webhook.go:208.3,208.48 1 0
github.com/microsoft/mssql-operator/internal/webhook/sqlserverag_webhook.go:208.48,210.4 1 0
github.com/microsoft/mssql-operator/internal/webhook/sqlserverag_webhook.go:210.9,212.42 2 0
github.com/microsoft/mssql-operator/internal/webhook/sqlserverag_webhook.go:212.42,214.5 1 0
github.com/microsoft/mssql-operator/internal/webhook/sqlserverag_webhook.go:217.4,217.82 1 0
github.com/microsoft/mssql-operator/internal/webhook/sqlserverag_webhook.go:217.82,220.45 3 0
github.com/microsoft/mssql-operator/internal/webhook/sqlserverag_webhook.go:220.45,222.6 1 0
github.com/microsoft/mssql-operator/internal/webhook/sqlserverag_webhook.go:223.5,223.48 1 0
github.com/microsoft/mssql-operator/internal/webhook/sqlserverag_webhook.go:223.48,225.6 1 0
github.com/microsoft/mssql-operator/internal/webhook/sqlserverag_webhook.go:229.3,229.47 1 0
github.com/microsoft/mssql-operator/internal/webhook/sqlserverag_webhook.go:229.47,231.4 1 0
github.com/microsoft/mssql-operator/internal/webhook/sqlserverag_webhook.go:235.2,235.18 1 0
github.com/microsoft/mssql-operator/internal/webhook/sqlserverag_webhook.go:235.18,241.27 2 0
github.com/microsoft/mssql-operator/internal/webhook/sqlserverag_webhook.go:241.27,248.4 4 0
github.com/microsoft/mssql-operator/internal/webhook/sqlserverag_webhook.go:248.9,250.4 1 0
github.com/microsoft/mssql-operator/internal/webhook/sqlserverag_webhook.go:253.3,253.27 1 0
github.com/microsoft/mssql-operator/internal/webhook/sqlserverag_webhook.go:253.27,255.25 2 0
github.com/microsoft/mssql-operator/internal/webhook/sqlserverag_webhook.go:255.25,257.5 1 0
github.com/microsoft/mssql-operator/internal/webhook/sqlserverag_webhook.go:258.9,260.4 1 0
github.com/microsoft/mssql-operator/internal/webhook/sqlserverag_webhook.go:264.2,264.87 1 0
github.com/microsoft/mssql-operator/internal/webhook/sqlserverag_webhook.go:264.87,270.49 4 0
github.com/microsoft/mssql-operator/internal/webhook/sqlserverag_webhook.go:270.49,272.4 1 0
github.com/microsoft/mssql-operator/internal/webhook/sqlserverag_webhook.go:274.3,274.26 1 0
github.com/microsoft/mssql-operator/internal/webhook/sqlserverag_webhook.go:274.26,275.56 1 0
github.com/microsoft/mssql-operator/internal/webhook/sqlserverag_webhook.go:275.56,277.5 1 0
github.com/microsoft/mssql-operator/internal/webhook/sqlserverag_webhook.go:278.4,278.55 1 0
github.com/microsoft/mssql-operator/internal/webhook/sqlserverag_webhook.go:278.55,280.5 1 0
github.com/microsoft/mssql-operator/internal/webhook/sqlserverag_webhook.go:281.4,281.56 1 0
github.com/microsoft/mssql-operator/internal/webhook/sqlserverag_webhook.go:281.56,283.5 1 0
github.com/microsoft/mssql-operator/internal/webhook/sqlserverag_webhook.go:284.4,284.55 1 0
github.com/microsoft/mssql-operator/internal/webhook/sqlserverag_webhook.go:284.55,286.5 1 0
github.com/microsoft/mssql-operator/internal/webhook/sqlserverag_webhook.go:289.3,289.26 1 0
github.com/microsoft/mssql-operator/internal/webhook/sqlserverag_webhook.go:289.26,292.35 2 0
github.com/microsoft/mssql-operator/internal/webhook/sqlserverag_webhook.go:292.35,295.5 2 0
github.com/microsoft/mssql-operator/internal/webhook/sqlserverag_webhook.go:299.2,299.15 1 0
github.com/microsoft/mssql-operator/internal/webhook/sqlserverag_webhook.go:303.74,306.2 2 0
